[0.052s] Invoking command in '/home/kha/robot_ws/build/csm': CMAKE_PREFIX_PATH=${CMAKE_PREFIX_PATH}:/home/kha/robot_ws/install/ired_teleop:/home/kha/robot_ws/install/gantry_commander:/opt/ros/jazzy DEBUGINFOD_URLS=https://debuginfod.ubuntu.com /usr/bin/cmake /home/kha/robot_ws/src/robot/cms -DCMAKE_INSTALL_PREFIX=/home/kha/robot_ws/install/csm
[0.608s] -- Found ament_cmake: 2.5.4 (/opt/ros/jazzy/share/ament_cmake/cmake)
[0.608s] -- Override CMake install command with custom implementation using symlinks instead of copying resources
[0.608s] -- Found rclcpp: 28.1.13 (/opt/ros/jazzy/share/rclcpp/cmake)
[0.608s] -- Found rosidl_generator_c: 4.6.6 (/opt/ros/jazzy/share/rosidl_generator_c/cmake)
[0.609s] -- Found rosidl_generator_cpp: 4.6.6 (/opt/ros/jazzy/share/rosidl_generator_cpp/cmake)
[0.609s] -- Using all available rosidl_typesupport_c: rosidl_typesupport_fastrtps_c;rosidl_typesupport_introspection_c
[0.609s] -- Using all available rosidl_typesupport_cpp: rosidl_typesupport_fastrtps_cpp;rosidl_typesupport_introspection_cpp
[0.609s] -- Found rmw_implementation_cmake: 7.3.2 (/opt/ros/jazzy/share/rmw_implementation_cmake/cmake)
[0.610s] -- Found rmw_fastrtps_cpp: 8.4.3 (/opt/ros/jazzy/share/rmw_fastrtps_cpp/cmake)
[0.610s] -- Using RMW implementation 'rmw_fastrtps_cpp' as default
[0.822s] -- Configuring done (0.8s)
[0.842s] -- Generating done (0.0s)
[0.845s] -- Build files have been written to: /home/kha/robot_ws/build/csm
[0.856s] Invoked command in '/home/kha/robot_ws/build/csm' returned '0': CMAKE_PREFIX_PATH=${CMAKE_PREFIX_PATH}:/home/kha/robot_ws/install/ired_teleop:/home/kha/robot_ws/install/gantry_commander:/opt/ros/jazzy DEBUGINFOD_URLS=https://debuginfod.ubuntu.com /usr/bin/cmake /home/kha/robot_ws/src/robot/cms -DCMAKE_INSTALL_PREFIX=/home/kha/robot_ws/install/csm
[0.857s] Invoking command in '/home/kha/robot_ws/build/csm': CMAKE_PREFIX_PATH=${CMAKE_PREFIX_PATH}:/home/kha/robot_ws/install/ired_teleop:/home/kha/robot_ws/install/gantry_commander:/opt/ros/jazzy DEBUGINFOD_URLS=https://debuginfod.ubuntu.com /usr/bin/cmake --build /home/kha/robot_ws/build/csm -- -j12 -l12
[1.003s] [100%] Built target csm
[1.018s] Invoked command in '/home/kha/robot_ws/build/csm' returned '0': CMAKE_PREFIX_PATH=${CMAKE_PREFIX_PATH}:/home/kha/robot_ws/install/ired_teleop:/home/kha/robot_ws/install/gantry_commander:/opt/ros/jazzy DEBUGINFOD_URLS=https://debuginfod.ubuntu.com /usr/bin/cmake --build /home/kha/robot_ws/build/csm -- -j12 -l12
[1.020s] Invoking command in '/home/kha/robot_ws/build/csm': CMAKE_PREFIX_PATH=${CMAKE_PREFIX_PATH}:/home/kha/robot_ws/install/ired_teleop:/home/kha/robot_ws/install/gantry_commander:/opt/ros/jazzy DEBUGINFOD_URLS=https://debuginfod.ubuntu.com /usr/bin/cmake --install /home/kha/robot_ws/build/csm
[1.030s] -- Install configuration: ""
[1.030s] -- Execute custom install script
[1.031s] -- Up-to-date symlink: /home/kha/robot_ws/install/csm/lib/libcsm.so
[1.031s] -- Up-to-date symlink: /home/kha/robot_ws/install/csm/include/..//include/csm/algos.h
[1.031s] -- Up-to-date symlink: /home/kha/robot_ws/install/csm/include/..//include/csm/csm.h
[1.032s] -- Up-to-date symlink: /home/kha/robot_ws/install/csm/include/..//include/csm/laser_data.h
[1.032s] -- Up-to-date symlink: /home/kha/robot_ws/install/csm/include/..//include/csm/laser_data_inline.h
[1.032s] -- Up-to-date symlink: /home/kha/robot_ws/install/csm/include/..//include/csm/restrict.h
[1.032s] -- Up-to-date symlink: /home/kha/robot_ws/install/csm/include/..//include/gsl_eigen/gsl_eigen.h
[1.033s] -- Up-to-date symlink: /home/kha/robot_ws/install/csm/share/csm/resource/csm
[1.033s] -- Up-to-date symlink: /home/kha/robot_ws/install/csm/include/../gsl_eigen/gsl_eigen.h
[1.034s] -- Up-to-date symlink: /home/kha/robot_ws/install/csm/share/csm/environment/library_path.sh
[1.034s] -- Up-to-date symlink: /home/kha/robot_ws/install/csm/share/csm/environment/library_path.dsv
[1.034s] -- Up-to-date symlink: /home/kha/robot_ws/install/csm/share/ament_index/resource_index/package_run_dependencies/csm
[1.035s] -- Up-to-date symlink: /home/kha/robot_ws/install/csm/share/ament_index/resource_index/parent_prefix_path/csm
[1.035s] -- Up-to-date symlink: /home/kha/robot_ws/install/csm/share/csm/environment/ament_prefix_path.sh
[1.035s] -- Up-to-date symlink: /home/kha/robot_ws/install/csm/share/csm/environment/ament_prefix_path.dsv
[1.035s] -- Up-to-date symlink: /home/kha/robot_ws/install/csm/share/csm/environment/path.sh
[1.035s] -- Up-to-date symlink: /home/kha/robot_ws/install/csm/share/csm/environment/path.dsv
[1.036s] -- Up-to-date symlink: /home/kha/robot_ws/install/csm/share/csm/local_setup.bash
[1.036s] -- Up-to-date symlink: /home/kha/robot_ws/install/csm/share/csm/local_setup.sh
[1.036s] -- Up-to-date symlink: /home/kha/robot_ws/install/csm/share/csm/local_setup.zsh
[1.036s] -- Up-to-date symlink: /home/kha/robot_ws/install/csm/share/csm/local_setup.dsv
[1.037s] -- Symlinking: /home/kha/robot_ws/install/csm/share/csm/package.dsv
[1.049s] -- Up-to-date symlink: /home/kha/robot_ws/install/csm/share/ament_index/resource_index/packages/csm
[1.049s] -- Up-to-date symlink: /home/kha/robot_ws/install/csm/share/csm/cmake/ament_cmake_export_dependencies-extras.cmake
[1.049s] -- Up-to-date symlink: /home/kha/robot_ws/install/csm/share/csm/cmake/ament_cmake_export_include_directories-extras.cmake
[1.050s] -- Up-to-date symlink: /home/kha/robot_ws/install/csm/share/csm/cmake/ament_cmake_export_libraries-extras.cmake
[1.050s] -- Up-to-date symlink: /home/kha/robot_ws/install/csm/share/csm/cmake/csmConfig.cmake
[1.050s] -- Up-to-date symlink: /home/kha/robot_ws/install/csm/share/csm/cmake/csmConfig-version.cmake
[1.050s] -- Up-to-date symlink: /home/kha/robot_ws/install/csm/share/csm/package.xml
[1.053s] Invoked command in '/home/kha/robot_ws/build/csm' returned '0': CMAKE_PREFIX_PATH=${CMAKE_PREFIX_PATH}:/home/kha/robot_ws/install/ired_teleop:/home/kha/robot_ws/install/gantry_commander:/opt/ros/jazzy DEBUGINFOD_URLS=https://debuginfod.ubuntu.com /usr/bin/cmake --install /home/kha/robot_ws/build/csm
