[0.299s] Invoking command in '/home/kha/robot_ws/build/ired_navigation': CMAKE_PREFIX_PATH=${CMAKE_PREFIX_PATH}:/home/kha/robot_ws/install/ired_teleop:/home/kha/robot_ws/install/gantry_commander:/opt/ros/jazzy DEBUGINFOD_URLS=https://debuginfod.ubuntu.com /usr/bin/cmake --build /home/kha/robot_ws/build/ired_navigation -- -j12 -l12
[0.596s] Invoked command in '/home/kha/robot_ws/build/ired_navigation' returned '0': CMAKE_PREFIX_PATH=${CMAKE_PREFIX_PATH}:/home/kha/robot_ws/install/ired_teleop:/home/kha/robot_ws/install/gantry_commander:/opt/ros/jazzy DEBUGINFOD_URLS=https://debuginfod.ubuntu.com /usr/bin/cmake --build /home/kha/robot_ws/build/ired_navigation -- -j12 -l12
[0.597s] Invoking command in '/home/kha/robot_ws/build/ired_navigation': CMAKE_PREFIX_PATH=${CMAKE_PREFIX_PATH}:/home/kha/robot_ws/install/ired_teleop:/home/kha/robot_ws/install/gantry_commander:/opt/ros/jazzy DEBUGINFOD_URLS=https://debuginfod.ubuntu.com /usr/bin/cmake --install /home/kha/robot_ws/build/ired_navigation
[0.610s] -- Install configuration: ""
[0.610s] -- Execute custom install script
[0.611s] -- Up-to-date symlink: /home/kha/robot_ws/install/ired_navigation/share/ired_navigation/config/ired_rplidar_2d.lua
[0.611s] -- Up-to-date symlink: /home/kha/robot_ws/install/ired_navigation/share/ired_navigation/launch/navigation.launch.py
[0.611s] -- Up-to-date symlink: /home/kha/robot_ws/install/ired_navigation/share/ired_navigation/launch/occupancy_grid.launch.py
[0.612s] -- Up-to-date symlink: /home/kha/robot_ws/install/ired_navigation/share/ired_navigation/launch/save_map.launch.py
[0.613s] -- Up-to-date symlink: /home/kha/robot_ws/install/ired_navigation/share/ired_navigation/launch/slam.launch.py
[0.613s] -- Up-to-date symlink: /home/kha/robot_ws/install/ired_navigation/share/ired_navigation/maps/1
[0.614s] -- Up-to-date symlink: /home/kha/robot_ws/install/ired_navigation/share/ired_navigation/maps/map.pgm
[0.614s] -- Up-to-date symlink: /home/kha/robot_ws/install/ired_navigation/share/ired_navigation/maps/map.yaml
[0.615s] -- Up-to-date symlink: /home/kha/robot_ws/install/ired_navigation/share/ired_navigation/param/navigation.yaml
[0.615s] -- Up-to-date symlink: /home/kha/robot_ws/install/ired_navigation/share/ament_index/resource_index/package_run_dependencies/ired_navigation
[0.615s] -- Up-to-date symlink: /home/kha/robot_ws/install/ired_navigation/share/ament_index/resource_index/parent_prefix_path/ired_navigation
[0.616s] -- Up-to-date symlink: /home/kha/robot_ws/install/ired_navigation/share/ired_navigation/environment/ament_prefix_path.sh
[0.617s] -- Up-to-date symlink: /home/kha/robot_ws/install/ired_navigation/share/ired_navigation/environment/ament_prefix_path.dsv
[0.617s] -- Up-to-date symlink: /home/kha/robot_ws/install/ired_navigation/share/ired_navigation/environment/path.sh
[0.617s] -- Up-to-date symlink: /home/kha/robot_ws/install/ired_navigation/share/ired_navigation/environment/path.dsv
[0.618s] -- Up-to-date symlink: /home/kha/robot_ws/install/ired_navigation/share/ired_navigation/local_setup.bash
[0.618s] -- Up-to-date symlink: /home/kha/robot_ws/install/ired_navigation/share/ired_navigation/local_setup.sh
[0.619s] -- Up-to-date symlink: /home/kha/robot_ws/install/ired_navigation/share/ired_navigation/local_setup.zsh
[0.619s] -- Up-to-date symlink: /home/kha/robot_ws/install/ired_navigation/share/ired_navigation/local_setup.dsv
[0.619s] -- Symlinking: /home/kha/robot_ws/install/ired_navigation/share/ired_navigation/package.dsv
[0.631s] -- Up-to-date symlink: /home/kha/robot_ws/install/ired_navigation/share/ament_index/resource_index/packages/ired_navigation
[0.631s] -- Up-to-date symlink: /home/kha/robot_ws/install/ired_navigation/share/ired_navigation/cmake/ired_navigationConfig.cmake
[0.631s] -- Up-to-date symlink: /home/kha/robot_ws/install/ired_navigation/share/ired_navigation/cmake/ired_navigationConfig-version.cmake
[0.634s] -- Up-to-date symlink: /home/kha/robot_ws/install/ired_navigation/share/ired_navigation/package.xml
[0.674s] Invoked command in '/home/kha/robot_ws/build/ired_navigation' returned '0': CMAKE_PREFIX_PATH=${CMAKE_PREFIX_PATH}:/home/kha/robot_ws/install/ired_teleop:/home/kha/robot_ws/install/gantry_commander:/opt/ros/jazzy DEBUGINFOD_URLS=https://debuginfod.ubuntu.com /usr/bin/cmake --install /home/kha/robot_ws/build/ired_navigation
