[2.337s] Invoking command in '/home/kha/robot_ws/build/ired_teleop': DEBUGINFOD_URLS=https://debuginfod.ubuntu.com PYTHONPATH=/home/kha/robot_ws/build/ired_teleop/prefix_override:/usr/lib/python3/dist-packages/colcon_core/task/python/colcon_distutils_commands:/home/kha/robot_ws/install/ired_teleop/lib/python3.12/site-packages:${PYTHONPATH} /usr/bin/python3 -W ignore:setup.py install is deprecated -W ignore:easy_install command is deprecated setup.py develop --editable --build-directory /home/kha/robot_ws/build/ired_teleop/build --no-deps symlink_data
[3.616s] running develop
[4.492s] running egg_info
[4.493s] creating ired_teleop.egg-info
[4.624s] writing ired_teleop.egg-info/PKG-INFO
[4.625s] writing dependency_links to ired_teleop.egg-info/dependency_links.txt
[4.625s] writing entry points to ired_teleop.egg-info/entry_points.txt
[4.626s] writing requirements to ired_teleop.egg-info/requires.txt
[4.626s] writing top-level names to ired_teleop.egg-info/top_level.txt
[4.626s] writing manifest file 'ired_teleop.egg-info/SOURCES.txt'
[4.774s] reading manifest file 'ired_teleop.egg-info/SOURCES.txt'
[4.775s] writing manifest file 'ired_teleop.egg-info/SOURCES.txt'
[4.848s] running build_ext
[4.848s] Creating /home/kha/robot_ws/install/ired_teleop/lib/python3.12/site-packages/ired-teleop.egg-link (link to .)
[4.848s] Installing teleop_keyboard script to /home/kha/robot_ws/install/ired_teleop/lib/ired_teleop
[4.849s] 
[4.849s] Installed /home/kha/robot_ws/build/ired_teleop
[4.849s] running symlink_data
[4.852s] creating /home/kha/robot_ws/install/ired_teleop/share/ament_index
[4.853s] creating /home/kha/robot_ws/install/ired_teleop/share/ament_index/resource_index
[4.853s] creating /home/kha/robot_ws/install/ired_teleop/share/ament_index/resource_index/packages
[4.853s] symbolically linking /home/kha/robot_ws/build/ired_teleop/resource/ired_teleop -> /home/kha/robot_ws/install/ired_teleop/share/ament_index/resource_index/packages
[4.853s] symbolically linking /home/kha/robot_ws/build/ired_teleop/package.xml -> /home/kha/robot_ws/install/ired_teleop/share/ired_teleop
[4.940s] Invoked command in '/home/kha/robot_ws/build/ired_teleop' returned '0': DEBUGINFOD_URLS=https://debuginfod.ubuntu.com PYTHONPATH=/home/kha/robot_ws/build/ired_teleop/prefix_override:/usr/lib/python3/dist-packages/colcon_core/task/python/colcon_distutils_commands:/home/kha/robot_ws/install/ired_teleop/lib/python3.12/site-packages:${PYTHONPATH} /usr/bin/python3 -W ignore:setup.py install is deprecated -W ignore:easy_install command is deprecated setup.py develop --editable --build-directory /home/kha/robot_ws/build/ired_teleop/build --no-deps symlink_data
