-- Found ament_cmake: 2.5.4 (/opt/ros/jazzy/share/ament_cmake/cmake)
-- Override CMake install command with custom implementation using symlinks instead of copying resources
-- Configuring done (0.4s)
-- Generating done (0.0s)
-- Build files have been written to: /home/kha/robot_ws/build/ired_navigation
-- Install configuration: ""
-- Execute custom install script
-- Up-to-date symlink: /home/kha/robot_ws/install/ired_navigation/share/ired_navigation/config/ired_rplidar_2d.lua
-- Up-to-date symlink: /home/kha/robot_ws/install/ired_navigation/share/ired_navigation/launch/navigation.launch.py
-- Up-to-date symlink: /home/kha/robot_ws/install/ired_navigation/share/ired_navigation/launch/occupancy_grid.launch.py
-- Up-to-date symlink: /home/kha/robot_ws/install/ired_navigation/share/ired_navigation/launch/save_map.launch.py
-- Up-to-date symlink: /home/kha/robot_ws/install/ired_navigation/share/ired_navigation/launch/slam.launch.py
-- Up-to-date symlink: /home/kha/robot_ws/install/ired_navigation/share/ired_navigation/maps/1
-- Up-to-date symlink: /home/kha/robot_ws/install/ired_navigation/share/ired_navigation/maps/map.pgm
-- Up-to-date symlink: /home/kha/robot_ws/install/ired_navigation/share/ired_navigation/maps/map.yaml
-- Up-to-date symlink: /home/kha/robot_ws/install/ired_navigation/share/ired_navigation/param/navigation.yaml
-- Up-to-date symlink: /home/kha/robot_ws/install/ired_navigation/share/ament_index/resource_index/package_run_dependencies/ired_navigation
-- Up-to-date symlink: /home/kha/robot_ws/install/ired_navigation/share/ament_index/resource_index/parent_prefix_path/ired_navigation
-- Up-to-date symlink: /home/kha/robot_ws/install/ired_navigation/share/ired_navigation/environment/ament_prefix_path.sh
-- Up-to-date symlink: /home/kha/robot_ws/install/ired_navigation/share/ired_navigation/environment/ament_prefix_path.dsv
-- Up-to-date symlink: /home/kha/robot_ws/install/ired_navigation/share/ired_navigation/environment/path.sh
-- Up-to-date symlink: /home/kha/robot_ws/install/ired_navigation/share/ired_navigation/environment/path.dsv
-- Up-to-date symlink: /home/kha/robot_ws/install/ired_navigation/share/ired_navigation/local_setup.bash
-- Up-to-date symlink: /home/kha/robot_ws/install/ired_navigation/share/ired_navigation/local_setup.sh
-- Up-to-date symlink: /home/kha/robot_ws/install/ired_navigation/share/ired_navigation/local_setup.zsh
-- Up-to-date symlink: /home/kha/robot_ws/install/ired_navigation/share/ired_navigation/local_setup.dsv
-- Symlinking: /home/kha/robot_ws/install/ired_navigation/share/ired_navigation/package.dsv
-- Up-to-date symlink: /home/kha/robot_ws/install/ired_navigation/share/ament_index/resource_index/packages/ired_navigation
-- Up-to-date symlink: /home/kha/robot_ws/install/ired_navigation/share/ired_navigation/cmake/ired_navigationConfig.cmake
-- Up-to-date symlink: /home/kha/robot_ws/install/ired_navigation/share/ired_navigation/cmake/ired_navigationConfig-version.cmake
-- Up-to-date symlink: /home/kha/robot_ws/install/ired_navigation/share/ired_navigation/package.xml
