[1.327s] Invoking command in '/home/kha/robot_ws/src/build/ired_teleop': DEBUGINFOD_URLS=https://debuginfod.ubuntu.com PYTHONPATH=/home/kha/robot_ws/src/build/ired_teleop/prefix_override:/usr/lib/python3/dist-packages/colcon_core/task/python/colcon_distutils_commands:/home/kha/robot_ws/src/install/ired_teleop/lib/python3.12/site-packages:${PYTHONPATH} /usr/bin/python3 -W ignore:setup.py install is deprecated -W ignore:easy_install command is deprecated setup.py develop --editable --build-directory /home/kha/robot_ws/src/build/ired_teleop/build --no-deps symlink_data
[1.752s] running develop
[2.122s] running egg_info
[2.122s] creating ired_teleop.egg-info
[2.172s] writing ired_teleop.egg-info/PKG-INFO
[2.172s] writing dependency_links to ired_teleop.egg-info/dependency_links.txt
[2.173s] writing entry points to ired_teleop.egg-info/entry_points.txt
[2.176s] writing requirements to ired_teleop.egg-info/requires.txt
[2.176s] writing top-level names to ired_teleop.egg-info/top_level.txt
[2.176s] writing manifest file 'ired_teleop.egg-info/SOURCES.txt'
[2.386s] reading manifest file 'ired_teleop.egg-info/SOURCES.txt'
[2.387s] writing manifest file 'ired_teleop.egg-info/SOURCES.txt'
[2.460s] running build_ext
[2.460s] Creating /home/kha/robot_ws/src/install/ired_teleop/lib/python3.12/site-packages/ired-teleop.egg-link (link to .)
[2.460s] Installing teleop_keyboard script to /home/kha/robot_ws/src/install/ired_teleop/lib/ired_teleop
[2.460s] 
[2.461s] Installed /home/kha/robot_ws/src/build/ired_teleop
[2.461s] running symlink_data
[2.461s] creating /home/kha/robot_ws/src/install/ired_teleop/share/ament_index
[2.461s] creating /home/kha/robot_ws/src/install/ired_teleop/share/ament_index/resource_index
[2.461s] creating /home/kha/robot_ws/src/install/ired_teleop/share/ament_index/resource_index/packages
[2.462s] symbolically linking /home/kha/robot_ws/src/build/ired_teleop/resource/ired_teleop -> /home/kha/robot_ws/src/install/ired_teleop/share/ament_index/resource_index/packages
[2.462s] symbolically linking /home/kha/robot_ws/src/build/ired_teleop/package.xml -> /home/kha/robot_ws/src/install/ired_teleop/share/ired_teleop
[2.673s] Invoked command in '/home/kha/robot_ws/src/build/ired_teleop' returned '0': DEBUGINFOD_URLS=https://debuginfod.ubuntu.com PYTHONPATH=/home/kha/robot_ws/src/build/ired_teleop/prefix_override:/usr/lib/python3/dist-packages/colcon_core/task/python/colcon_distutils_commands:/home/kha/robot_ws/src/install/ired_teleop/lib/python3.12/site-packages:${PYTHONPATH} /usr/bin/python3 -W ignore:setup.py install is deprecated -W ignore:easy_install command is deprecated setup.py develop --editable --build-directory /home/kha/robot_ws/src/build/ired_teleop/build --no-deps symlink_data
