[0.015s] Invoking command in '/home/kha/robot_ws/build/gantry_moveit_config': AMENT_PREFIX_PATH=/home/kha/robot_ws/install/gantry_commander:/home/kha/robot_dog/ws_livox/install/point_lio:/home/kha/robot_dog/ws_livox/install/fast_lio:/home/kha/robot_dog/ws_livox/install/livox_ros_driver2:/home/kha/robot_ws/install/rplidar_ros:/home/kha/robot_ws/install/ros2_laser_scan_matcher:/home/kha/robot_ws/install/ired_teleop:/home/kha/robot_ws/install/ired_rviz:/home/kha/robot_ws/install/ired_navigation:/home/kha/robot_ws/install/ired_bringup:/home/kha/robot_ws/install/ired_msgs:/home/kha/robot_ws/install/gantry_moveit_config:/home/kha/robot_ws/install/csm:/opt/ros/jazzy CMAKE_PREFIX_PATH=${CMAKE_PREFIX_PATH}:/home/kha/robot_ws/install/ired_teleop:/home/kha/robot_ws/install/gantry_commander:/opt/ros/jazzy DEBUGINFOD_URLS=https://debuginfod.ubuntu.com PYTHONPATH=/home/kha/robot_ws/install/gantry_commander/lib/python3.12/site-packages:/home/kha/robot_dog/ws_livox/install/fast_lio/lib/python3.12/site-packages:/home/kha/robot_dog/ws_livox/install/livox_ros_driver2/lib/python3.12/site-packages:/home/kha/robot_ws/build/ired_teleop:/home/kha/robot_ws/install/ired_teleop/lib/python3.12/site-packages:/home/kha/robot_ws/install/ired_msgs/lib/python3.12/site-packages:/home/kha/robot_ws/build/gantry_commander:/opt/ros/jazzy/lib/python3.12/site-packages /usr/bin/cmake --build /home/kha/robot_ws/build/gantry_moveit_config -- -j12 -l12
[0.056s] Invoked command in '/home/kha/robot_ws/build/gantry_moveit_config' returned '0': AMENT_PREFIX_PATH=/home/kha/robot_ws/install/gantry_commander:/home/kha/robot_dog/ws_livox/install/point_lio:/home/kha/robot_dog/ws_livox/install/fast_lio:/home/kha/robot_dog/ws_livox/install/livox_ros_driver2:/home/kha/robot_ws/install/rplidar_ros:/home/kha/robot_ws/install/ros2_laser_scan_matcher:/home/kha/robot_ws/install/ired_teleop:/home/kha/robot_ws/install/ired_rviz:/home/kha/robot_ws/install/ired_navigation:/home/kha/robot_ws/install/ired_bringup:/home/kha/robot_ws/install/ired_msgs:/home/kha/robot_ws/install/gantry_moveit_config:/home/kha/robot_ws/install/csm:/opt/ros/jazzy CMAKE_PREFIX_PATH=${CMAKE_PREFIX_PATH}:/home/kha/robot_ws/install/ired_teleop:/home/kha/robot_ws/install/gantry_commander:/opt/ros/jazzy DEBUGINFOD_URLS=https://debuginfod.ubuntu.com PYTHONPATH=/home/kha/robot_ws/install/gantry_commander/lib/python3.12/site-packages:/home/kha/robot_dog/ws_livox/install/fast_lio/lib/python3.12/site-packages:/home/kha/robot_dog/ws_livox/install/livox_ros_driver2/lib/python3.12/site-packages:/home/kha/robot_ws/build/ired_teleop:/home/kha/robot_ws/install/ired_teleop/lib/python3.12/site-packages:/home/kha/robot_ws/install/ired_msgs/lib/python3.12/site-packages:/home/kha/robot_ws/build/gantry_commander:/opt/ros/jazzy/lib/python3.12/site-packages /usr/bin/cmake --build /home/kha/robot_ws/build/gantry_moveit_config -- -j12 -l12
[0.066s] Invoking command in '/home/kha/robot_ws/build/gantry_moveit_config': AMENT_PREFIX_PATH=/home/kha/robot_ws/install/gantry_commander:/home/kha/robot_dog/ws_livox/install/point_lio:/home/kha/robot_dog/ws_livox/install/fast_lio:/home/kha/robot_dog/ws_livox/install/livox_ros_driver2:/home/kha/robot_ws/install/rplidar_ros:/home/kha/robot_ws/install/ros2_laser_scan_matcher:/home/kha/robot_ws/install/ired_teleop:/home/kha/robot_ws/install/ired_rviz:/home/kha/robot_ws/install/ired_navigation:/home/kha/robot_ws/install/ired_bringup:/home/kha/robot_ws/install/ired_msgs:/home/kha/robot_ws/install/gantry_moveit_config:/home/kha/robot_ws/install/csm:/opt/ros/jazzy CMAKE_PREFIX_PATH=${CMAKE_PREFIX_PATH}:/home/kha/robot_ws/install/ired_teleop:/home/kha/robot_ws/install/gantry_commander:/opt/ros/jazzy DEBUGINFOD_URLS=https://debuginfod.ubuntu.com PYTHONPATH=/home/kha/robot_ws/install/gantry_commander/lib/python3.12/site-packages:/home/kha/robot_dog/ws_livox/install/fast_lio/lib/python3.12/site-packages:/home/kha/robot_dog/ws_livox/install/livox_ros_driver2/lib/python3.12/site-packages:/home/kha/robot_ws/build/ired_teleop:/home/kha/robot_ws/install/ired_teleop/lib/python3.12/site-packages:/home/kha/robot_ws/install/ired_msgs/lib/python3.12/site-packages:/home/kha/robot_ws/build/gantry_commander:/opt/ros/jazzy/lib/python3.12/site-packages /usr/bin/cmake --install /home/kha/robot_ws/build/gantry_moveit_config
[0.074s] -- Install configuration: ""
[0.074s] -- Up-to-date: /home/kha/robot_ws/install/gantry_moveit_config/share/ament_index/resource_index/package_run_dependencies/gantry_moveit_config
[0.075s] -- Up-to-date: /home/kha/robot_ws/install/gantry_moveit_config/share/ament_index/resource_index/parent_prefix_path/gantry_moveit_config
[0.075s] -- Up-to-date: /home/kha/robot_ws/install/gantry_moveit_config/share/gantry_moveit_config/environment/ament_prefix_path.sh
[0.075s] -- Up-to-date: /home/kha/robot_ws/install/gantry_moveit_config/share/gantry_moveit_config/environment/ament_prefix_path.dsv
[0.075s] -- Up-to-date: /home/kha/robot_ws/install/gantry_moveit_config/share/gantry_moveit_config/environment/path.sh
[0.075s] -- Up-to-date: /home/kha/robot_ws/install/gantry_moveit_config/share/gantry_moveit_config/environment/path.dsv
[0.075s] -- Up-to-date: /home/kha/robot_ws/install/gantry_moveit_config/share/gantry_moveit_config/local_setup.bash
[0.076s] -- Up-to-date: /home/kha/robot_ws/install/gantry_moveit_config/share/gantry_moveit_config/local_setup.sh
[0.076s] -- Up-to-date: /home/kha/robot_ws/install/gantry_moveit_config/share/gantry_moveit_config/local_setup.zsh
[0.076s] -- Up-to-date: /home/kha/robot_ws/install/gantry_moveit_config/share/gantry_moveit_config/local_setup.dsv
[0.076s] -- Installing: /home/kha/robot_ws/install/gantry_moveit_config/share/gantry_moveit_config/package.dsv
[0.076s] -- Up-to-date: /home/kha/robot_ws/install/gantry_moveit_config/share/ament_index/resource_index/packages/gantry_moveit_config
[0.076s] -- Up-to-date: /home/kha/robot_ws/install/gantry_moveit_config/share/gantry_moveit_config/cmake/gantry_moveit_configConfig.cmake
[0.076s] -- Up-to-date: /home/kha/robot_ws/install/gantry_moveit_config/share/gantry_moveit_config/cmake/gantry_moveit_configConfig-version.cmake
[0.076s] -- Up-to-date: /home/kha/robot_ws/install/gantry_moveit_config/share/gantry_moveit_config/package.xml
[0.077s] -- Up-to-date: /home/kha/robot_ws/install/gantry_moveit_config/share/gantry_moveit_config/launch
[0.077s] -- Up-to-date: /home/kha/robot_ws/install/gantry_moveit_config/share/gantry_moveit_config/launch/warehouse_db.launch.py
[0.077s] -- Up-to-date: /home/kha/robot_ws/install/gantry_moveit_config/share/gantry_moveit_config/launch/move_group.launch.py
[0.077s] -- Up-to-date: /home/kha/robot_ws/install/gantry_moveit_config/share/gantry_moveit_config/launch/demo.launch.py
[0.077s] -- Up-to-date: /home/kha/robot_ws/install/gantry_moveit_config/share/gantry_moveit_config/launch/moveit_rviz.launch.py
[0.077s] -- Up-to-date: /home/kha/robot_ws/install/gantry_moveit_config/share/gantry_moveit_config/launch/rsp.launch.py
[0.078s] -- Up-to-date: /home/kha/robot_ws/install/gantry_moveit_config/share/gantry_moveit_config/launch/setup_assistant.launch.py
[0.078s] -- Up-to-date: /home/kha/robot_ws/install/gantry_moveit_config/share/gantry_moveit_config/launch/spawn_controllers.launch.py
[0.079s] -- Up-to-date: /home/kha/robot_ws/install/gantry_moveit_config/share/gantry_moveit_config/launch/static_virtual_joint_tfs.launch.py
[0.079s] -- Up-to-date: /home/kha/robot_ws/install/gantry_moveit_config/share/gantry_moveit_config/config
[0.079s] -- Up-to-date: /home/kha/robot_ws/install/gantry_moveit_config/share/gantry_moveit_config/config/moveit.rviz
[0.079s] -- Installing: /home/kha/robot_ws/install/gantry_moveit_config/share/gantry_moveit_config/config/ros2_controllers.yaml
[0.079s] -- Up-to-date: /home/kha/robot_ws/install/gantry_moveit_config/share/gantry_moveit_config/config/kinematics.yaml
[0.079s] -- Up-to-date: /home/kha/robot_ws/install/gantry_moveit_config/share/gantry_moveit_config/config/gantry_robot.srdf
[0.080s] -- Up-to-date: /home/kha/robot_ws/install/gantry_moveit_config/share/gantry_moveit_config/config/pilz_cartesian_limits.yaml
[0.080s] -- Installing: /home/kha/robot_ws/install/gantry_moveit_config/share/gantry_moveit_config/config/moveit_controllers.yaml
[0.080s] -- Up-to-date: /home/kha/robot_ws/install/gantry_moveit_config/share/gantry_moveit_config/config/joint_limits.yaml
[0.080s] -- Up-to-date: /home/kha/robot_ws/install/gantry_moveit_config/share/gantry_moveit_config/.setup_assistant
[0.081s] Invoked command in '/home/kha/robot_ws/build/gantry_moveit_config' returned '0': AMENT_PREFIX_PATH=/home/kha/robot_ws/install/gantry_commander:/home/kha/robot_dog/ws_livox/install/point_lio:/home/kha/robot_dog/ws_livox/install/fast_lio:/home/kha/robot_dog/ws_livox/install/livox_ros_driver2:/home/kha/robot_ws/install/rplidar_ros:/home/kha/robot_ws/install/ros2_laser_scan_matcher:/home/kha/robot_ws/install/ired_teleop:/home/kha/robot_ws/install/ired_rviz:/home/kha/robot_ws/install/ired_navigation:/home/kha/robot_ws/install/ired_bringup:/home/kha/robot_ws/install/ired_msgs:/home/kha/robot_ws/install/gantry_moveit_config:/home/kha/robot_ws/install/csm:/opt/ros/jazzy CMAKE_PREFIX_PATH=${CMAKE_PREFIX_PATH}:/home/kha/robot_ws/install/ired_teleop:/home/kha/robot_ws/install/gantry_commander:/opt/ros/jazzy DEBUGINFOD_URLS=https://debuginfod.ubuntu.com PYTHONPATH=/home/kha/robot_ws/install/gantry_commander/lib/python3.12/site-packages:/home/kha/robot_dog/ws_livox/install/fast_lio/lib/python3.12/site-packages:/home/kha/robot_dog/ws_livox/install/livox_ros_driver2/lib/python3.12/site-packages:/home/kha/robot_ws/build/ired_teleop:/home/kha/robot_ws/install/ired_teleop/lib/python3.12/site-packages:/home/kha/robot_ws/install/ired_msgs/lib/python3.12/site-packages:/home/kha/robot_ws/build/gantry_commander:/opt/ros/jazzy/lib/python3.12/site-packages /usr/bin/cmake --install /home/kha/robot_ws/build/gantry_moveit_config
