[0.015s] Invoking command in '/home/kha/robot_ws/src/build/ired_bringup': AMENT_PREFIX_PATH=/home/kha/robot_ws/src/install/ired_msgs:${AMENT_PREFIX_PATH} CMAKE_PREFIX_PATH=/home/kha/robot_ws/src/install/ired_msgs:/opt/ros/jazzy/opt/gz_sim_vendor:/opt/ros/jazzy/opt/gz_sensors_vendor:/opt/ros/jazzy/opt/gz_physics_vendor:/opt/ros/jazzy/opt/sdformat_vendor:/opt/ros/jazzy/opt/gz_gui_vendor:/opt/ros/jazzy/opt/gz_transport_vendor:/opt/ros/jazzy/opt/gz_rendering_vendor:/opt/ros/jazzy/opt/gz_plugin_vendor:/opt/ros/jazzy/opt/gz_fuel_tools_vendor:/opt/ros/jazzy/opt/gz_msgs_vendor:/opt/ros/jazzy/opt/gz_common_vendor:/opt/ros/jazzy/opt/gz_math_vendor:/opt/ros/jazzy/opt/gz_utils_vendor:/opt/ros/jazzy/opt/gz_tools_vendor:/opt/ros/jazzy/opt/gz_ogre_next_vendor:/opt/ros/jazzy/opt/gz_dartsim_vendor:/opt/ros/jazzy/opt/gz_cmake_vendor:/opt/ros/jazzy DEBUGINFOD_URLS=https://debuginfod.ubuntu.com LD_LIBRARY_PATH=/home/kha/robot_ws/src/install/ired_msgs/lib:${LD_LIBRARY_PATH} PYTHONPATH=/home/kha/robot_ws/src/install/ired_msgs/lib/python3.12/site-packages:${PYTHONPATH} /usr/bin/cmake /home/kha/robot_ws/src/robot/ired_bringup -DAMENT_CMAKE_SYMLINK_INSTALL=1 -DCMAKE_INSTALL_PREFIX=/home/kha/robot_ws/src/install/ired_bringup
[0.081s] -- The C compiler identification is GNU 13.3.0
[0.143s] -- The CXX compiler identification is GNU 13.3.0
[0.162s] -- Detecting C compiler ABI info
[0.262s] -- Detecting C compiler ABI info - done
[0.272s] -- Check for working C compiler: /usr/bin/cc - skipped
[0.272s] -- Detecting C compile features
[0.273s] -- Detecting C compile features - done
[0.282s] -- Detecting CXX compiler ABI info
[0.396s] -- Detecting CXX compiler ABI info - done
[0.407s] -- Check for working CXX compiler: /usr/bin/c++ - skipped
[0.407s] -- Detecting CXX compile features
[0.408s] -- Detecting CXX compile features - done
[0.414s] -- Found ament_cmake: 2.5.4 (/opt/ros/jazzy/share/ament_cmake/cmake)
[0.597s] -- Found Python3: /usr/bin/python3 (found version "3.12.3") found components: Interpreter 
[0.680s] -- Override CMake install command with custom implementation using symlinks instead of copying resources
[0.743s] -- Found geometry_msgs: 5.3.6 (/opt/ros/jazzy/share/geometry_msgs/cmake)
[0.810s] -- Found rosidl_generator_c: 4.6.6 (/opt/ros/jazzy/share/rosidl_generator_c/cmake)
[0.831s] -- Found rosidl_generator_cpp: 4.6.6 (/opt/ros/jazzy/share/rosidl_generator_cpp/cmake)
[0.856s] -- Using all available rosidl_typesupport_c: rosidl_typesupport_fastrtps_c;rosidl_typesupport_introspection_c
[0.883s] -- Using all available rosidl_typesupport_cpp: rosidl_typesupport_fastrtps_cpp;rosidl_typesupport_introspection_cpp
[0.942s] -- Found ired_msgs: 2.0.1 (/home/kha/robot_ws/src/install/ired_msgs/share/ired_msgs/cmake)
[0.987s] -- Found nav_msgs: 5.3.6 (/opt/ros/jazzy/share/nav_msgs/cmake)
[1.024s] -- Found rclcpp: 28.1.13 (/opt/ros/jazzy/share/rclcpp/cmake)
[1.093s] -- Found rmw_implementation_cmake: 7.3.2 (/opt/ros/jazzy/share/rmw_implementation_cmake/cmake)
[1.098s] -- Found rmw_fastrtps_cpp: 8.4.3 (/opt/ros/jazzy/share/rmw_fastrtps_cpp/cmake)
[1.197s] -- Found OpenSSL: /usr/lib/x86_64-linux-gnu/libcrypto.so (found version "3.0.13")  
[1.220s] -- Found FastRTPS: /opt/ros/jazzy/include (Required is at least version "2.13") 
[1.248s] -- Using RMW implementation 'rmw_fastrtps_cpp' as default
[1.349s] -- Found rclpy: 7.1.6 (/opt/ros/jazzy/share/rclpy/cmake)
[1.354s] -- Found sensor_msgs: 5.3.6 (/opt/ros/jazzy/share/sensor_msgs/cmake)
[1.386s] -- Found std_srvs: 5.3.6 (/opt/ros/jazzy/share/std_srvs/cmake)
[1.410s] -- Found tf2: 0.36.16 (/opt/ros/jazzy/share/tf2/cmake)
[1.418s] -- Found tf2_msgs: 0.36.16 (/opt/ros/jazzy/share/tf2_msgs/cmake)
[1.619s] -- Configuring done (1.6s)
[1.661s] -- Generating done (0.0s)
[1.673s] -- Build files have been written to: /home/kha/robot_ws/src/build/ired_bringup
[1.684s] Invoked command in '/home/kha/robot_ws/src/build/ired_bringup' returned '0': AMENT_PREFIX_PATH=/home/kha/robot_ws/src/install/ired_msgs:${AMENT_PREFIX_PATH} CMAKE_PREFIX_PATH=/home/kha/robot_ws/src/install/ired_msgs:/opt/ros/jazzy/opt/gz_sim_vendor:/opt/ros/jazzy/opt/gz_sensors_vendor:/opt/ros/jazzy/opt/gz_physics_vendor:/opt/ros/jazzy/opt/sdformat_vendor:/opt/ros/jazzy/opt/gz_gui_vendor:/opt/ros/jazzy/opt/gz_transport_vendor:/opt/ros/jazzy/opt/gz_rendering_vendor:/opt/ros/jazzy/opt/gz_plugin_vendor:/opt/ros/jazzy/opt/gz_fuel_tools_vendor:/opt/ros/jazzy/opt/gz_msgs_vendor:/opt/ros/jazzy/opt/gz_common_vendor:/opt/ros/jazzy/opt/gz_math_vendor:/opt/ros/jazzy/opt/gz_utils_vendor:/opt/ros/jazzy/opt/gz_tools_vendor:/opt/ros/jazzy/opt/gz_ogre_next_vendor:/opt/ros/jazzy/opt/gz_dartsim_vendor:/opt/ros/jazzy/opt/gz_cmake_vendor:/opt/ros/jazzy DEBUGINFOD_URLS=https://debuginfod.ubuntu.com LD_LIBRARY_PATH=/home/kha/robot_ws/src/install/ired_msgs/lib:${LD_LIBRARY_PATH} PYTHONPATH=/home/kha/robot_ws/src/install/ired_msgs/lib/python3.12/site-packages:${PYTHONPATH} /usr/bin/cmake /home/kha/robot_ws/src/robot/ired_bringup -DAMENT_CMAKE_SYMLINK_INSTALL=1 -DCMAKE_INSTALL_PREFIX=/home/kha/robot_ws/src/install/ired_bringup
[1.686s] Invoking command in '/home/kha/robot_ws/src/build/ired_bringup': AMENT_PREFIX_PATH=/home/kha/robot_ws/src/install/ired_msgs:${AMENT_PREFIX_PATH} CMAKE_PREFIX_PATH=/home/kha/robot_ws/src/install/ired_msgs:/opt/ros/jazzy/opt/gz_sim_vendor:/opt/ros/jazzy/opt/gz_sensors_vendor:/opt/ros/jazzy/opt/gz_physics_vendor:/opt/ros/jazzy/opt/sdformat_vendor:/opt/ros/jazzy/opt/gz_gui_vendor:/opt/ros/jazzy/opt/gz_transport_vendor:/opt/ros/jazzy/opt/gz_rendering_vendor:/opt/ros/jazzy/opt/gz_plugin_vendor:/opt/ros/jazzy/opt/gz_fuel_tools_vendor:/opt/ros/jazzy/opt/gz_msgs_vendor:/opt/ros/jazzy/opt/gz_common_vendor:/opt/ros/jazzy/opt/gz_math_vendor:/opt/ros/jazzy/opt/gz_utils_vendor:/opt/ros/jazzy/opt/gz_tools_vendor:/opt/ros/jazzy/opt/gz_ogre_next_vendor:/opt/ros/jazzy/opt/gz_dartsim_vendor:/opt/ros/jazzy/opt/gz_cmake_vendor:/opt/ros/jazzy DEBUGINFOD_URLS=https://debuginfod.ubuntu.com LD_LIBRARY_PATH=/home/kha/robot_ws/src/install/ired_msgs/lib:${LD_LIBRARY_PATH} PYTHONPATH=/home/kha/robot_ws/src/install/ired_msgs/lib/python3.12/site-packages:${PYTHONPATH} /usr/bin/cmake --build /home/kha/robot_ws/src/build/ired_bringup -- -j12 -l12
[1.752s] [ 18%] [32mBuilding CXX object CMakeFiles/forward_kinematics_node.dir/src/forward_kinematics.cpp.o[0m
[1.752s] [ 18%] [32mBuilding CXX object CMakeFiles/imu_node.dir/src/imu.cpp.o[0m
[1.752s] [ 27%] [32mBuilding CXX object CMakeFiles/inverse_kinematics_node.dir/src/inverse_kinematics.cpp.o[0m
[1.752s] [ 36%] [32mBuilding CXX object CMakeFiles/iredcr_modbus_node.dir/src/modbus_rtu.cpp.o[0m
[1.754s] [ 45%] [32mBuilding CXX object CMakeFiles/odom_node.dir/src/odom.cpp.o[0m
[1.754s] [ 54%] [32mBuilding CXX object CMakeFiles/iredcr_modbus_node.dir/src/ired_controller.cpp.o[0m
[12.316s] [ 63%] [32m[1mLinking CXX executable forward_kinematics_node[0m
[12.419s] [ 72%] [32m[1mLinking CXX executable inverse_kinematics_node[0m
[12.860s] [ 72%] Built target forward_kinematics_node
[12.921s] [ 72%] Built target inverse_kinematics_node
[13.305s] [ 81%] [32m[1mLinking CXX executable imu_node[0m
[13.749s] [ 81%] Built target imu_node
[14.844s] [ 90%] [32m[1mLinking CXX executable iredcr_modbus_node[0m
[15.506s] [ 90%] Built target iredcr_modbus_node
[19.240s] [100%] [32m[1mLinking CXX executable odom_node[0m
[19.817s] [100%] Built target odom_node
[19.829s] Invoked command in '/home/kha/robot_ws/src/build/ired_bringup' returned '0': AMENT_PREFIX_PATH=/home/kha/robot_ws/src/install/ired_msgs:${AMENT_PREFIX_PATH} CMAKE_PREFIX_PATH=/home/kha/robot_ws/src/install/ired_msgs:/opt/ros/jazzy/opt/gz_sim_vendor:/opt/ros/jazzy/opt/gz_sensors_vendor:/opt/ros/jazzy/opt/gz_physics_vendor:/opt/ros/jazzy/opt/sdformat_vendor:/opt/ros/jazzy/opt/gz_gui_vendor:/opt/ros/jazzy/opt/gz_transport_vendor:/opt/ros/jazzy/opt/gz_rendering_vendor:/opt/ros/jazzy/opt/gz_plugin_vendor:/opt/ros/jazzy/opt/gz_fuel_tools_vendor:/opt/ros/jazzy/opt/gz_msgs_vendor:/opt/ros/jazzy/opt/gz_common_vendor:/opt/ros/jazzy/opt/gz_math_vendor:/opt/ros/jazzy/opt/gz_utils_vendor:/opt/ros/jazzy/opt/gz_tools_vendor:/opt/ros/jazzy/opt/gz_ogre_next_vendor:/opt/ros/jazzy/opt/gz_dartsim_vendor:/opt/ros/jazzy/opt/gz_cmake_vendor:/opt/ros/jazzy DEBUGINFOD_URLS=https://debuginfod.ubuntu.com LD_LIBRARY_PATH=/home/kha/robot_ws/src/install/ired_msgs/lib:${LD_LIBRARY_PATH} PYTHONPATH=/home/kha/robot_ws/src/install/ired_msgs/lib/python3.12/site-packages:${PYTHONPATH} /usr/bin/cmake --build /home/kha/robot_ws/src/build/ired_bringup -- -j12 -l12
[19.830s] Invoking command in '/home/kha/robot_ws/src/build/ired_bringup': AMENT_PREFIX_PATH=/home/kha/robot_ws/src/install/ired_msgs:${AMENT_PREFIX_PATH} CMAKE_PREFIX_PATH=/home/kha/robot_ws/src/install/ired_msgs:/opt/ros/jazzy/opt/gz_sim_vendor:/opt/ros/jazzy/opt/gz_sensors_vendor:/opt/ros/jazzy/opt/gz_physics_vendor:/opt/ros/jazzy/opt/sdformat_vendor:/opt/ros/jazzy/opt/gz_gui_vendor:/opt/ros/jazzy/opt/gz_transport_vendor:/opt/ros/jazzy/opt/gz_rendering_vendor:/opt/ros/jazzy/opt/gz_plugin_vendor:/opt/ros/jazzy/opt/gz_fuel_tools_vendor:/opt/ros/jazzy/opt/gz_msgs_vendor:/opt/ros/jazzy/opt/gz_common_vendor:/opt/ros/jazzy/opt/gz_math_vendor:/opt/ros/jazzy/opt/gz_utils_vendor:/opt/ros/jazzy/opt/gz_tools_vendor:/opt/ros/jazzy/opt/gz_ogre_next_vendor:/opt/ros/jazzy/opt/gz_dartsim_vendor:/opt/ros/jazzy/opt/gz_cmake_vendor:/opt/ros/jazzy DEBUGINFOD_URLS=https://debuginfod.ubuntu.com LD_LIBRARY_PATH=/home/kha/robot_ws/src/install/ired_msgs/lib:${LD_LIBRARY_PATH} PYTHONPATH=/home/kha/robot_ws/src/install/ired_msgs/lib/python3.12/site-packages:${PYTHONPATH} /usr/bin/cmake --install /home/kha/robot_ws/src/build/ired_bringup
[19.838s] -- Install configuration: ""
[19.839s] -- Execute custom install script
[19.839s] -- Symlinking: /home/kha/robot_ws/src/install/ired_bringup/lib/ired_bringup/forward_kinematics_node
[19.848s] -- Symlinking: /home/kha/robot_ws/src/install/ired_bringup/lib/ired_bringup/inverse_kinematics_node
[19.858s] -- Symlinking: /home/kha/robot_ws/src/install/ired_bringup/lib/ired_bringup/imu_node
[19.867s] -- Symlinking: /home/kha/robot_ws/src/install/ired_bringup/lib/ired_bringup/iredcr_modbus_node
[19.878s] -- Symlinking: /home/kha/robot_ws/src/install/ired_bringup/lib/ired_bringup/odom_node
[19.889s] -- Symlinking: /home/kha/robot_ws/src/install/ired_bringup/share/ired_bringup/launch/bringup.launch.py
[19.898s] -- Symlinking: /home/kha/robot_ws/src/install/ired_bringup/share/ired_bringup/param/ired.yaml
[19.908s] -- Symlinking: /home/kha/robot_ws/src/install/ired_bringup/share/ired_bringup/param/laser_config.yaml
[19.917s] -- Symlinking: /home/kha/robot_ws/src/install/ired_bringup/share/ired_bringup/param/laser_scan_matcher.yaml
[19.927s] -- Symlinking: /home/kha/robot_ws/src/install/ired_bringup/share/ired_bringup/urdf/ired.urdf.xacro
[19.936s] -- Symlinking: /home/kha/robot_ws/src/install/ired_bringup/include//ired_bringup/forward_kinematics.hpp
[19.946s] -- Symlinking: /home/kha/robot_ws/src/install/ired_bringup/include//ired_bringup/imu.hpp
[19.955s] -- Symlinking: /home/kha/robot_ws/src/install/ired_bringup/include//ired_bringup/inverse_kinematics.hpp
[19.965s] -- Symlinking: /home/kha/robot_ws/src/install/ired_bringup/include//ired_bringup/ired_controller.hpp
[19.974s] -- Symlinking: /home/kha/robot_ws/src/install/ired_bringup/include//ired_bringup/ired_controller_define.hpp
[19.984s] -- Symlinking: /home/kha/robot_ws/src/install/ired_bringup/include//ired_bringup/odom.hpp
[19.994s] -- Symlinking: /home/kha/robot_ws/src/install/ired_bringup/include//modbus_rtu.hpp
[20.004s] -- Symlinking: /home/kha/robot_ws/src/install/ired_bringup/share/ament_index/resource_index/package_run_dependencies/ired_bringup
[20.014s] -- Symlinking: /home/kha/robot_ws/src/install/ired_bringup/share/ament_index/resource_index/parent_prefix_path/ired_bringup
[20.023s] -- Symlinking: /home/kha/robot_ws/src/install/ired_bringup/share/ired_bringup/environment/ament_prefix_path.sh
[20.033s] -- Symlinking: /home/kha/robot_ws/src/install/ired_bringup/share/ired_bringup/environment/ament_prefix_path.dsv
[20.043s] -- Symlinking: /home/kha/robot_ws/src/install/ired_bringup/share/ired_bringup/environment/path.sh
[20.052s] -- Symlinking: /home/kha/robot_ws/src/install/ired_bringup/share/ired_bringup/environment/path.dsv
[20.062s] -- Symlinking: /home/kha/robot_ws/src/install/ired_bringup/share/ired_bringup/local_setup.bash
[20.071s] -- Symlinking: /home/kha/robot_ws/src/install/ired_bringup/share/ired_bringup/local_setup.sh
[20.081s] -- Symlinking: /home/kha/robot_ws/src/install/ired_bringup/share/ired_bringup/local_setup.zsh
[20.091s] -- Symlinking: /home/kha/robot_ws/src/install/ired_bringup/share/ired_bringup/local_setup.dsv
[20.101s] -- Symlinking: /home/kha/robot_ws/src/install/ired_bringup/share/ired_bringup/package.dsv
[20.111s] -- Symlinking: /home/kha/robot_ws/src/install/ired_bringup/share/ament_index/resource_index/packages/ired_bringup
[20.120s] -- Symlinking: /home/kha/robot_ws/src/install/ired_bringup/share/ired_bringup/cmake/ament_cmake_export_include_directories-extras.cmake
[20.130s] -- Symlinking: /home/kha/robot_ws/src/install/ired_bringup/share/ired_bringup/cmake/ament_cmake_export_dependencies-extras.cmake
[20.140s] -- Symlinking: /home/kha/robot_ws/src/install/ired_bringup/share/ired_bringup/cmake/ired_bringupConfig.cmake
[20.149s] -- Symlinking: /home/kha/robot_ws/src/install/ired_bringup/share/ired_bringup/cmake/ired_bringupConfig-version.cmake
[20.159s] -- Symlinking: /home/kha/robot_ws/src/install/ired_bringup/share/ired_bringup/package.xml
[20.170s] Invoked command in '/home/kha/robot_ws/src/build/ired_bringup' returned '0': AMENT_PREFIX_PATH=/home/kha/robot_ws/src/install/ired_msgs:${AMENT_PREFIX_PATH} CMAKE_PREFIX_PATH=/home/kha/robot_ws/src/install/ired_msgs:/opt/ros/jazzy/opt/gz_sim_vendor:/opt/ros/jazzy/opt/gz_sensors_vendor:/opt/ros/jazzy/opt/gz_physics_vendor:/opt/ros/jazzy/opt/sdformat_vendor:/opt/ros/jazzy/opt/gz_gui_vendor:/opt/ros/jazzy/opt/gz_transport_vendor:/opt/ros/jazzy/opt/gz_rendering_vendor:/opt/ros/jazzy/opt/gz_plugin_vendor:/opt/ros/jazzy/opt/gz_fuel_tools_vendor:/opt/ros/jazzy/opt/gz_msgs_vendor:/opt/ros/jazzy/opt/gz_common_vendor:/opt/ros/jazzy/opt/gz_math_vendor:/opt/ros/jazzy/opt/gz_utils_vendor:/opt/ros/jazzy/opt/gz_tools_vendor:/opt/ros/jazzy/opt/gz_ogre_next_vendor:/opt/ros/jazzy/opt/gz_dartsim_vendor:/opt/ros/jazzy/opt/gz_cmake_vendor:/opt/ros/jazzy DEBUGINFOD_URLS=https://debuginfod.ubuntu.com LD_LIBRARY_PATH=/home/kha/robot_ws/src/install/ired_msgs/lib:${LD_LIBRARY_PATH} PYTHONPATH=/home/kha/robot_ws/src/install/ired_msgs/lib/python3.12/site-packages:${PYTHONPATH} /usr/bin/cmake --install /home/kha/robot_ws/src/build/ired_bringup
