[  1%] Built target ired_msgs__rosidl_generator_type_description
[  1%] Built target ament_cmake_python_symlink_ired_msgs
[  2%] Built target ired_msgs__cpp
[ 25%] Built target ired_msgs__rosidl_generator_c
[ 35%] Built target ired_msgs__rosidl_typesupport_introspection_cpp
[ 44%] Built target ired_msgs__rosidl_typesupport_introspection_c
[ 54%] Built target ired_msgs__rosidl_typesupport_c
[ 63%] Built target ired_msgs__rosidl_typesupport_fastrtps_cpp
[ 74%] Built target ired_msgs__rosidl_typesupport_fastrtps_c
[ 82%] Built target ired_msgs__rosidl_typesupport_cpp
[ 82%] Built target ired_msgs
[ 83%] Built target ired_msgs__py
[ 91%] Built target ired_msgs__rosidl_generator_py
[100%] Built target ired_msgs_s__rosidl_typesupport_c
[100%] Built target ired_msgs_s__rosidl_typesupport_introspection_c
[100%] Built target ired_msgs_s__rosidl_typesupport_fastrtps_c
running egg_info
writing ired_msgs.egg-info/PKG-INFO
writing dependency_links to ired_msgs.egg-info/dependency_links.txt
writing top-level names to ired_msgs.egg-info/top_level.txt
reading manifest file 'ired_msgs.egg-info/SOURCES.txt'
writing manifest file 'ired_msgs.egg-info/SOURCES.txt'
[100%] Built target ament_cmake_python_build_ired_msgs_egg
-- Install configuration: ""
-- Execute custom install script
-- Up-to-date symlink: /home/kha/robot_ws/install/ired_msgs/share/ament_index/resource_index/rosidl_interfaces/ired_msgs
-- Up-to-date symlink: /home/kha/robot_ws/install/ired_msgs/share/ired_msgs/msg/IMUData.json
-- Up-to-date symlink: /home/kha/robot_ws/install/ired_msgs/share/ired_msgs/msg/MotorControl.json
-- Up-to-date symlink: /home/kha/robot_ws/install/ired_msgs/share/ired_msgs/msg/MotorData.json
-- Up-to-date symlink: /home/kha/robot_ws/install/ired_msgs/share/ired_msgs/msg/MotorSpeed.json
-- Up-to-date symlink: /home/kha/robot_ws/install/ired_msgs/share/ired_msgs/srv/PIDTuning.json
-- Up-to-date symlink: /home/kha/robot_ws/install/ired_msgs/include/ired_msgs/ired_msgs/msg/detail/imu_data__functions.h
-- Up-to-date symlink: /home/kha/robot_ws/install/ired_msgs/include/ired_msgs/ired_msgs/msg/detail/imu_data__struct.h
-- Up-to-date symlink: /home/kha/robot_ws/install/ired_msgs/include/ired_msgs/ired_msgs/msg/detail/imu_data__type_support.h
-- Up-to-date symlink: /home/kha/robot_ws/install/ired_msgs/include/ired_msgs/ired_msgs/msg/detail/motor_control__functions.h
-- Up-to-date symlink: /home/kha/robot_ws/install/ired_msgs/include/ired_msgs/ired_msgs/msg/detail/motor_control__struct.h
-- Up-to-date symlink: /home/kha/robot_ws/install/ired_msgs/include/ired_msgs/ired_msgs/msg/detail/motor_control__type_support.h
-- Up-to-date symlink: /home/kha/robot_ws/install/ired_msgs/include/ired_msgs/ired_msgs/msg/detail/motor_data__functions.h
-- Up-to-date symlink: /home/kha/robot_ws/install/ired_msgs/include/ired_msgs/ired_msgs/msg/detail/motor_data__struct.h
-- Up-to-date symlink: /home/kha/robot_ws/install/ired_msgs/include/ired_msgs/ired_msgs/msg/detail/motor_data__type_support.h
-- Up-to-date symlink: /home/kha/robot_ws/install/ired_msgs/include/ired_msgs/ired_msgs/msg/detail/motor_speed__functions.h
-- Up-to-date symlink: /home/kha/robot_ws/install/ired_msgs/include/ired_msgs/ired_msgs/msg/detail/motor_speed__struct.h
-- Up-to-date symlink: /home/kha/robot_ws/install/ired_msgs/include/ired_msgs/ired_msgs/msg/detail/motor_speed__type_support.h
-- Up-to-date symlink: /home/kha/robot_ws/install/ired_msgs/include/ired_msgs/ired_msgs/msg/imu_data.h
-- Up-to-date symlink: /home/kha/robot_ws/install/ired_msgs/include/ired_msgs/ired_msgs/msg/motor_control.h
-- Up-to-date symlink: /home/kha/robot_ws/install/ired_msgs/include/ired_msgs/ired_msgs/msg/motor_data.h
-- Up-to-date symlink: /home/kha/robot_ws/install/ired_msgs/include/ired_msgs/ired_msgs/msg/motor_speed.h
-- Up-to-date symlink: /home/kha/robot_ws/install/ired_msgs/include/ired_msgs/ired_msgs/msg/rosidl_generator_c__visibility_control.h
-- Up-to-date symlink: /home/kha/robot_ws/install/ired_msgs/include/ired_msgs/ired_msgs/srv/detail/pid_tuning__functions.h
-- Up-to-date symlink: /home/kha/robot_ws/install/ired_msgs/include/ired_msgs/ired_msgs/srv/detail/pid_tuning__struct.h
-- Up-to-date symlink: /home/kha/robot_ws/install/ired_msgs/include/ired_msgs/ired_msgs/srv/detail/pid_tuning__type_support.h
-- Up-to-date symlink: /home/kha/robot_ws/install/ired_msgs/include/ired_msgs/ired_msgs/srv/pid_tuning.h
-- Up-to-date symlink: /home/kha/robot_ws/install/ired_msgs/share/ired_msgs/environment/library_path.sh
-- Up-to-date symlink: /home/kha/robot_ws/install/ired_msgs/share/ired_msgs/environment/library_path.dsv
-- Up-to-date symlink: /home/kha/robot_ws/install/ired_msgs/include/ired_msgs/ired_msgs/msg/detail/imu_data__rosidl_typesupport_fastrtps_c.h
-- Up-to-date symlink: /home/kha/robot_ws/install/ired_msgs/include/ired_msgs/ired_msgs/msg/detail/motor_control__rosidl_typesupport_fastrtps_c.h
-- Up-to-date symlink: /home/kha/robot_ws/install/ired_msgs/include/ired_msgs/ired_msgs/msg/detail/motor_data__rosidl_typesupport_fastrtps_c.h
-- Up-to-date symlink: /home/kha/robot_ws/install/ired_msgs/include/ired_msgs/ired_msgs/msg/detail/motor_speed__rosidl_typesupport_fastrtps_c.h
-- Up-to-date symlink: /home/kha/robot_ws/install/ired_msgs/include/ired_msgs/ired_msgs/msg/rosidl_typesupport_fastrtps_c__visibility_control.h
-- Up-to-date symlink: /home/kha/robot_ws/install/ired_msgs/include/ired_msgs/ired_msgs/srv/detail/pid_tuning__rosidl_typesupport_fastrtps_c.h
-- Up-to-date symlink: /home/kha/robot_ws/install/ired_msgs/include/ired_msgs/ired_msgs/msg/detail/imu_data__builder.hpp
-- Up-to-date symlink: /home/kha/robot_ws/install/ired_msgs/include/ired_msgs/ired_msgs/msg/detail/imu_data__struct.hpp
-- Up-to-date symlink: /home/kha/robot_ws/install/ired_msgs/include/ired_msgs/ired_msgs/msg/detail/imu_data__traits.hpp
-- Up-to-date symlink: /home/kha/robot_ws/install/ired_msgs/include/ired_msgs/ired_msgs/msg/detail/imu_data__type_support.hpp
-- Up-to-date symlink: /home/kha/robot_ws/install/ired_msgs/include/ired_msgs/ired_msgs/msg/detail/motor_control__builder.hpp
-- Up-to-date symlink: /home/kha/robot_ws/install/ired_msgs/include/ired_msgs/ired_msgs/msg/detail/motor_control__struct.hpp
-- Up-to-date symlink: /home/kha/robot_ws/install/ired_msgs/include/ired_msgs/ired_msgs/msg/detail/motor_control__traits.hpp
-- Up-to-date symlink: /home/kha/robot_ws/install/ired_msgs/include/ired_msgs/ired_msgs/msg/detail/motor_control__type_support.hpp
-- Up-to-date symlink: /home/kha/robot_ws/install/ired_msgs/include/ired_msgs/ired_msgs/msg/detail/motor_data__builder.hpp
-- Up-to-date symlink: /home/kha/robot_ws/install/ired_msgs/include/ired_msgs/ired_msgs/msg/detail/motor_data__struct.hpp
-- Up-to-date symlink: /home/kha/robot_ws/install/ired_msgs/include/ired_msgs/ired_msgs/msg/detail/motor_data__traits.hpp
-- Up-to-date symlink: /home/kha/robot_ws/install/ired_msgs/include/ired_msgs/ired_msgs/msg/detail/motor_data__type_support.hpp
-- Up-to-date symlink: /home/kha/robot_ws/install/ired_msgs/include/ired_msgs/ired_msgs/msg/detail/motor_speed__builder.hpp
-- Up-to-date symlink: /home/kha/robot_ws/install/ired_msgs/include/ired_msgs/ired_msgs/msg/detail/motor_speed__struct.hpp
-- Up-to-date symlink: /home/kha/robot_ws/install/ired_msgs/include/ired_msgs/ired_msgs/msg/detail/motor_speed__traits.hpp
-- Up-to-date symlink: /home/kha/robot_ws/install/ired_msgs/include/ired_msgs/ired_msgs/msg/detail/motor_speed__type_support.hpp
-- Up-to-date symlink: /home/kha/robot_ws/install/ired_msgs/include/ired_msgs/ired_msgs/msg/imu_data.hpp
-- Up-to-date symlink: /home/kha/robot_ws/install/ired_msgs/include/ired_msgs/ired_msgs/msg/motor_control.hpp
-- Up-to-date symlink: /home/kha/robot_ws/install/ired_msgs/include/ired_msgs/ired_msgs/msg/motor_data.hpp
-- Up-to-date symlink: /home/kha/robot_ws/install/ired_msgs/include/ired_msgs/ired_msgs/msg/motor_speed.hpp
-- Up-to-date symlink: /home/kha/robot_ws/install/ired_msgs/include/ired_msgs/ired_msgs/msg/rosidl_generator_cpp__visibility_control.hpp
-- Up-to-date symlink: /home/kha/robot_ws/install/ired_msgs/include/ired_msgs/ired_msgs/srv/detail/pid_tuning__builder.hpp
-- Up-to-date symlink: /home/kha/robot_ws/install/ired_msgs/include/ired_msgs/ired_msgs/srv/detail/pid_tuning__struct.hpp
-- Up-to-date symlink: /home/kha/robot_ws/install/ired_msgs/include/ired_msgs/ired_msgs/srv/detail/pid_tuning__traits.hpp
-- Up-to-date symlink: /home/kha/robot_ws/install/ired_msgs/include/ired_msgs/ired_msgs/srv/detail/pid_tuning__type_support.hpp
-- Up-to-date symlink: /home/kha/robot_ws/install/ired_msgs/include/ired_msgs/ired_msgs/srv/pid_tuning.hpp
-- Up-to-date symlink: /home/kha/robot_ws/install/ired_msgs/include/ired_msgs/ired_msgs/msg/detail/imu_data__rosidl_typesupport_fastrtps_cpp.hpp
-- Up-to-date symlink: /home/kha/robot_ws/install/ired_msgs/include/ired_msgs/ired_msgs/msg/detail/motor_control__rosidl_typesupport_fastrtps_cpp.hpp
-- Up-to-date symlink: /home/kha/robot_ws/install/ired_msgs/include/ired_msgs/ired_msgs/msg/detail/motor_data__rosidl_typesupport_fastrtps_cpp.hpp
-- Up-to-date symlink: /home/kha/robot_ws/install/ired_msgs/include/ired_msgs/ired_msgs/msg/detail/motor_speed__rosidl_typesupport_fastrtps_cpp.hpp
-- Up-to-date symlink: /home/kha/robot_ws/install/ired_msgs/include/ired_msgs/ired_msgs/msg/rosidl_typesupport_fastrtps_cpp__visibility_control.h
-- Up-to-date symlink: /home/kha/robot_ws/install/ired_msgs/include/ired_msgs/ired_msgs/srv/detail/pid_tuning__rosidl_typesupport_fastrtps_cpp.hpp
-- Up-to-date symlink: /home/kha/robot_ws/install/ired_msgs/include/ired_msgs/ired_msgs/msg/detail/imu_data__rosidl_typesupport_introspection_c.h
-- Up-to-date symlink: /home/kha/robot_ws/install/ired_msgs/include/ired_msgs/ired_msgs/msg/detail/motor_control__rosidl_typesupport_introspection_c.h
-- Up-to-date symlink: /home/kha/robot_ws/install/ired_msgs/include/ired_msgs/ired_msgs/msg/detail/motor_data__rosidl_typesupport_introspection_c.h
-- Up-to-date symlink: /home/kha/robot_ws/install/ired_msgs/include/ired_msgs/ired_msgs/msg/detail/motor_speed__rosidl_typesupport_introspection_c.h
-- Up-to-date symlink: /home/kha/robot_ws/install/ired_msgs/include/ired_msgs/ired_msgs/msg/rosidl_typesupport_introspection_c__visibility_control.h
-- Up-to-date symlink: /home/kha/robot_ws/install/ired_msgs/include/ired_msgs/ired_msgs/srv/detail/pid_tuning__rosidl_typesupport_introspection_c.h
-- Up-to-date symlink: /home/kha/robot_ws/install/ired_msgs/include/ired_msgs/ired_msgs/msg/detail/imu_data__rosidl_typesupport_introspection_cpp.hpp
-- Up-to-date symlink: /home/kha/robot_ws/install/ired_msgs/include/ired_msgs/ired_msgs/msg/detail/motor_control__rosidl_typesupport_introspection_cpp.hpp
-- Up-to-date symlink: /home/kha/robot_ws/install/ired_msgs/include/ired_msgs/ired_msgs/msg/detail/motor_data__rosidl_typesupport_introspection_cpp.hpp
-- Up-to-date symlink: /home/kha/robot_ws/install/ired_msgs/include/ired_msgs/ired_msgs/msg/detail/motor_speed__rosidl_typesupport_introspection_cpp.hpp
-- Up-to-date symlink: /home/kha/robot_ws/install/ired_msgs/include/ired_msgs/ired_msgs/srv/detail/pid_tuning__rosidl_typesupport_introspection_cpp.hpp
-- Up-to-date symlink: /home/kha/robot_ws/install/ired_msgs/share/ired_msgs/environment/pythonpath.sh
-- Up-to-date symlink: /home/kha/robot_ws/install/ired_msgs/share/ired_msgs/environment/pythonpath.dsv
-- Up-to-date symlink: /home/kha/robot_ws/install/ired_msgs/lib/python3.12/site-packages/ired_msgs-2.0.1-py3.12.egg-info/PKG-INFO
-- Up-to-date symlink: /home/kha/robot_ws/install/ired_msgs/lib/python3.12/site-packages/ired_msgs-2.0.1-py3.12.egg-info/SOURCES.txt
-- Up-to-date symlink: /home/kha/robot_ws/install/ired_msgs/lib/python3.12/site-packages/ired_msgs-2.0.1-py3.12.egg-info/dependency_links.txt
-- Up-to-date symlink: /home/kha/robot_ws/install/ired_msgs/lib/python3.12/site-packages/ired_msgs-2.0.1-py3.12.egg-info/top_level.txt
-- Up-to-date symlink: /home/kha/robot_ws/install/ired_msgs/lib/python3.12/site-packages/ired_msgs/__init__.py
-- Up-to-date symlink: /home/kha/robot_ws/install/ired_msgs/lib/python3.12/site-packages/ired_msgs/_ired_msgs_s.ep.rosidl_typesupport_c.c
-- Up-to-date symlink: /home/kha/robot_ws/install/ired_msgs/lib/python3.12/site-packages/ired_msgs/_ired_msgs_s.ep.rosidl_typesupport_fastrtps_c.c
-- Up-to-date symlink: /home/kha/robot_ws/install/ired_msgs/lib/python3.12/site-packages/ired_msgs/_ired_msgs_s.ep.rosidl_typesupport_introspection_c.c
-- Up-to-date symlink: /home/kha/robot_ws/install/ired_msgs/lib/python3.12/site-packages/ired_msgs/ired_msgs_s__rosidl_typesupport_c.so
-- Up-to-date symlink: /home/kha/robot_ws/install/ired_msgs/lib/python3.12/site-packages/ired_msgs/ired_msgs_s__rosidl_typesupport_fastrtps_c.so
-- Up-to-date symlink: /home/kha/robot_ws/install/ired_msgs/lib/python3.12/site-packages/ired_msgs/ired_msgs_s__rosidl_typesupport_introspection_c.so
-- Up-to-date symlink: /home/kha/robot_ws/install/ired_msgs/lib/python3.12/site-packages/ired_msgs/msg/__init__.py
-- Up-to-date symlink: /home/kha/robot_ws/install/ired_msgs/lib/python3.12/site-packages/ired_msgs/msg/_imu_data.py
-- Up-to-date symlink: /home/kha/robot_ws/install/ired_msgs/lib/python3.12/site-packages/ired_msgs/msg/_imu_data_s.c
-- Up-to-date symlink: /home/kha/robot_ws/install/ired_msgs/lib/python3.12/site-packages/ired_msgs/msg/_motor_control.py
-- Up-to-date symlink: /home/kha/robot_ws/install/ired_msgs/lib/python3.12/site-packages/ired_msgs/msg/_motor_control_s.c
-- Up-to-date symlink: /home/kha/robot_ws/install/ired_msgs/lib/python3.12/site-packages/ired_msgs/msg/_motor_data.py
-- Up-to-date symlink: /home/kha/robot_ws/install/ired_msgs/lib/python3.12/site-packages/ired_msgs/msg/_motor_data_s.c
-- Up-to-date symlink: /home/kha/robot_ws/install/ired_msgs/lib/python3.12/site-packages/ired_msgs/msg/_motor_speed.py
-- Up-to-date symlink: /home/kha/robot_ws/install/ired_msgs/lib/python3.12/site-packages/ired_msgs/msg/_motor_speed_s.c
-- Up-to-date symlink: /home/kha/robot_ws/install/ired_msgs/lib/python3.12/site-packages/ired_msgs/srv/__init__.py
-- Up-to-date symlink: /home/kha/robot_ws/install/ired_msgs/lib/python3.12/site-packages/ired_msgs/srv/_pid_tuning.py
-- Up-to-date symlink: /home/kha/robot_ws/install/ired_msgs/lib/python3.12/site-packages/ired_msgs/srv/_pid_tuning_s.c
-- Up-to-date symlink: /home/kha/robot_ws/install/ired_msgs/lib/python3.12/site-packages/ired_msgs/ired_msgs_s__rosidl_typesupport_fastrtps_c.so
-- Up-to-date symlink: /home/kha/robot_ws/install/ired_msgs/lib/python3.12/site-packages/ired_msgs/ired_msgs_s__rosidl_typesupport_introspection_c.so
-- Up-to-date symlink: /home/kha/robot_ws/install/ired_msgs/lib/python3.12/site-packages/ired_msgs/ired_msgs_s__rosidl_typesupport_c.so
-- Up-to-date symlink: /home/kha/robot_ws/install/ired_msgs/share/ired_msgs/msg/IMUData.idl
-- Up-to-date symlink: /home/kha/robot_ws/install/ired_msgs/share/ired_msgs/msg/MotorControl.idl
-- Up-to-date symlink: /home/kha/robot_ws/install/ired_msgs/share/ired_msgs/msg/MotorData.idl
-- Up-to-date symlink: /home/kha/robot_ws/install/ired_msgs/share/ired_msgs/msg/MotorSpeed.idl
-- Up-to-date symlink: /home/kha/robot_ws/install/ired_msgs/share/ired_msgs/srv/PIDTuning.idl
-- Up-to-date symlink: /home/kha/robot_ws/install/ired_msgs/share/ired_msgs/msg/IMUData.msg
-- Up-to-date symlink: /home/kha/robot_ws/install/ired_msgs/share/ired_msgs/msg/MotorControl.msg
-- Up-to-date symlink: /home/kha/robot_ws/install/ired_msgs/share/ired_msgs/msg/MotorData.msg
-- Up-to-date symlink: /home/kha/robot_ws/install/ired_msgs/share/ired_msgs/msg/MotorSpeed.msg
-- Up-to-date symlink: /home/kha/robot_ws/install/ired_msgs/share/ired_msgs/srv/PIDTuning.srv
-- Up-to-date symlink: /home/kha/robot_ws/install/ired_msgs/share/ament_index/resource_index/package_run_dependencies/ired_msgs
-- Up-to-date symlink: /home/kha/robot_ws/install/ired_msgs/share/ament_index/resource_index/parent_prefix_path/ired_msgs
-- Up-to-date symlink: /home/kha/robot_ws/install/ired_msgs/share/ired_msgs/environment/ament_prefix_path.sh
-- Up-to-date symlink: /home/kha/robot_ws/install/ired_msgs/share/ired_msgs/environment/ament_prefix_path.dsv
-- Up-to-date symlink: /home/kha/robot_ws/install/ired_msgs/share/ired_msgs/environment/path.sh
-- Up-to-date symlink: /home/kha/robot_ws/install/ired_msgs/share/ired_msgs/environment/path.dsv
-- Up-to-date symlink: /home/kha/robot_ws/install/ired_msgs/share/ired_msgs/local_setup.bash
-- Up-to-date symlink: /home/kha/robot_ws/install/ired_msgs/share/ired_msgs/local_setup.sh
-- Up-to-date symlink: /home/kha/robot_ws/install/ired_msgs/share/ired_msgs/local_setup.zsh
-- Up-to-date symlink: /home/kha/robot_ws/install/ired_msgs/share/ired_msgs/local_setup.dsv
-- Symlinking: /home/kha/robot_ws/install/ired_msgs/share/ired_msgs/package.dsv
-- Up-to-date symlink: /home/kha/robot_ws/install/ired_msgs/share/ament_index/resource_index/packages/ired_msgs
-- Up-to-date symlink: /home/kha/robot_ws/install/ired_msgs/share/ired_msgs/cmake/rosidl_cmake-extras.cmake
-- Up-to-date symlink: /home/kha/robot_ws/install/ired_msgs/share/ired_msgs/cmake/ament_cmake_export_dependencies-extras.cmake
-- Up-to-date symlink: /home/kha/robot_ws/install/ired_msgs/share/ired_msgs/cmake/ament_cmake_export_include_directories-extras.cmake
-- Up-to-date symlink: /home/kha/robot_ws/install/ired_msgs/share/ired_msgs/cmake/ament_cmake_export_libraries-extras.cmake
-- Up-to-date symlink: /home/kha/robot_ws/install/ired_msgs/share/ired_msgs/cmake/ament_cmake_export_targets-extras.cmake
-- Up-to-date symlink: /home/kha/robot_ws/install/ired_msgs/share/ired_msgs/cmake/rosidl_cmake_export_typesupport_targets-extras.cmake
-- Up-to-date symlink: /home/kha/robot_ws/install/ired_msgs/share/ired_msgs/cmake/rosidl_cmake_export_typesupport_libraries-extras.cmake
-- Up-to-date symlink: /home/kha/robot_ws/install/ired_msgs/share/ired_msgs/cmake/ired_msgsConfig.cmake
-- Up-to-date symlink: /home/kha/robot_ws/install/ired_msgs/share/ired_msgs/cmake/ired_msgsConfig-version.cmake
-- Up-to-date symlink: /home/kha/robot_ws/install/ired_msgs/share/ired_msgs/package.xml
-- Up-to-date: /home/kha/robot_ws/install/ired_msgs/lib/libired_msgs__rosidl_generator_c.so
-- Up-to-date: /home/kha/robot_ws/install/ired_msgs/lib/libired_msgs__rosidl_typesupport_fastrtps_c.so
-- Up-to-date: /home/kha/robot_ws/install/ired_msgs/lib/libired_msgs__rosidl_typesupport_fastrtps_cpp.so
-- Up-to-date: /home/kha/robot_ws/install/ired_msgs/lib/libired_msgs__rosidl_typesupport_introspection_c.so
-- Up-to-date: /home/kha/robot_ws/install/ired_msgs/lib/libired_msgs__rosidl_typesupport_c.so
-- Up-to-date: /home/kha/robot_ws/install/ired_msgs/lib/libired_msgs__rosidl_typesupport_introspection_cpp.so
-- Up-to-date: /home/kha/robot_ws/install/ired_msgs/lib/libired_msgs__rosidl_typesupport_cpp.so
Listing '/home/kha/robot_ws/install/ired_msgs/lib/python3.12/site-packages/ired_msgs'...
Listing '/home/kha/robot_ws/install/ired_msgs/lib/python3.12/site-packages/ired_msgs/msg'...
Listing '/home/kha/robot_ws/install/ired_msgs/lib/python3.12/site-packages/ired_msgs/srv'...
-- Up-to-date: /home/kha/robot_ws/install/ired_msgs/lib/libired_msgs__rosidl_generator_py.so
-- Up-to-date: /home/kha/robot_ws/install/ired_msgs/share/ired_msgs/cmake/export_ired_msgs__rosidl_generator_cExport.cmake
-- Up-to-date: /home/kha/robot_ws/install/ired_msgs/share/ired_msgs/cmake/export_ired_msgs__rosidl_generator_cExport-noconfig.cmake
-- Up-to-date: /home/kha/robot_ws/install/ired_msgs/share/ired_msgs/cmake/export_ired_msgs__rosidl_typesupport_fastrtps_cExport.cmake
-- Up-to-date: /home/kha/robot_ws/install/ired_msgs/share/ired_msgs/cmake/export_ired_msgs__rosidl_typesupport_fastrtps_cExport-noconfig.cmake
-- Up-to-date: /home/kha/robot_ws/install/ired_msgs/share/ired_msgs/cmake/export_ired_msgs__rosidl_generator_cppExport.cmake
-- Up-to-date: /home/kha/robot_ws/install/ired_msgs/share/ired_msgs/cmake/export_ired_msgs__rosidl_typesupport_fastrtps_cppExport.cmake
-- Up-to-date: /home/kha/robot_ws/install/ired_msgs/share/ired_msgs/cmake/export_ired_msgs__rosidl_typesupport_fastrtps_cppExport-noconfig.cmake
-- Up-to-date: /home/kha/robot_ws/install/ired_msgs/share/ired_msgs/cmake/ired_msgs__rosidl_typesupport_introspection_cExport.cmake
-- Up-to-date: /home/kha/robot_ws/install/ired_msgs/share/ired_msgs/cmake/ired_msgs__rosidl_typesupport_introspection_cExport-noconfig.cmake
-- Up-to-date: /home/kha/robot_ws/install/ired_msgs/share/ired_msgs/cmake/ired_msgs__rosidl_typesupport_cExport.cmake
-- Up-to-date: /home/kha/robot_ws/install/ired_msgs/share/ired_msgs/cmake/ired_msgs__rosidl_typesupport_cExport-noconfig.cmake
-- Up-to-date: /home/kha/robot_ws/install/ired_msgs/share/ired_msgs/cmake/ired_msgs__rosidl_typesupport_introspection_cppExport.cmake
-- Up-to-date: /home/kha/robot_ws/install/ired_msgs/share/ired_msgs/cmake/ired_msgs__rosidl_typesupport_introspection_cppExport-noconfig.cmake
-- Up-to-date: /home/kha/robot_ws/install/ired_msgs/share/ired_msgs/cmake/ired_msgs__rosidl_typesupport_cppExport.cmake
-- Up-to-date: /home/kha/robot_ws/install/ired_msgs/share/ired_msgs/cmake/ired_msgs__rosidl_typesupport_cppExport-noconfig.cmake
-- Up-to-date: /home/kha/robot_ws/install/ired_msgs/share/ired_msgs/cmake/export_ired_msgs__rosidl_generator_pyExport.cmake
-- Up-to-date: /home/kha/robot_ws/install/ired_msgs/share/ired_msgs/cmake/export_ired_msgs__rosidl_generator_pyExport-noconfig.cmake
