[0.303s] Invoking command in '/home/kha/robot_ws/build/ired_msgs': CMAKE_PREFIX_PATH=${CMAKE_PREFIX_PATH}:/home/kha/robot_ws/install/ired_teleop:/home/kha/robot_ws/install/gantry_commander:/opt/ros/jazzy DEBUGINFOD_URLS=https://debuginfod.ubuntu.com /usr/bin/cmake --build /home/kha/robot_ws/build/ired_msgs -- -j12 -l12
[0.581s] [  1%] Built target ired_msgs__rosidl_generator_type_description
[0.582s] [  1%] Built target ament_cmake_python_symlink_ired_msgs
[0.582s] [  2%] Built target ired_msgs__cpp
[0.583s] [ 25%] Built target ired_msgs__rosidl_generator_c
[0.583s] [ 35%] Built target ired_msgs__rosidl_typesupport_introspection_cpp
[0.583s] [ 44%] Built target ired_msgs__rosidl_typesupport_introspection_c
[0.583s] [ 54%] Built target ired_msgs__rosidl_typesupport_c
[0.584s] [ 63%] Built target ired_msgs__rosidl_typesupport_fastrtps_cpp
[0.584s] [ 74%] Built target ired_msgs__rosidl_typesupport_fastrtps_c
[0.584s] [ 82%] Built target ired_msgs__rosidl_typesupport_cpp
[0.585s] [ 82%] Built target ired_msgs
[0.585s] [ 83%] Built target ired_msgs__py
[0.585s] [ 91%] Built target ired_msgs__rosidl_generator_py
[0.585s] [100%] Built target ired_msgs_s__rosidl_typesupport_c
[0.585s] [100%] Built target ired_msgs_s__rosidl_typesupport_introspection_c
[0.585s] [100%] Built target ired_msgs_s__rosidl_typesupport_fastrtps_c
[0.718s] running egg_info
[0.772s] writing ired_msgs.egg-info/PKG-INFO
[0.772s] writing dependency_links to ired_msgs.egg-info/dependency_links.txt
[0.772s] writing top-level names to ired_msgs.egg-info/top_level.txt
[0.881s] reading manifest file 'ired_msgs.egg-info/SOURCES.txt'
[0.882s] writing manifest file 'ired_msgs.egg-info/SOURCES.txt'
[0.916s] [100%] Built target ament_cmake_python_build_ired_msgs_egg
[0.932s] Invoked command in '/home/kha/robot_ws/build/ired_msgs' returned '0': CMAKE_PREFIX_PATH=${CMAKE_PREFIX_PATH}:/home/kha/robot_ws/install/ired_teleop:/home/kha/robot_ws/install/gantry_commander:/opt/ros/jazzy DEBUGINFOD_URLS=https://debuginfod.ubuntu.com /usr/bin/cmake --build /home/kha/robot_ws/build/ired_msgs -- -j12 -l12
[0.933s] Invoking command in '/home/kha/robot_ws/build/ired_msgs': CMAKE_PREFIX_PATH=${CMAKE_PREFIX_PATH}:/home/kha/robot_ws/install/ired_teleop:/home/kha/robot_ws/install/gantry_commander:/opt/ros/jazzy DEBUGINFOD_URLS=https://debuginfod.ubuntu.com /usr/bin/cmake --install /home/kha/robot_ws/build/ired_msgs
[0.944s] -- Install configuration: ""
[0.944s] -- Execute custom install script
[0.944s] -- Up-to-date symlink: /home/kha/robot_ws/install/ired_msgs/share/ament_index/resource_index/rosidl_interfaces/ired_msgs
[0.945s] -- Up-to-date symlink: /home/kha/robot_ws/install/ired_msgs/share/ired_msgs/msg/IMUData.json
[0.945s] -- Up-to-date symlink: /home/kha/robot_ws/install/ired_msgs/share/ired_msgs/msg/MotorControl.json
[0.945s] -- Up-to-date symlink: /home/kha/robot_ws/install/ired_msgs/share/ired_msgs/msg/MotorData.json
[0.945s] -- Up-to-date symlink: /home/kha/robot_ws/install/ired_msgs/share/ired_msgs/msg/MotorSpeed.json
[0.946s] -- Up-to-date symlink: /home/kha/robot_ws/install/ired_msgs/share/ired_msgs/srv/PIDTuning.json
[0.947s] -- Up-to-date symlink: /home/kha/robot_ws/install/ired_msgs/include/ired_msgs/ired_msgs/msg/detail/imu_data__functions.h
[0.947s] -- Up-to-date symlink: /home/kha/robot_ws/install/ired_msgs/include/ired_msgs/ired_msgs/msg/detail/imu_data__struct.h
[0.947s] -- Up-to-date symlink: /home/kha/robot_ws/install/ired_msgs/include/ired_msgs/ired_msgs/msg/detail/imu_data__type_support.h
[0.947s] -- Up-to-date symlink: /home/kha/robot_ws/install/ired_msgs/include/ired_msgs/ired_msgs/msg/detail/motor_control__functions.h
[0.948s] -- Up-to-date symlink: /home/kha/robot_ws/install/ired_msgs/include/ired_msgs/ired_msgs/msg/detail/motor_control__struct.h
[0.948s] -- Up-to-date symlink: /home/kha/robot_ws/install/ired_msgs/include/ired_msgs/ired_msgs/msg/detail/motor_control__type_support.h
[0.948s] -- Up-to-date symlink: /home/kha/robot_ws/install/ired_msgs/include/ired_msgs/ired_msgs/msg/detail/motor_data__functions.h
[0.948s] -- Up-to-date symlink: /home/kha/robot_ws/install/ired_msgs/include/ired_msgs/ired_msgs/msg/detail/motor_data__struct.h
[0.948s] -- Up-to-date symlink: /home/kha/robot_ws/install/ired_msgs/include/ired_msgs/ired_msgs/msg/detail/motor_data__type_support.h
[0.949s] -- Up-to-date symlink: /home/kha/robot_ws/install/ired_msgs/include/ired_msgs/ired_msgs/msg/detail/motor_speed__functions.h
[0.949s] -- Up-to-date symlink: /home/kha/robot_ws/install/ired_msgs/include/ired_msgs/ired_msgs/msg/detail/motor_speed__struct.h
[0.949s] -- Up-to-date symlink: /home/kha/robot_ws/install/ired_msgs/include/ired_msgs/ired_msgs/msg/detail/motor_speed__type_support.h
[0.949s] -- Up-to-date symlink: /home/kha/robot_ws/install/ired_msgs/include/ired_msgs/ired_msgs/msg/imu_data.h
[0.949s] -- Up-to-date symlink: /home/kha/robot_ws/install/ired_msgs/include/ired_msgs/ired_msgs/msg/motor_control.h
[0.950s] -- Up-to-date symlink: /home/kha/robot_ws/install/ired_msgs/include/ired_msgs/ired_msgs/msg/motor_data.h
[0.950s] -- Up-to-date symlink: /home/kha/robot_ws/install/ired_msgs/include/ired_msgs/ired_msgs/msg/motor_speed.h
[0.950s] -- Up-to-date symlink: /home/kha/robot_ws/install/ired_msgs/include/ired_msgs/ired_msgs/msg/rosidl_generator_c__visibility_control.h
[0.950s] -- Up-to-date symlink: /home/kha/robot_ws/install/ired_msgs/include/ired_msgs/ired_msgs/srv/detail/pid_tuning__functions.h
[0.951s] -- Up-to-date symlink: /home/kha/robot_ws/install/ired_msgs/include/ired_msgs/ired_msgs/srv/detail/pid_tuning__struct.h
[0.951s] -- Up-to-date symlink: /home/kha/robot_ws/install/ired_msgs/include/ired_msgs/ired_msgs/srv/detail/pid_tuning__type_support.h
[0.951s] -- Up-to-date symlink: /home/kha/robot_ws/install/ired_msgs/include/ired_msgs/ired_msgs/srv/pid_tuning.h
[0.951s] -- Up-to-date symlink: /home/kha/robot_ws/install/ired_msgs/share/ired_msgs/environment/library_path.sh
[0.952s] -- Up-to-date symlink: /home/kha/robot_ws/install/ired_msgs/share/ired_msgs/environment/library_path.dsv
[0.953s] -- Up-to-date symlink: /home/kha/robot_ws/install/ired_msgs/include/ired_msgs/ired_msgs/msg/detail/imu_data__rosidl_typesupport_fastrtps_c.h
[0.953s] -- Up-to-date symlink: /home/kha/robot_ws/install/ired_msgs/include/ired_msgs/ired_msgs/msg/detail/motor_control__rosidl_typesupport_fastrtps_c.h
[0.953s] -- Up-to-date symlink: /home/kha/robot_ws/install/ired_msgs/include/ired_msgs/ired_msgs/msg/detail/motor_data__rosidl_typesupport_fastrtps_c.h
[0.953s] -- Up-to-date symlink: /home/kha/robot_ws/install/ired_msgs/include/ired_msgs/ired_msgs/msg/detail/motor_speed__rosidl_typesupport_fastrtps_c.h
[0.953s] -- Up-to-date symlink: /home/kha/robot_ws/install/ired_msgs/include/ired_msgs/ired_msgs/msg/rosidl_typesupport_fastrtps_c__visibility_control.h
[0.953s] -- Up-to-date symlink: /home/kha/robot_ws/install/ired_msgs/include/ired_msgs/ired_msgs/srv/detail/pid_tuning__rosidl_typesupport_fastrtps_c.h
[0.954s] -- Up-to-date symlink: /home/kha/robot_ws/install/ired_msgs/include/ired_msgs/ired_msgs/msg/detail/imu_data__builder.hpp
[0.955s] -- Up-to-date symlink: /home/kha/robot_ws/install/ired_msgs/include/ired_msgs/ired_msgs/msg/detail/imu_data__struct.hpp
[0.955s] -- Up-to-date symlink: /home/kha/robot_ws/install/ired_msgs/include/ired_msgs/ired_msgs/msg/detail/imu_data__traits.hpp
[0.955s] -- Up-to-date symlink: /home/kha/robot_ws/install/ired_msgs/include/ired_msgs/ired_msgs/msg/detail/imu_data__type_support.hpp
[0.955s] -- Up-to-date symlink: /home/kha/robot_ws/install/ired_msgs/include/ired_msgs/ired_msgs/msg/detail/motor_control__builder.hpp
[0.955s] -- Up-to-date symlink: /home/kha/robot_ws/install/ired_msgs/include/ired_msgs/ired_msgs/msg/detail/motor_control__struct.hpp
[0.955s] -- Up-to-date symlink: /home/kha/robot_ws/install/ired_msgs/include/ired_msgs/ired_msgs/msg/detail/motor_control__traits.hpp
[0.956s] -- Up-to-date symlink: /home/kha/robot_ws/install/ired_msgs/include/ired_msgs/ired_msgs/msg/detail/motor_control__type_support.hpp
[0.956s] -- Up-to-date symlink: /home/kha/robot_ws/install/ired_msgs/include/ired_msgs/ired_msgs/msg/detail/motor_data__builder.hpp
[0.956s] -- Up-to-date symlink: /home/kha/robot_ws/install/ired_msgs/include/ired_msgs/ired_msgs/msg/detail/motor_data__struct.hpp
[0.956s] -- Up-to-date symlink: /home/kha/robot_ws/install/ired_msgs/include/ired_msgs/ired_msgs/msg/detail/motor_data__traits.hpp
[0.957s] -- Up-to-date symlink: /home/kha/robot_ws/install/ired_msgs/include/ired_msgs/ired_msgs/msg/detail/motor_data__type_support.hpp
[0.957s] -- Up-to-date symlink: /home/kha/robot_ws/install/ired_msgs/include/ired_msgs/ired_msgs/msg/detail/motor_speed__builder.hpp
[0.957s] -- Up-to-date symlink: /home/kha/robot_ws/install/ired_msgs/include/ired_msgs/ired_msgs/msg/detail/motor_speed__struct.hpp
[0.957s] -- Up-to-date symlink: /home/kha/robot_ws/install/ired_msgs/include/ired_msgs/ired_msgs/msg/detail/motor_speed__traits.hpp
[0.957s] -- Up-to-date symlink: /home/kha/robot_ws/install/ired_msgs/include/ired_msgs/ired_msgs/msg/detail/motor_speed__type_support.hpp
[0.958s] -- Up-to-date symlink: /home/kha/robot_ws/install/ired_msgs/include/ired_msgs/ired_msgs/msg/imu_data.hpp
[0.958s] -- Up-to-date symlink: /home/kha/robot_ws/install/ired_msgs/include/ired_msgs/ired_msgs/msg/motor_control.hpp
[0.958s] -- Up-to-date symlink: /home/kha/robot_ws/install/ired_msgs/include/ired_msgs/ired_msgs/msg/motor_data.hpp
[0.958s] -- Up-to-date symlink: /home/kha/robot_ws/install/ired_msgs/include/ired_msgs/ired_msgs/msg/motor_speed.hpp
[0.958s] -- Up-to-date symlink: /home/kha/robot_ws/install/ired_msgs/include/ired_msgs/ired_msgs/msg/rosidl_generator_cpp__visibility_control.hpp
[0.959s] -- Up-to-date symlink: /home/kha/robot_ws/install/ired_msgs/include/ired_msgs/ired_msgs/srv/detail/pid_tuning__builder.hpp
[0.959s] -- Up-to-date symlink: /home/kha/robot_ws/install/ired_msgs/include/ired_msgs/ired_msgs/srv/detail/pid_tuning__struct.hpp
[0.959s] -- Up-to-date symlink: /home/kha/robot_ws/install/ired_msgs/include/ired_msgs/ired_msgs/srv/detail/pid_tuning__traits.hpp
[0.959s] -- Up-to-date symlink: /home/kha/robot_ws/install/ired_msgs/include/ired_msgs/ired_msgs/srv/detail/pid_tuning__type_support.hpp
[0.959s] -- Up-to-date symlink: /home/kha/robot_ws/install/ired_msgs/include/ired_msgs/ired_msgs/srv/pid_tuning.hpp
[0.960s] -- Up-to-date symlink: /home/kha/robot_ws/install/ired_msgs/include/ired_msgs/ired_msgs/msg/detail/imu_data__rosidl_typesupport_fastrtps_cpp.hpp
[0.961s] -- Up-to-date symlink: /home/kha/robot_ws/install/ired_msgs/include/ired_msgs/ired_msgs/msg/detail/motor_control__rosidl_typesupport_fastrtps_cpp.hpp
[0.961s] -- Up-to-date symlink: /home/kha/robot_ws/install/ired_msgs/include/ired_msgs/ired_msgs/msg/detail/motor_data__rosidl_typesupport_fastrtps_cpp.hpp
[0.961s] -- Up-to-date symlink: /home/kha/robot_ws/install/ired_msgs/include/ired_msgs/ired_msgs/msg/detail/motor_speed__rosidl_typesupport_fastrtps_cpp.hpp
[0.961s] -- Up-to-date symlink: /home/kha/robot_ws/install/ired_msgs/include/ired_msgs/ired_msgs/msg/rosidl_typesupport_fastrtps_cpp__visibility_control.h
[0.961s] -- Up-to-date symlink: /home/kha/robot_ws/install/ired_msgs/include/ired_msgs/ired_msgs/srv/detail/pid_tuning__rosidl_typesupport_fastrtps_cpp.hpp
[0.962s] -- Up-to-date symlink: /home/kha/robot_ws/install/ired_msgs/include/ired_msgs/ired_msgs/msg/detail/imu_data__rosidl_typesupport_introspection_c.h
[0.962s] -- Up-to-date symlink: /home/kha/robot_ws/install/ired_msgs/include/ired_msgs/ired_msgs/msg/detail/motor_control__rosidl_typesupport_introspection_c.h
[0.962s] -- Up-to-date symlink: /home/kha/robot_ws/install/ired_msgs/include/ired_msgs/ired_msgs/msg/detail/motor_data__rosidl_typesupport_introspection_c.h
[0.963s] -- Up-to-date symlink: /home/kha/robot_ws/install/ired_msgs/include/ired_msgs/ired_msgs/msg/detail/motor_speed__rosidl_typesupport_introspection_c.h
[0.963s] -- Up-to-date symlink: /home/kha/robot_ws/install/ired_msgs/include/ired_msgs/ired_msgs/msg/rosidl_typesupport_introspection_c__visibility_control.h
[0.963s] -- Up-to-date symlink: /home/kha/robot_ws/install/ired_msgs/include/ired_msgs/ired_msgs/srv/detail/pid_tuning__rosidl_typesupport_introspection_c.h
[0.963s] -- Up-to-date symlink: /home/kha/robot_ws/install/ired_msgs/include/ired_msgs/ired_msgs/msg/detail/imu_data__rosidl_typesupport_introspection_cpp.hpp
[0.964s] -- Up-to-date symlink: /home/kha/robot_ws/install/ired_msgs/include/ired_msgs/ired_msgs/msg/detail/motor_control__rosidl_typesupport_introspection_cpp.hpp
[0.964s] -- Up-to-date symlink: /home/kha/robot_ws/install/ired_msgs/include/ired_msgs/ired_msgs/msg/detail/motor_data__rosidl_typesupport_introspection_cpp.hpp
[0.964s] -- Up-to-date symlink: /home/kha/robot_ws/install/ired_msgs/include/ired_msgs/ired_msgs/msg/detail/motor_speed__rosidl_typesupport_introspection_cpp.hpp
[0.964s] -- Up-to-date symlink: /home/kha/robot_ws/install/ired_msgs/include/ired_msgs/ired_msgs/srv/detail/pid_tuning__rosidl_typesupport_introspection_cpp.hpp
[0.964s] -- Up-to-date symlink: /home/kha/robot_ws/install/ired_msgs/share/ired_msgs/environment/pythonpath.sh
[0.965s] -- Up-to-date symlink: /home/kha/robot_ws/install/ired_msgs/share/ired_msgs/environment/pythonpath.dsv
[0.965s] -- Up-to-date symlink: /home/kha/robot_ws/install/ired_msgs/lib/python3.12/site-packages/ired_msgs-2.0.1-py3.12.egg-info/PKG-INFO
[0.965s] -- Up-to-date symlink: /home/kha/robot_ws/install/ired_msgs/lib/python3.12/site-packages/ired_msgs-2.0.1-py3.12.egg-info/SOURCES.txt
[0.966s] -- Up-to-date symlink: /home/kha/robot_ws/install/ired_msgs/lib/python3.12/site-packages/ired_msgs-2.0.1-py3.12.egg-info/dependency_links.txt
[0.966s] -- Up-to-date symlink: /home/kha/robot_ws/install/ired_msgs/lib/python3.12/site-packages/ired_msgs-2.0.1-py3.12.egg-info/top_level.txt
[0.967s] -- Up-to-date symlink: /home/kha/robot_ws/install/ired_msgs/lib/python3.12/site-packages/ired_msgs/__init__.py
[0.967s] -- Up-to-date symlink: /home/kha/robot_ws/install/ired_msgs/lib/python3.12/site-packages/ired_msgs/_ired_msgs_s.ep.rosidl_typesupport_c.c
[0.967s] -- Up-to-date symlink: /home/kha/robot_ws/install/ired_msgs/lib/python3.12/site-packages/ired_msgs/_ired_msgs_s.ep.rosidl_typesupport_fastrtps_c.c
[0.967s] -- Up-to-date symlink: /home/kha/robot_ws/install/ired_msgs/lib/python3.12/site-packages/ired_msgs/_ired_msgs_s.ep.rosidl_typesupport_introspection_c.c
[0.968s] -- Up-to-date symlink: /home/kha/robot_ws/install/ired_msgs/lib/python3.12/site-packages/ired_msgs/ired_msgs_s__rosidl_typesupport_c.so
[0.968s] -- Up-to-date symlink: /home/kha/robot_ws/install/ired_msgs/lib/python3.12/site-packages/ired_msgs/ired_msgs_s__rosidl_typesupport_fastrtps_c.so
[0.968s] -- Up-to-date symlink: /home/kha/robot_ws/install/ired_msgs/lib/python3.12/site-packages/ired_msgs/ired_msgs_s__rosidl_typesupport_introspection_c.so
[0.968s] -- Up-to-date symlink: /home/kha/robot_ws/install/ired_msgs/lib/python3.12/site-packages/ired_msgs/msg/__init__.py
[0.968s] -- Up-to-date symlink: /home/kha/robot_ws/install/ired_msgs/lib/python3.12/site-packages/ired_msgs/msg/_imu_data.py
[0.969s] -- Up-to-date symlink: /home/kha/robot_ws/install/ired_msgs/lib/python3.12/site-packages/ired_msgs/msg/_imu_data_s.c
[0.969s] -- Up-to-date symlink: /home/kha/robot_ws/install/ired_msgs/lib/python3.12/site-packages/ired_msgs/msg/_motor_control.py
[0.969s] -- Up-to-date symlink: /home/kha/robot_ws/install/ired_msgs/lib/python3.12/site-packages/ired_msgs/msg/_motor_control_s.c
[0.969s] -- Up-to-date symlink: /home/kha/robot_ws/install/ired_msgs/lib/python3.12/site-packages/ired_msgs/msg/_motor_data.py
[0.969s] -- Up-to-date symlink: /home/kha/robot_ws/install/ired_msgs/lib/python3.12/site-packages/ired_msgs/msg/_motor_data_s.c
[0.970s] -- Up-to-date symlink: /home/kha/robot_ws/install/ired_msgs/lib/python3.12/site-packages/ired_msgs/msg/_motor_speed.py
[0.970s] -- Up-to-date symlink: /home/kha/robot_ws/install/ired_msgs/lib/python3.12/site-packages/ired_msgs/msg/_motor_speed_s.c
[0.970s] -- Up-to-date symlink: /home/kha/robot_ws/install/ired_msgs/lib/python3.12/site-packages/ired_msgs/srv/__init__.py
[0.970s] -- Up-to-date symlink: /home/kha/robot_ws/install/ired_msgs/lib/python3.12/site-packages/ired_msgs/srv/_pid_tuning.py
[0.970s] -- Up-to-date symlink: /home/kha/robot_ws/install/ired_msgs/lib/python3.12/site-packages/ired_msgs/srv/_pid_tuning_s.c
[0.971s] -- Up-to-date symlink: /home/kha/robot_ws/install/ired_msgs/lib/python3.12/site-packages/ired_msgs/ired_msgs_s__rosidl_typesupport_fastrtps_c.so
[0.971s] -- Up-to-date symlink: /home/kha/robot_ws/install/ired_msgs/lib/python3.12/site-packages/ired_msgs/ired_msgs_s__rosidl_typesupport_introspection_c.so
[0.972s] -- Up-to-date symlink: /home/kha/robot_ws/install/ired_msgs/lib/python3.12/site-packages/ired_msgs/ired_msgs_s__rosidl_typesupport_c.so
[0.972s] -- Up-to-date symlink: /home/kha/robot_ws/install/ired_msgs/share/ired_msgs/msg/IMUData.idl
[0.972s] -- Up-to-date symlink: /home/kha/robot_ws/install/ired_msgs/share/ired_msgs/msg/MotorControl.idl
[0.972s] -- Up-to-date symlink: /home/kha/robot_ws/install/ired_msgs/share/ired_msgs/msg/MotorData.idl
[0.973s] -- Up-to-date symlink: /home/kha/robot_ws/install/ired_msgs/share/ired_msgs/msg/MotorSpeed.idl
[0.973s] -- Up-to-date symlink: /home/kha/robot_ws/install/ired_msgs/share/ired_msgs/srv/PIDTuning.idl
[0.973s] -- Up-to-date symlink: /home/kha/robot_ws/install/ired_msgs/share/ired_msgs/msg/IMUData.msg
[0.973s] -- Up-to-date symlink: /home/kha/robot_ws/install/ired_msgs/share/ired_msgs/msg/MotorControl.msg
[0.974s] -- Up-to-date symlink: /home/kha/robot_ws/install/ired_msgs/share/ired_msgs/msg/MotorData.msg
[0.974s] -- Up-to-date symlink: /home/kha/robot_ws/install/ired_msgs/share/ired_msgs/msg/MotorSpeed.msg
[0.974s] -- Up-to-date symlink: /home/kha/robot_ws/install/ired_msgs/share/ired_msgs/srv/PIDTuning.srv
[0.975s] -- Up-to-date symlink: /home/kha/robot_ws/install/ired_msgs/share/ament_index/resource_index/package_run_dependencies/ired_msgs
[0.975s] -- Up-to-date symlink: /home/kha/robot_ws/install/ired_msgs/share/ament_index/resource_index/parent_prefix_path/ired_msgs
[0.975s] -- Up-to-date symlink: /home/kha/robot_ws/install/ired_msgs/share/ired_msgs/environment/ament_prefix_path.sh
[0.975s] -- Up-to-date symlink: /home/kha/robot_ws/install/ired_msgs/share/ired_msgs/environment/ament_prefix_path.dsv
[0.975s] -- Up-to-date symlink: /home/kha/robot_ws/install/ired_msgs/share/ired_msgs/environment/path.sh
[0.976s] -- Up-to-date symlink: /home/kha/robot_ws/install/ired_msgs/share/ired_msgs/environment/path.dsv
[0.976s] -- Up-to-date symlink: /home/kha/robot_ws/install/ired_msgs/share/ired_msgs/local_setup.bash
[0.976s] -- Up-to-date symlink: /home/kha/robot_ws/install/ired_msgs/share/ired_msgs/local_setup.sh
[0.977s] -- Up-to-date symlink: /home/kha/robot_ws/install/ired_msgs/share/ired_msgs/local_setup.zsh
[0.977s] -- Up-to-date symlink: /home/kha/robot_ws/install/ired_msgs/share/ired_msgs/local_setup.dsv
[0.977s] -- Symlinking: /home/kha/robot_ws/install/ired_msgs/share/ired_msgs/package.dsv
[0.990s] -- Up-to-date symlink: /home/kha/robot_ws/install/ired_msgs/share/ament_index/resource_index/packages/ired_msgs
[0.990s] -- Up-to-date symlink: /home/kha/robot_ws/install/ired_msgs/share/ired_msgs/cmake/rosidl_cmake-extras.cmake
[0.990s] -- Up-to-date symlink: /home/kha/robot_ws/install/ired_msgs/share/ired_msgs/cmake/ament_cmake_export_dependencies-extras.cmake
[0.991s] -- Up-to-date symlink: /home/kha/robot_ws/install/ired_msgs/share/ired_msgs/cmake/ament_cmake_export_include_directories-extras.cmake
[0.991s] -- Up-to-date symlink: /home/kha/robot_ws/install/ired_msgs/share/ired_msgs/cmake/ament_cmake_export_libraries-extras.cmake
[0.991s] -- Up-to-date symlink: /home/kha/robot_ws/install/ired_msgs/share/ired_msgs/cmake/ament_cmake_export_targets-extras.cmake
[0.991s] -- Up-to-date symlink: /home/kha/robot_ws/install/ired_msgs/share/ired_msgs/cmake/rosidl_cmake_export_typesupport_targets-extras.cmake
[0.992s] -- Up-to-date symlink: /home/kha/robot_ws/install/ired_msgs/share/ired_msgs/cmake/rosidl_cmake_export_typesupport_libraries-extras.cmake
[0.992s] -- Up-to-date symlink: /home/kha/robot_ws/install/ired_msgs/share/ired_msgs/cmake/ired_msgsConfig.cmake
[0.992s] -- Up-to-date symlink: /home/kha/robot_ws/install/ired_msgs/share/ired_msgs/cmake/ired_msgsConfig-version.cmake
[0.992s] -- Up-to-date symlink: /home/kha/robot_ws/install/ired_msgs/share/ired_msgs/package.xml
[0.993s] -- Up-to-date: /home/kha/robot_ws/install/ired_msgs/lib/libired_msgs__rosidl_generator_c.so
[0.993s] -- Up-to-date: /home/kha/robot_ws/install/ired_msgs/lib/libired_msgs__rosidl_typesupport_fastrtps_c.so
[0.994s] -- Up-to-date: /home/kha/robot_ws/install/ired_msgs/lib/libired_msgs__rosidl_typesupport_fastrtps_cpp.so
[0.994s] -- Up-to-date: /home/kha/robot_ws/install/ired_msgs/lib/libired_msgs__rosidl_typesupport_introspection_c.so
[0.995s] -- Up-to-date: /home/kha/robot_ws/install/ired_msgs/lib/libired_msgs__rosidl_typesupport_c.so
[0.995s] -- Up-to-date: /home/kha/robot_ws/install/ired_msgs/lib/libired_msgs__rosidl_typesupport_introspection_cpp.so
[0.996s] -- Up-to-date: /home/kha/robot_ws/install/ired_msgs/lib/libired_msgs__rosidl_typesupport_cpp.so
[1.039s] Listing '/home/kha/robot_ws/install/ired_msgs/lib/python3.12/site-packages/ired_msgs'...
[1.039s] Listing '/home/kha/robot_ws/install/ired_msgs/lib/python3.12/site-packages/ired_msgs/msg'...
[1.039s] Listing '/home/kha/robot_ws/install/ired_msgs/lib/python3.12/site-packages/ired_msgs/srv'...
[1.045s] -- Up-to-date: /home/kha/robot_ws/install/ired_msgs/lib/libired_msgs__rosidl_generator_py.so
[1.046s] -- Up-to-date: /home/kha/robot_ws/install/ired_msgs/share/ired_msgs/cmake/export_ired_msgs__rosidl_generator_cExport.cmake
[1.046s] -- Up-to-date: /home/kha/robot_ws/install/ired_msgs/share/ired_msgs/cmake/export_ired_msgs__rosidl_generator_cExport-noconfig.cmake
[1.046s] -- Up-to-date: /home/kha/robot_ws/install/ired_msgs/share/ired_msgs/cmake/export_ired_msgs__rosidl_typesupport_fastrtps_cExport.cmake
[1.046s] -- Up-to-date: /home/kha/robot_ws/install/ired_msgs/share/ired_msgs/cmake/export_ired_msgs__rosidl_typesupport_fastrtps_cExport-noconfig.cmake
[1.046s] -- Up-to-date: /home/kha/robot_ws/install/ired_msgs/share/ired_msgs/cmake/export_ired_msgs__rosidl_generator_cppExport.cmake
[1.046s] -- Up-to-date: /home/kha/robot_ws/install/ired_msgs/share/ired_msgs/cmake/export_ired_msgs__rosidl_typesupport_fastrtps_cppExport.cmake
[1.046s] -- Up-to-date: /home/kha/robot_ws/install/ired_msgs/share/ired_msgs/cmake/export_ired_msgs__rosidl_typesupport_fastrtps_cppExport-noconfig.cmake
[1.047s] -- Up-to-date: /home/kha/robot_ws/install/ired_msgs/share/ired_msgs/cmake/ired_msgs__rosidl_typesupport_introspection_cExport.cmake
[1.047s] -- Up-to-date: /home/kha/robot_ws/install/ired_msgs/share/ired_msgs/cmake/ired_msgs__rosidl_typesupport_introspection_cExport-noconfig.cmake
[1.047s] -- Up-to-date: /home/kha/robot_ws/install/ired_msgs/share/ired_msgs/cmake/ired_msgs__rosidl_typesupport_cExport.cmake
[1.047s] -- Up-to-date: /home/kha/robot_ws/install/ired_msgs/share/ired_msgs/cmake/ired_msgs__rosidl_typesupport_cExport-noconfig.cmake
[1.047s] -- Up-to-date: /home/kha/robot_ws/install/ired_msgs/share/ired_msgs/cmake/ired_msgs__rosidl_typesupport_introspection_cppExport.cmake
[1.047s] -- Up-to-date: /home/kha/robot_ws/install/ired_msgs/share/ired_msgs/cmake/ired_msgs__rosidl_typesupport_introspection_cppExport-noconfig.cmake
[1.047s] -- Up-to-date: /home/kha/robot_ws/install/ired_msgs/share/ired_msgs/cmake/ired_msgs__rosidl_typesupport_cppExport.cmake
[1.047s] -- Up-to-date: /home/kha/robot_ws/install/ired_msgs/share/ired_msgs/cmake/ired_msgs__rosidl_typesupport_cppExport-noconfig.cmake
[1.047s] -- Up-to-date: /home/kha/robot_ws/install/ired_msgs/share/ired_msgs/cmake/export_ired_msgs__rosidl_generator_pyExport.cmake
[1.048s] -- Up-to-date: /home/kha/robot_ws/install/ired_msgs/share/ired_msgs/cmake/export_ired_msgs__rosidl_generator_pyExport-noconfig.cmake
[1.050s] Invoked command in '/home/kha/robot_ws/build/ired_msgs' returned '0': CMAKE_PREFIX_PATH=${CMAKE_PREFIX_PATH}:/home/kha/robot_ws/install/ired_teleop:/home/kha/robot_ws/install/gantry_commander:/opt/ros/jazzy DEBUGINFOD_URLS=https://debuginfod.ubuntu.com /usr/bin/cmake --install /home/kha/robot_ws/build/ired_msgs
