[0.556s] Invoking command in '/home/kha/robot_ws/build/rplidar_ros': CMAKE_PREFIX_PATH=${CMAKE_PREFIX_PATH}:/home/kha/robot_ws/install/ired_teleop:/home/kha/robot_ws/install/gantry_commander:/opt/ros/jazzy DEBUGINFOD_URLS=https://debuginfod.ubuntu.com /usr/bin/cmake --build /home/kha/robot_ws/build/rplidar_ros -- -j12 -l12
[0.645s] [  5%] Built target rplidar_client
[0.652s] [ 52%] Built target rplidar_node
[0.661s] [100%] Built target rplidar_composition
[0.687s] Invoked command in '/home/kha/robot_ws/build/rplidar_ros' returned '0': CMAKE_PREFIX_PATH=${CMAKE_PREFIX_PATH}:/home/kha/robot_ws/install/ired_teleop:/home/kha/robot_ws/install/gantry_commander:/opt/ros/jazzy DEBUGINFOD_URLS=https://debuginfod.ubuntu.com /usr/bin/cmake --build /home/kha/robot_ws/build/rplidar_ros -- -j12 -l12
[0.689s] Invoking command in '/home/kha/robot_ws/build/rplidar_ros': CMAKE_PREFIX_PATH=${CMAKE_PREFIX_PATH}:/home/kha/robot_ws/install/ired_teleop:/home/kha/robot_ws/install/gantry_commander:/opt/ros/jazzy DEBUGINFOD_URLS=https://debuginfod.ubuntu.com /usr/bin/cmake --install /home/kha/robot_ws/build/rplidar_ros
[0.702s] -- Install configuration: ""
[0.702s] -- Execute custom install script
[0.703s] -- Up-to-date symlink: /home/kha/robot_ws/install/rplidar_ros/share/rplidar_ros/launch/rplidar_a1_launch.py
[0.703s] -- Up-to-date symlink: /home/kha/robot_ws/install/rplidar_ros/share/rplidar_ros/launch/view_rplidar_a1_launch.py
[0.704s] -- Up-to-date symlink: /home/kha/robot_ws/install/rplidar_ros/share/rplidar_ros/rviz/rplidar_ros.rviz
[0.704s] -- Up-to-date symlink: /home/kha/robot_ws/install/rplidar_ros/lib/rplidar_ros/rplidar_node
[0.705s] -- Up-to-date symlink: /home/kha/robot_ws/install/rplidar_ros/lib/rplidar_ros/rplidar_composition
[0.705s] -- Up-to-date symlink: /home/kha/robot_ws/install/rplidar_ros/lib/rplidar_ros/rplidar_client
[0.705s] -- Up-to-date symlink: /home/kha/robot_ws/install/rplidar_ros/share/ament_index/resource_index/package_run_dependencies/rplidar_ros
[0.706s] -- Up-to-date symlink: /home/kha/robot_ws/install/rplidar_ros/share/ament_index/resource_index/parent_prefix_path/rplidar_ros
[0.706s] -- Up-to-date symlink: /home/kha/robot_ws/install/rplidar_ros/share/rplidar_ros/environment/ament_prefix_path.sh
[0.706s] -- Up-to-date symlink: /home/kha/robot_ws/install/rplidar_ros/share/rplidar_ros/environment/ament_prefix_path.dsv
[0.707s] -- Up-to-date symlink: /home/kha/robot_ws/install/rplidar_ros/share/rplidar_ros/environment/path.sh
[0.707s] -- Up-to-date symlink: /home/kha/robot_ws/install/rplidar_ros/share/rplidar_ros/environment/path.dsv
[0.707s] -- Up-to-date symlink: /home/kha/robot_ws/install/rplidar_ros/share/rplidar_ros/local_setup.bash
[0.707s] -- Up-to-date symlink: /home/kha/robot_ws/install/rplidar_ros/share/rplidar_ros/local_setup.sh
[0.708s] -- Up-to-date symlink: /home/kha/robot_ws/install/rplidar_ros/share/rplidar_ros/local_setup.zsh
[0.708s] -- Up-to-date symlink: /home/kha/robot_ws/install/rplidar_ros/share/rplidar_ros/local_setup.dsv
[0.708s] -- Symlinking: /home/kha/robot_ws/install/rplidar_ros/share/rplidar_ros/package.dsv
[0.721s] -- Up-to-date symlink: /home/kha/robot_ws/install/rplidar_ros/share/ament_index/resource_index/packages/rplidar_ros
[0.721s] -- Up-to-date symlink: /home/kha/robot_ws/install/rplidar_ros/share/rplidar_ros/cmake/ament_cmake_export_dependencies-extras.cmake
[0.722s] -- Up-to-date symlink: /home/kha/robot_ws/install/rplidar_ros/share/rplidar_ros/cmake/ament_cmake_export_include_directories-extras.cmake
[0.722s] -- Up-to-date symlink: /home/kha/robot_ws/install/rplidar_ros/share/rplidar_ros/cmake/rplidar_rosConfig.cmake
[0.722s] -- Up-to-date symlink: /home/kha/robot_ws/install/rplidar_ros/share/rplidar_ros/cmake/rplidar_rosConfig-version.cmake
[0.722s] -- Up-to-date symlink: /home/kha/robot_ws/install/rplidar_ros/share/rplidar_ros/package.xml
[0.725s] Invoked command in '/home/kha/robot_ws/build/rplidar_ros' returned '0': CMAKE_PREFIX_PATH=${CMAKE_PREFIX_PATH}:/home/kha/robot_ws/install/ired_teleop:/home/kha/robot_ws/install/gantry_commander:/opt/ros/jazzy DEBUGINFOD_URLS=https://debuginfod.ubuntu.com /usr/bin/cmake --install /home/kha/robot_ws/build/rplidar_ros
