[0.019s] Invoking command in '/home/kha/robot_ws/build/ired_bringup': AMENT_PREFIX_PATH=/home/kha/robot_ws/install/ired_msgs:${AMENT_PREFIX_PATH} CMAKE_PREFIX_PATH=/home/kha/robot_ws/install/ired_msgs:/opt/ros/jazzy/opt/gz_sim_vendor:/opt/ros/jazzy/opt/gz_sensors_vendor:/opt/ros/jazzy/opt/gz_physics_vendor:/opt/ros/jazzy/opt/sdformat_vendor:/opt/ros/jazzy/opt/gz_gui_vendor:/opt/ros/jazzy/opt/gz_transport_vendor:/opt/ros/jazzy/opt/gz_rendering_vendor:/opt/ros/jazzy/opt/gz_plugin_vendor:/opt/ros/jazzy/opt/gz_fuel_tools_vendor:/opt/ros/jazzy/opt/gz_msgs_vendor:/opt/ros/jazzy/opt/gz_common_vendor:/opt/ros/jazzy/opt/gz_math_vendor:/opt/ros/jazzy/opt/gz_utils_vendor:/opt/ros/jazzy/opt/gz_tools_vendor:/opt/ros/jazzy/opt/gz_ogre_next_vendor:/opt/ros/jazzy/opt/gz_dartsim_vendor:/opt/ros/jazzy/opt/gz_cmake_vendor:/opt/ros/jazzy DEBUGINFOD_URLS=https://debuginfod.ubuntu.com LD_LIBRARY_PATH=/home/kha/robot_ws/install/ired_msgs/lib:${LD_LIBRARY_PATH} PYTHONPATH=/home/kha/robot_ws/install/ired_msgs/lib/python3.12/site-packages:${PYTHONPATH} /usr/bin/cmake /home/kha/robot_ws/src/robot/ired_bringup -DAMENT_CMAKE_SYMLINK_INSTALL=1 -DCMAKE_INSTALL_PREFIX=/home/kha/robot_ws/install/ired_bringup
[0.106s] -- The C compiler identification is GNU 13.3.0
[0.191s] -- The CXX compiler identification is GNU 13.3.0
[0.217s] -- Detecting C compiler ABI info
[0.347s] -- Detecting C compiler ABI info - done
[0.361s] -- Check for working C compiler: /usr/bin/cc - skipped
[0.361s] -- Detecting C compile features
[0.362s] -- Detecting C compile features - done
[0.377s] -- Detecting CXX compiler ABI info
[0.524s] -- Detecting CXX compiler ABI info - done
[0.538s] -- Check for working CXX compiler: /usr/bin/c++ - skipped
[0.539s] -- Detecting CXX compile features
[0.540s] -- Detecting CXX compile features - done
[0.548s] -- Found ament_cmake: 2.5.4 (/opt/ros/jazzy/share/ament_cmake/cmake)
[0.781s] -- Found Python3: /usr/bin/python3 (found version "3.12.3") found components: Interpreter 
[0.890s] -- Override CMake install command with custom implementation using symlinks instead of copying resources
[0.977s] -- Found geometry_msgs: 5.3.6 (/opt/ros/jazzy/share/geometry_msgs/cmake)
[1.069s] -- Found rosidl_generator_c: 4.6.6 (/opt/ros/jazzy/share/rosidl_generator_c/cmake)
[1.105s] -- Found rosidl_generator_cpp: 4.6.6 (/opt/ros/jazzy/share/rosidl_generator_cpp/cmake)
[1.137s] -- Using all available rosidl_typesupport_c: rosidl_typesupport_fastrtps_c;rosidl_typesupport_introspection_c
[1.173s] -- Using all available rosidl_typesupport_cpp: rosidl_typesupport_fastrtps_cpp;rosidl_typesupport_introspection_cpp
[1.264s] -- Found ired_msgs: 2.0.1 (/home/kha/robot_ws/install/ired_msgs/share/ired_msgs/cmake)
[1.326s] -- Found nav_msgs: 5.3.6 (/opt/ros/jazzy/share/nav_msgs/cmake)
[1.376s] -- Found rclcpp: 28.1.13 (/opt/ros/jazzy/share/rclcpp/cmake)
[1.474s] -- Found rmw_implementation_cmake: 7.3.2 (/opt/ros/jazzy/share/rmw_implementation_cmake/cmake)
[1.484s] -- Found rmw_fastrtps_cpp: 8.4.3 (/opt/ros/jazzy/share/rmw_fastrtps_cpp/cmake)
[1.629s] -- Found OpenSSL: /usr/lib/x86_64-linux-gnu/libcrypto.so (found version "3.0.13")  
[1.662s] -- Found FastRTPS: /opt/ros/jazzy/include (Required is at least version "2.13") 
[1.701s] -- Using RMW implementation 'rmw_fastrtps_cpp' as default
[1.855s] -- Found rclpy: 7.1.6 (/opt/ros/jazzy/share/rclpy/cmake)
[1.855s] -- Found sensor_msgs: 5.3.6 (/opt/ros/jazzy/share/sensor_msgs/cmake)
[1.905s] -- Found std_srvs: 5.3.6 (/opt/ros/jazzy/share/std_srvs/cmake)
[1.939s] -- Found tf2: 0.36.16 (/opt/ros/jazzy/share/tf2/cmake)
[1.949s] -- Found tf2_msgs: 0.36.16 (/opt/ros/jazzy/share/tf2_msgs/cmake)
[2.197s] -- Configuring done (2.2s)
[2.251s] -- Generating done (0.0s)
[2.265s] -- Build files have been written to: /home/kha/robot_ws/build/ired_bringup
[2.280s] Invoked command in '/home/kha/robot_ws/build/ired_bringup' returned '0': AMENT_PREFIX_PATH=/home/kha/robot_ws/install/ired_msgs:${AMENT_PREFIX_PATH} CMAKE_PREFIX_PATH=/home/kha/robot_ws/install/ired_msgs:/opt/ros/jazzy/opt/gz_sim_vendor:/opt/ros/jazzy/opt/gz_sensors_vendor:/opt/ros/jazzy/opt/gz_physics_vendor:/opt/ros/jazzy/opt/sdformat_vendor:/opt/ros/jazzy/opt/gz_gui_vendor:/opt/ros/jazzy/opt/gz_transport_vendor:/opt/ros/jazzy/opt/gz_rendering_vendor:/opt/ros/jazzy/opt/gz_plugin_vendor:/opt/ros/jazzy/opt/gz_fuel_tools_vendor:/opt/ros/jazzy/opt/gz_msgs_vendor:/opt/ros/jazzy/opt/gz_common_vendor:/opt/ros/jazzy/opt/gz_math_vendor:/opt/ros/jazzy/opt/gz_utils_vendor:/opt/ros/jazzy/opt/gz_tools_vendor:/opt/ros/jazzy/opt/gz_ogre_next_vendor:/opt/ros/jazzy/opt/gz_dartsim_vendor:/opt/ros/jazzy/opt/gz_cmake_vendor:/opt/ros/jazzy DEBUGINFOD_URLS=https://debuginfod.ubuntu.com LD_LIBRARY_PATH=/home/kha/robot_ws/install/ired_msgs/lib:${LD_LIBRARY_PATH} PYTHONPATH=/home/kha/robot_ws/install/ired_msgs/lib/python3.12/site-packages:${PYTHONPATH} /usr/bin/cmake /home/kha/robot_ws/src/robot/ired_bringup -DAMENT_CMAKE_SYMLINK_INSTALL=1 -DCMAKE_INSTALL_PREFIX=/home/kha/robot_ws/install/ired_bringup
[2.282s] Invoking command in '/home/kha/robot_ws/build/ired_bringup': AMENT_PREFIX_PATH=/home/kha/robot_ws/install/ired_msgs:${AMENT_PREFIX_PATH} CMAKE_PREFIX_PATH=/home/kha/robot_ws/install/ired_msgs:/opt/ros/jazzy/opt/gz_sim_vendor:/opt/ros/jazzy/opt/gz_sensors_vendor:/opt/ros/jazzy/opt/gz_physics_vendor:/opt/ros/jazzy/opt/sdformat_vendor:/opt/ros/jazzy/opt/gz_gui_vendor:/opt/ros/jazzy/opt/gz_transport_vendor:/opt/ros/jazzy/opt/gz_rendering_vendor:/opt/ros/jazzy/opt/gz_plugin_vendor:/opt/ros/jazzy/opt/gz_fuel_tools_vendor:/opt/ros/jazzy/opt/gz_msgs_vendor:/opt/ros/jazzy/opt/gz_common_vendor:/opt/ros/jazzy/opt/gz_math_vendor:/opt/ros/jazzy/opt/gz_utils_vendor:/opt/ros/jazzy/opt/gz_tools_vendor:/opt/ros/jazzy/opt/gz_ogre_next_vendor:/opt/ros/jazzy/opt/gz_dartsim_vendor:/opt/ros/jazzy/opt/gz_cmake_vendor:/opt/ros/jazzy DEBUGINFOD_URLS=https://debuginfod.ubuntu.com LD_LIBRARY_PATH=/home/kha/robot_ws/install/ired_msgs/lib:${LD_LIBRARY_PATH} PYTHONPATH=/home/kha/robot_ws/install/ired_msgs/lib/python3.12/site-packages:${PYTHONPATH} /usr/bin/cmake --build /home/kha/robot_ws/build/ired_bringup -- -j12 -l12
[2.365s] [ 27%] [32mBuilding CXX object CMakeFiles/forward_kinematics_node.dir/src/forward_kinematics.cpp.o[0m
[2.365s] [ 36%] [32mBuilding CXX object CMakeFiles/iredcr_modbus_node.dir/src/modbus_rtu.cpp.o[0m
[2.365s] [ 36%] [32mBuilding CXX object CMakeFiles/imu_node.dir/src/imu.cpp.o[0m
[2.366s] [ 36%] [32mBuilding CXX object CMakeFiles/inverse_kinematics_node.dir/src/inverse_kinematics.cpp.o[0m
[2.370s] [ 45%] [32mBuilding CXX object CMakeFiles/iredcr_modbus_node.dir/src/ired_controller.cpp.o[0m
[2.371s] [ 54%] [32mBuilding CXX object CMakeFiles/odom_node.dir/src/odom.cpp.o[0m
[15.712s] [ 63%] [32m[1mLinking CXX executable forward_kinematics_node[0m
[15.744s] [ 72%] [32m[1mLinking CXX executable inverse_kinematics_node[0m
[16.354s] [ 72%] Built target forward_kinematics_node
[16.364s] [ 72%] Built target inverse_kinematics_node
[16.994s] [ 81%] [32m[1mLinking CXX executable imu_node[0m
[17.610s] [ 81%] Built target imu_node
[19.083s] [ 90%] [32m[1mLinking CXX executable iredcr_modbus_node[0m
[20.263s] [ 90%] Built target iredcr_modbus_node
[25.776s] [100%] [32m[1mLinking CXX executable odom_node[0m
[26.548s] [100%] Built target odom_node
[26.565s] Invoked command in '/home/kha/robot_ws/build/ired_bringup' returned '0': AMENT_PREFIX_PATH=/home/kha/robot_ws/install/ired_msgs:${AMENT_PREFIX_PATH} CMAKE_PREFIX_PATH=/home/kha/robot_ws/install/ired_msgs:/opt/ros/jazzy/opt/gz_sim_vendor:/opt/ros/jazzy/opt/gz_sensors_vendor:/opt/ros/jazzy/opt/gz_physics_vendor:/opt/ros/jazzy/opt/sdformat_vendor:/opt/ros/jazzy/opt/gz_gui_vendor:/opt/ros/jazzy/opt/gz_transport_vendor:/opt/ros/jazzy/opt/gz_rendering_vendor:/opt/ros/jazzy/opt/gz_plugin_vendor:/opt/ros/jazzy/opt/gz_fuel_tools_vendor:/opt/ros/jazzy/opt/gz_msgs_vendor:/opt/ros/jazzy/opt/gz_common_vendor:/opt/ros/jazzy/opt/gz_math_vendor:/opt/ros/jazzy/opt/gz_utils_vendor:/opt/ros/jazzy/opt/gz_tools_vendor:/opt/ros/jazzy/opt/gz_ogre_next_vendor:/opt/ros/jazzy/opt/gz_dartsim_vendor:/opt/ros/jazzy/opt/gz_cmake_vendor:/opt/ros/jazzy DEBUGINFOD_URLS=https://debuginfod.ubuntu.com LD_LIBRARY_PATH=/home/kha/robot_ws/install/ired_msgs/lib:${LD_LIBRARY_PATH} PYTHONPATH=/home/kha/robot_ws/install/ired_msgs/lib/python3.12/site-packages:${PYTHONPATH} /usr/bin/cmake --build /home/kha/robot_ws/build/ired_bringup -- -j12 -l12
[26.567s] Invoking command in '/home/kha/robot_ws/build/ired_bringup': AMENT_PREFIX_PATH=/home/kha/robot_ws/install/ired_msgs:${AMENT_PREFIX_PATH} CMAKE_PREFIX_PATH=/home/kha/robot_ws/install/ired_msgs:/opt/ros/jazzy/opt/gz_sim_vendor:/opt/ros/jazzy/opt/gz_sensors_vendor:/opt/ros/jazzy/opt/gz_physics_vendor:/opt/ros/jazzy/opt/sdformat_vendor:/opt/ros/jazzy/opt/gz_gui_vendor:/opt/ros/jazzy/opt/gz_transport_vendor:/opt/ros/jazzy/opt/gz_rendering_vendor:/opt/ros/jazzy/opt/gz_plugin_vendor:/opt/ros/jazzy/opt/gz_fuel_tools_vendor:/opt/ros/jazzy/opt/gz_msgs_vendor:/opt/ros/jazzy/opt/gz_common_vendor:/opt/ros/jazzy/opt/gz_math_vendor:/opt/ros/jazzy/opt/gz_utils_vendor:/opt/ros/jazzy/opt/gz_tools_vendor:/opt/ros/jazzy/opt/gz_ogre_next_vendor:/opt/ros/jazzy/opt/gz_dartsim_vendor:/opt/ros/jazzy/opt/gz_cmake_vendor:/opt/ros/jazzy DEBUGINFOD_URLS=https://debuginfod.ubuntu.com LD_LIBRARY_PATH=/home/kha/robot_ws/install/ired_msgs/lib:${LD_LIBRARY_PATH} PYTHONPATH=/home/kha/robot_ws/install/ired_msgs/lib/python3.12/site-packages:${PYTHONPATH} /usr/bin/cmake --install /home/kha/robot_ws/build/ired_bringup
[26.582s] -- Install configuration: ""
[26.583s] -- Execute custom install script
[26.583s] -- Symlinking: /home/kha/robot_ws/install/ired_bringup/lib/ired_bringup/forward_kinematics_node
[26.599s] -- Symlinking: /home/kha/robot_ws/install/ired_bringup/lib/ired_bringup/inverse_kinematics_node
[26.613s] -- Symlinking: /home/kha/robot_ws/install/ired_bringup/lib/ired_bringup/imu_node
[26.626s] -- Symlinking: /home/kha/robot_ws/install/ired_bringup/lib/ired_bringup/iredcr_modbus_node
[26.638s] -- Symlinking: /home/kha/robot_ws/install/ired_bringup/lib/ired_bringup/odom_node
[26.653s] -- Symlinking: /home/kha/robot_ws/install/ired_bringup/share/ired_bringup/launch/bringup.launch.py
[26.669s] -- Symlinking: /home/kha/robot_ws/install/ired_bringup/share/ired_bringup/param/ired.yaml
[26.683s] -- Symlinking: /home/kha/robot_ws/install/ired_bringup/share/ired_bringup/param/laser_config.yaml
[26.696s] -- Symlinking: /home/kha/robot_ws/install/ired_bringup/share/ired_bringup/param/laser_scan_matcher.yaml
[26.709s] -- Symlinking: /home/kha/robot_ws/install/ired_bringup/share/ired_bringup/urdf/ired.urdf.xacro
[26.722s] -- Symlinking: /home/kha/robot_ws/install/ired_bringup/include//ired_bringup/forward_kinematics.hpp
[26.735s] -- Symlinking: /home/kha/robot_ws/install/ired_bringup/include//ired_bringup/imu.hpp
[26.747s] -- Symlinking: /home/kha/robot_ws/install/ired_bringup/include//ired_bringup/inverse_kinematics.hpp
[26.760s] -- Symlinking: /home/kha/robot_ws/install/ired_bringup/include//ired_bringup/ired_controller.hpp
[26.775s] -- Symlinking: /home/kha/robot_ws/install/ired_bringup/include//ired_bringup/ired_controller_define.hpp
[26.789s] -- Symlinking: /home/kha/robot_ws/install/ired_bringup/include//ired_bringup/odom.hpp
[26.802s] -- Symlinking: /home/kha/robot_ws/install/ired_bringup/include//modbus_rtu.hpp
[26.815s] -- Symlinking: /home/kha/robot_ws/install/ired_bringup/share/ament_index/resource_index/package_run_dependencies/ired_bringup
[26.829s] -- Symlinking: /home/kha/robot_ws/install/ired_bringup/share/ament_index/resource_index/parent_prefix_path/ired_bringup
[26.842s] -- Symlinking: /home/kha/robot_ws/install/ired_bringup/share/ired_bringup/environment/ament_prefix_path.sh
[26.856s] -- Symlinking: /home/kha/robot_ws/install/ired_bringup/share/ired_bringup/environment/ament_prefix_path.dsv
[26.871s] -- Symlinking: /home/kha/robot_ws/install/ired_bringup/share/ired_bringup/environment/path.sh
[26.885s] -- Symlinking: /home/kha/robot_ws/install/ired_bringup/share/ired_bringup/environment/path.dsv
[26.898s] -- Symlinking: /home/kha/robot_ws/install/ired_bringup/share/ired_bringup/local_setup.bash
[26.912s] -- Symlinking: /home/kha/robot_ws/install/ired_bringup/share/ired_bringup/local_setup.sh
[26.924s] -- Symlinking: /home/kha/robot_ws/install/ired_bringup/share/ired_bringup/local_setup.zsh
[26.939s] -- Symlinking: /home/kha/robot_ws/install/ired_bringup/share/ired_bringup/local_setup.dsv
[26.951s] -- Symlinking: /home/kha/robot_ws/install/ired_bringup/share/ired_bringup/package.dsv
[26.965s] -- Symlinking: /home/kha/robot_ws/install/ired_bringup/share/ament_index/resource_index/packages/ired_bringup
[26.981s] -- Symlinking: /home/kha/robot_ws/install/ired_bringup/share/ired_bringup/cmake/ament_cmake_export_include_directories-extras.cmake
[26.994s] -- Symlinking: /home/kha/robot_ws/install/ired_bringup/share/ired_bringup/cmake/ament_cmake_export_dependencies-extras.cmake
[27.007s] -- Symlinking: /home/kha/robot_ws/install/ired_bringup/share/ired_bringup/cmake/ired_bringupConfig.cmake
[27.020s] -- Symlinking: /home/kha/robot_ws/install/ired_bringup/share/ired_bringup/cmake/ired_bringupConfig-version.cmake
[27.033s] -- Symlinking: /home/kha/robot_ws/install/ired_bringup/share/ired_bringup/package.xml
[27.048s] Invoked command in '/home/kha/robot_ws/build/ired_bringup' returned '0': AMENT_PREFIX_PATH=/home/kha/robot_ws/install/ired_msgs:${AMENT_PREFIX_PATH} CMAKE_PREFIX_PATH=/home/kha/robot_ws/install/ired_msgs:/opt/ros/jazzy/opt/gz_sim_vendor:/opt/ros/jazzy/opt/gz_sensors_vendor:/opt/ros/jazzy/opt/gz_physics_vendor:/opt/ros/jazzy/opt/sdformat_vendor:/opt/ros/jazzy/opt/gz_gui_vendor:/opt/ros/jazzy/opt/gz_transport_vendor:/opt/ros/jazzy/opt/gz_rendering_vendor:/opt/ros/jazzy/opt/gz_plugin_vendor:/opt/ros/jazzy/opt/gz_fuel_tools_vendor:/opt/ros/jazzy/opt/gz_msgs_vendor:/opt/ros/jazzy/opt/gz_common_vendor:/opt/ros/jazzy/opt/gz_math_vendor:/opt/ros/jazzy/opt/gz_utils_vendor:/opt/ros/jazzy/opt/gz_tools_vendor:/opt/ros/jazzy/opt/gz_ogre_next_vendor:/opt/ros/jazzy/opt/gz_dartsim_vendor:/opt/ros/jazzy/opt/gz_cmake_vendor:/opt/ros/jazzy DEBUGINFOD_URLS=https://debuginfod.ubuntu.com LD_LIBRARY_PATH=/home/kha/robot_ws/install/ired_msgs/lib:${LD_LIBRARY_PATH} PYTHONPATH=/home/kha/robot_ws/install/ired_msgs/lib/python3.12/site-packages:${PYTHONPATH} /usr/bin/cmake --install /home/kha/robot_ws/build/ired_bringup
