[0.293s] Invoking command in '/home/kha/robot_ws/build/ired_rviz': CMAKE_PREFIX_PATH=${CMAKE_PREFIX_PATH}:/home/kha/robot_ws/install/ired_teleop:/home/kha/robot_ws/install/gantry_commander:/opt/ros/jazzy DEBUGINFOD_URLS=https://debuginfod.ubuntu.com /usr/bin/cmake --build /home/kha/robot_ws/build/ired_rviz -- -j12 -l12
[0.589s] Invoked command in '/home/kha/robot_ws/build/ired_rviz' returned '0': CMAKE_PREFIX_PATH=${CMAKE_PREFIX_PATH}:/home/kha/robot_ws/install/ired_teleop:/home/kha/robot_ws/install/gantry_commander:/opt/ros/jazzy DEBUGINFOD_URLS=https://debuginfod.ubuntu.com /usr/bin/cmake --build /home/kha/robot_ws/build/ired_rviz -- -j12 -l12
[0.591s] Invoking command in '/home/kha/robot_ws/build/ired_rviz': CMAKE_PREFIX_PATH=${CMAKE_PREFIX_PATH}:/home/kha/robot_ws/install/ired_teleop:/home/kha/robot_ws/install/gantry_commander:/opt/ros/jazzy DEBUGINFOD_URLS=https://debuginfod.ubuntu.com /usr/bin/cmake --install /home/kha/robot_ws/build/ired_rviz
[0.609s] -- Install configuration: ""
[0.610s] -- Execute custom install script
[0.611s] -- Up-to-date symlink: /home/kha/robot_ws/install/ired_rviz/share/ired_rviz/launch/navigation.launch.py
[0.611s] -- Up-to-date symlink: /home/kha/robot_ws/install/ired_rviz/share/ired_rviz/launch/slam.launch.py
[0.612s] -- Up-to-date symlink: /home/kha/robot_ws/install/ired_rviz/share/ired_rviz/rviz/bringup.rviz
[0.612s] -- Up-to-date symlink: /home/kha/robot_ws/install/ired_rviz/share/ired_rviz/rviz/navi.rviz
[0.612s] -- Up-to-date symlink: /home/kha/robot_ws/install/ired_rviz/share/ired_rviz/rviz/robot_urdf.rviz
[0.612s] -- Up-to-date symlink: /home/kha/robot_ws/install/ired_rviz/share/ired_rviz/rviz/slam.rviz
[0.612s] -- Up-to-date symlink: /home/kha/robot_ws/install/ired_rviz/share/ament_index/resource_index/package_run_dependencies/ired_rviz
[0.613s] -- Up-to-date symlink: /home/kha/robot_ws/install/ired_rviz/share/ament_index/resource_index/parent_prefix_path/ired_rviz
[0.613s] -- Up-to-date symlink: /home/kha/robot_ws/install/ired_rviz/share/ired_rviz/environment/ament_prefix_path.sh
[0.613s] -- Up-to-date symlink: /home/kha/robot_ws/install/ired_rviz/share/ired_rviz/environment/ament_prefix_path.dsv
[0.613s] -- Up-to-date symlink: /home/kha/robot_ws/install/ired_rviz/share/ired_rviz/environment/path.sh
[0.614s] -- Up-to-date symlink: /home/kha/robot_ws/install/ired_rviz/share/ired_rviz/environment/path.dsv
[0.614s] -- Up-to-date symlink: /home/kha/robot_ws/install/ired_rviz/share/ired_rviz/local_setup.bash
[0.614s] -- Up-to-date symlink: /home/kha/robot_ws/install/ired_rviz/share/ired_rviz/local_setup.sh
[0.614s] -- Up-to-date symlink: /home/kha/robot_ws/install/ired_rviz/share/ired_rviz/local_setup.zsh
[0.614s] -- Up-to-date symlink: /home/kha/robot_ws/install/ired_rviz/share/ired_rviz/local_setup.dsv
[0.614s] -- Symlinking: /home/kha/robot_ws/install/ired_rviz/share/ired_rviz/package.dsv
[0.631s] -- Up-to-date symlink: /home/kha/robot_ws/install/ired_rviz/share/ament_index/resource_index/packages/ired_rviz
[0.632s] -- Up-to-date symlink: /home/kha/robot_ws/install/ired_rviz/share/ired_rviz/cmake/ired_rvizConfig.cmake
[0.633s] -- Up-to-date symlink: /home/kha/robot_ws/install/ired_rviz/share/ired_rviz/cmake/ired_rvizConfig-version.cmake
[0.633s] -- Up-to-date symlink: /home/kha/robot_ws/install/ired_rviz/share/ired_rviz/package.xml
[0.685s] Invoked command in '/home/kha/robot_ws/build/ired_rviz' returned '0': CMAKE_PREFIX_PATH=${CMAKE_PREFIX_PATH}:/home/kha/robot_ws/install/ired_teleop:/home/kha/robot_ws/install/gantry_commander:/opt/ros/jazzy DEBUGINFOD_URLS=https://debuginfod.ubuntu.com /usr/bin/cmake --install /home/kha/robot_ws/build/ired_rviz
