[0.049s] Invoking command in '/home/kha/robot_ws/build/csm': CMAKE_PREFIX_PATH=${CMAKE_PREFIX_PATH}:/home/kha/robot_ws/install/ired_teleop:/home/kha/robot_ws/install/gantry_commander:/opt/ros/jazzy DEBUGINFOD_URLS=https://debuginfod.ubuntu.com /usr/bin/cmake --build /home/kha/robot_ws/build/csm -- -j12 -l12
[0.575s] [100%] Built target csm
[0.580s] Invoked command in '/home/kha/robot_ws/build/csm' returned '0': CMAKE_PREFIX_PATH=${CMAKE_PREFIX_PATH}:/home/kha/robot_ws/install/ired_teleop:/home/kha/robot_ws/install/gantry_commander:/opt/ros/jazzy DEBUGINFOD_URLS=https://debuginfod.ubuntu.com /usr/bin/cmake --build /home/kha/robot_ws/build/csm -- -j12 -l12
[0.591s] Invoking command in '/home/kha/robot_ws/build/csm': CMAKE_PREFIX_PATH=${CMAKE_PREFIX_PATH}:/home/kha/robot_ws/install/ired_teleop:/home/kha/robot_ws/install/gantry_commander:/opt/ros/jazzy DEBUGINFOD_URLS=https://debuginfod.ubuntu.com /usr/bin/cmake --install /home/kha/robot_ws/build/csm
[0.603s] -- Install configuration: ""
[0.604s] -- Execute custom install script
[0.604s] -- Up-to-date symlink: /home/kha/robot_ws/install/csm/lib/libcsm.so
[0.605s] -- Up-to-date symlink: /home/kha/robot_ws/install/csm/include/..//include/csm/algos.h
[0.606s] -- Up-to-date symlink: /home/kha/robot_ws/install/csm/include/..//include/csm/csm.h
[0.606s] -- Up-to-date symlink: /home/kha/robot_ws/install/csm/include/..//include/csm/laser_data.h
[0.606s] -- Up-to-date symlink: /home/kha/robot_ws/install/csm/include/..//include/csm/laser_data_inline.h
[0.606s] -- Up-to-date symlink: /home/kha/robot_ws/install/csm/include/..//include/csm/restrict.h
[0.607s] -- Up-to-date symlink: /home/kha/robot_ws/install/csm/include/..//include/gsl_eigen/gsl_eigen.h
[0.607s] -- Up-to-date symlink: /home/kha/robot_ws/install/csm/share/csm/resource/csm
[0.608s] -- Up-to-date symlink: /home/kha/robot_ws/install/csm/include/../gsl_eigen/gsl_eigen.h
[0.608s] -- Up-to-date symlink: /home/kha/robot_ws/install/csm/share/csm/environment/library_path.sh
[0.608s] -- Up-to-date symlink: /home/kha/robot_ws/install/csm/share/csm/environment/library_path.dsv
[0.609s] -- Up-to-date symlink: /home/kha/robot_ws/install/csm/share/ament_index/resource_index/package_run_dependencies/csm
[0.609s] -- Up-to-date symlink: /home/kha/robot_ws/install/csm/share/ament_index/resource_index/parent_prefix_path/csm
[0.610s] -- Up-to-date symlink: /home/kha/robot_ws/install/csm/share/csm/environment/ament_prefix_path.sh
[0.610s] -- Up-to-date symlink: /home/kha/robot_ws/install/csm/share/csm/environment/ament_prefix_path.dsv
[0.611s] -- Up-to-date symlink: /home/kha/robot_ws/install/csm/share/csm/environment/path.sh
[0.612s] -- Up-to-date symlink: /home/kha/robot_ws/install/csm/share/csm/environment/path.dsv
[0.612s] -- Up-to-date symlink: /home/kha/robot_ws/install/csm/share/csm/local_setup.bash
[0.613s] -- Up-to-date symlink: /home/kha/robot_ws/install/csm/share/csm/local_setup.sh
[0.614s] -- Up-to-date symlink: /home/kha/robot_ws/install/csm/share/csm/local_setup.zsh
[0.614s] -- Up-to-date symlink: /home/kha/robot_ws/install/csm/share/csm/local_setup.dsv
[0.615s] -- Symlinking: /home/kha/robot_ws/install/csm/share/csm/package.dsv
[0.628s] -- Up-to-date symlink: /home/kha/robot_ws/install/csm/share/ament_index/resource_index/packages/csm
[0.629s] -- Up-to-date symlink: /home/kha/robot_ws/install/csm/share/csm/cmake/ament_cmake_export_dependencies-extras.cmake
[0.629s] -- Up-to-date symlink: /home/kha/robot_ws/install/csm/share/csm/cmake/ament_cmake_export_include_directories-extras.cmake
[0.630s] -- Up-to-date symlink: /home/kha/robot_ws/install/csm/share/csm/cmake/ament_cmake_export_libraries-extras.cmake
[0.630s] -- Up-to-date symlink: /home/kha/robot_ws/install/csm/share/csm/cmake/csmConfig.cmake
[0.630s] -- Up-to-date symlink: /home/kha/robot_ws/install/csm/share/csm/cmake/csmConfig-version.cmake
[0.630s] -- Up-to-date symlink: /home/kha/robot_ws/install/csm/share/csm/package.xml
[0.661s] Invoked command in '/home/kha/robot_ws/build/csm' returned '0': CMAKE_PREFIX_PATH=${CMAKE_PREFIX_PATH}:/home/kha/robot_ws/install/ired_teleop:/home/kha/robot_ws/install/gantry_commander:/opt/ros/jazzy DEBUGINFOD_URLS=https://debuginfod.ubuntu.com /usr/bin/cmake --install /home/kha/robot_ws/build/csm
