[0.020s] Invoking command in '/home/kha/robot_ws/src/build/ired_rviz': CMAKE_PREFIX_PATH=${CMAKE_PREFIX_PATH}:/opt/ros/jazzy DEBUGINFOD_URLS=https://debuginfod.ubuntu.com /usr/bin/cmake /home/kha/robot_ws/src/robot/ired_rviz -DAMENT_CMAKE_SYMLINK_INSTALL=1 -DCMAKE_INSTALL_PREFIX=/home/kha/robot_ws/src/install/ired_rviz
[0.265s] -- The C compiler identification is GNU 13.3.0
[0.323s] -- The CXX compiler identification is GNU 13.3.0
[0.348s] -- Detecting C compiler ABI info
[0.464s] -- Detecting C compiler ABI info - done
[0.477s] -- Check for working C compiler: /usr/bin/cc - skipped
[0.477s] -- Detecting C compile features
[0.478s] -- Detecting C compile features - done
[0.491s] -- Detecting CXX compiler ABI info
[0.617s] -- Detecting CXX compiler ABI info - done
[0.631s] -- Check for working CXX compiler: /usr/bin/c++ - skipped
[0.631s] -- Detecting CXX compile features
[0.631s] -- Detecting CXX compile features - done
[0.644s] -- Found ament_cmake: 2.5.4 (/opt/ros/jazzy/share/ament_cmake/cmake)
[0.861s] -- Found Python3: /usr/bin/python3 (found version "3.12.3") found components: Interpreter 
[0.952s] -- Override CMake install command with custom implementation using symlinks instead of copying resources
[1.126s] -- Configuring done (1.1s)
[1.130s] -- Generating done (0.0s)
[1.132s] -- Build files have been written to: /home/kha/robot_ws/src/build/ired_rviz
[1.140s] Invoked command in '/home/kha/robot_ws/src/build/ired_rviz' returned '0': CMAKE_PREFIX_PATH=${CMAKE_PREFIX_PATH}:/opt/ros/jazzy DEBUGINFOD_URLS=https://debuginfod.ubuntu.com /usr/bin/cmake /home/kha/robot_ws/src/robot/ired_rviz -DAMENT_CMAKE_SYMLINK_INSTALL=1 -DCMAKE_INSTALL_PREFIX=/home/kha/robot_ws/src/install/ired_rviz
[1.142s] Invoking command in '/home/kha/robot_ws/src/build/ired_rviz': CMAKE_PREFIX_PATH=${CMAKE_PREFIX_PATH}:/opt/ros/jazzy DEBUGINFOD_URLS=https://debuginfod.ubuntu.com /usr/bin/cmake --build /home/kha/robot_ws/src/build/ired_rviz -- -j12 -l12
[1.198s] Invoked command in '/home/kha/robot_ws/src/build/ired_rviz' returned '0': CMAKE_PREFIX_PATH=${CMAKE_PREFIX_PATH}:/opt/ros/jazzy DEBUGINFOD_URLS=https://debuginfod.ubuntu.com /usr/bin/cmake --build /home/kha/robot_ws/src/build/ired_rviz -- -j12 -l12
[1.199s] Invoking command in '/home/kha/robot_ws/src/build/ired_rviz': CMAKE_PREFIX_PATH=${CMAKE_PREFIX_PATH}:/opt/ros/jazzy DEBUGINFOD_URLS=https://debuginfod.ubuntu.com /usr/bin/cmake --install /home/kha/robot_ws/src/build/ired_rviz
[1.209s] -- Install configuration: ""
[1.210s] -- Execute custom install script
[1.210s] -- Symlinking: /home/kha/robot_ws/src/install/ired_rviz/share/ired_rviz/launch/navigation.launch.py
[1.220s] -- Symlinking: /home/kha/robot_ws/src/install/ired_rviz/share/ired_rviz/launch/slam.launch.py
[1.231s] -- Symlinking: /home/kha/robot_ws/src/install/ired_rviz/share/ired_rviz/rviz/bringup.rviz
[1.241s] -- Symlinking: /home/kha/robot_ws/src/install/ired_rviz/share/ired_rviz/rviz/navi.rviz
[1.252s] -- Symlinking: /home/kha/robot_ws/src/install/ired_rviz/share/ired_rviz/rviz/robot_urdf.rviz
[1.263s] -- Symlinking: /home/kha/robot_ws/src/install/ired_rviz/share/ired_rviz/rviz/slam.rviz
[1.273s] -- Symlinking: /home/kha/robot_ws/src/install/ired_rviz/share/ament_index/resource_index/package_run_dependencies/ired_rviz
[1.284s] -- Symlinking: /home/kha/robot_ws/src/install/ired_rviz/share/ament_index/resource_index/parent_prefix_path/ired_rviz
[1.297s] -- Symlinking: /home/kha/robot_ws/src/install/ired_rviz/share/ired_rviz/environment/ament_prefix_path.sh
[1.308s] -- Symlinking: /home/kha/robot_ws/src/install/ired_rviz/share/ired_rviz/environment/ament_prefix_path.dsv
[1.321s] -- Symlinking: /home/kha/robot_ws/src/install/ired_rviz/share/ired_rviz/environment/path.sh
[1.332s] -- Symlinking: /home/kha/robot_ws/src/install/ired_rviz/share/ired_rviz/environment/path.dsv
[1.344s] -- Symlinking: /home/kha/robot_ws/src/install/ired_rviz/share/ired_rviz/local_setup.bash
[1.355s] -- Symlinking: /home/kha/robot_ws/src/install/ired_rviz/share/ired_rviz/local_setup.sh
[1.366s] -- Symlinking: /home/kha/robot_ws/src/install/ired_rviz/share/ired_rviz/local_setup.zsh
[1.377s] -- Symlinking: /home/kha/robot_ws/src/install/ired_rviz/share/ired_rviz/local_setup.dsv
[1.388s] -- Symlinking: /home/kha/robot_ws/src/install/ired_rviz/share/ired_rviz/package.dsv
[1.402s] -- Symlinking: /home/kha/robot_ws/src/install/ired_rviz/share/ament_index/resource_index/packages/ired_rviz
[1.413s] -- Symlinking: /home/kha/robot_ws/src/install/ired_rviz/share/ired_rviz/cmake/ired_rvizConfig.cmake
[1.424s] -- Symlinking: /home/kha/robot_ws/src/install/ired_rviz/share/ired_rviz/cmake/ired_rvizConfig-version.cmake
[1.436s] -- Symlinking: /home/kha/robot_ws/src/install/ired_rviz/share/ired_rviz/package.xml
[1.451s] Invoked command in '/home/kha/robot_ws/src/build/ired_rviz' returned '0': CMAKE_PREFIX_PATH=${CMAKE_PREFIX_PATH}:/opt/ros/jazzy DEBUGINFOD_URLS=https://debuginfod.ubuntu.com /usr/bin/cmake --install /home/kha/robot_ws/src/build/ired_rviz
