-- Found ament_cmake: 2.5.4 (/opt/ros/jazzy/share/ament_cmake/cmake)
-- Override CMake install command with custom implementation using symlinks instead of copying resources
-- Found geometry_msgs: 5.3.6 (/opt/ros/jazzy/share/geometry_msgs/cmake)
-- Found rosidl_generator_c: 4.6.6 (/opt/ros/jazzy/share/rosidl_generator_c/cmake)
-- Found rosidl_generator_cpp: 4.6.6 (/opt/ros/jazzy/share/rosidl_generator_cpp/cmake)
-- Using all available rosidl_typesupport_c: rosidl_typesupport_fastrtps_c;rosidl_typesupport_introspection_c
-- Using all available rosidl_typesupport_cpp: rosidl_typesupport_fastrtps_cpp;rosidl_typesupport_introspection_cpp
-- Found ired_msgs: 2.0.1 (/home/kha/robot_ws/install/ired_msgs/share/ired_msgs/cmake)
-- Found nav_msgs: 5.3.6 (/opt/ros/jazzy/share/nav_msgs/cmake)
-- Found rclcpp: 28.1.13 (/opt/ros/jazzy/share/rclcpp/cmake)
-- Found rmw_implementation_cmake: 7.3.2 (/opt/ros/jazzy/share/rmw_implementation_cmake/cmake)
-- Found rmw_fastrtps_cpp: 8.4.3 (/opt/ros/jazzy/share/rmw_fastrtps_cpp/cmake)
-- Using RMW implementation 'rmw_fastrtps_cpp' as default
-- Found rclpy: 7.1.6 (/opt/ros/jazzy/share/rclpy/cmake)
-- Found sensor_msgs: 5.3.6 (/opt/ros/jazzy/share/sensor_msgs/cmake)
-- Found std_srvs: 5.3.6 (/opt/ros/jazzy/share/std_srvs/cmake)
-- Found tf2: 0.36.16 (/opt/ros/jazzy/share/tf2/cmake)
-- Found tf2_msgs: 0.36.16 (/opt/ros/jazzy/share/tf2_msgs/cmake)
-- Configuring done (0.9s)
-- Generating done (0.0s)
-- Build files have been written to: /home/kha/robot_ws/build/ired_bringup
[ 54%] Built target forward_kinematics_node
[ 63%] Built target odom_node
[ 63%] Built target imu_node
[ 72%] Built target inverse_kinematics_node
[100%] Built target iredcr_modbus_node
-- Install configuration: ""
-- Execute custom install script
-- Up-to-date symlink: /home/kha/robot_ws/install/ired_bringup/lib/ired_bringup/forward_kinematics_node
-- Up-to-date symlink: /home/kha/robot_ws/install/ired_bringup/lib/ired_bringup/inverse_kinematics_node
-- Up-to-date symlink: /home/kha/robot_ws/install/ired_bringup/lib/ired_bringup/imu_node
-- Up-to-date symlink: /home/kha/robot_ws/install/ired_bringup/lib/ired_bringup/iredcr_modbus_node
-- Up-to-date symlink: /home/kha/robot_ws/install/ired_bringup/lib/ired_bringup/odom_node
-- Up-to-date symlink: /home/kha/robot_ws/install/ired_bringup/share/ired_bringup/launch/bringup.launch.py
-- Up-to-date symlink: /home/kha/robot_ws/install/ired_bringup/share/ired_bringup/param/ired.yaml
-- Up-to-date symlink: /home/kha/robot_ws/install/ired_bringup/share/ired_bringup/param/laser_config.yaml
-- Up-to-date symlink: /home/kha/robot_ws/install/ired_bringup/share/ired_bringup/param/laser_scan_matcher.yaml
-- Up-to-date symlink: /home/kha/robot_ws/install/ired_bringup/share/ired_bringup/urdf/ired.urdf.xacro
-- Up-to-date symlink: /home/kha/robot_ws/install/ired_bringup/include//ired_bringup/forward_kinematics.hpp
-- Up-to-date symlink: /home/kha/robot_ws/install/ired_bringup/include//ired_bringup/imu.hpp
-- Up-to-date symlink: /home/kha/robot_ws/install/ired_bringup/include//ired_bringup/inverse_kinematics.hpp
-- Up-to-date symlink: /home/kha/robot_ws/install/ired_bringup/include//ired_bringup/ired_controller.hpp
-- Up-to-date symlink: /home/kha/robot_ws/install/ired_bringup/include//ired_bringup/ired_controller_define.hpp
-- Up-to-date symlink: /home/kha/robot_ws/install/ired_bringup/include//ired_bringup/odom.hpp
-- Up-to-date symlink: /home/kha/robot_ws/install/ired_bringup/include//modbus_rtu.hpp
-- Up-to-date symlink: /home/kha/robot_ws/install/ired_bringup/share/ament_index/resource_index/package_run_dependencies/ired_bringup
-- Up-to-date symlink: /home/kha/robot_ws/install/ired_bringup/share/ament_index/resource_index/parent_prefix_path/ired_bringup
-- Up-to-date symlink: /home/kha/robot_ws/install/ired_bringup/share/ired_bringup/environment/ament_prefix_path.sh
-- Up-to-date symlink: /home/kha/robot_ws/install/ired_bringup/share/ired_bringup/environment/ament_prefix_path.dsv
-- Up-to-date symlink: /home/kha/robot_ws/install/ired_bringup/share/ired_bringup/environment/path.sh
-- Up-to-date symlink: /home/kha/robot_ws/install/ired_bringup/share/ired_bringup/environment/path.dsv
-- Up-to-date symlink: /home/kha/robot_ws/install/ired_bringup/share/ired_bringup/local_setup.bash
-- Up-to-date symlink: /home/kha/robot_ws/install/ired_bringup/share/ired_bringup/local_setup.sh
-- Up-to-date symlink: /home/kha/robot_ws/install/ired_bringup/share/ired_bringup/local_setup.zsh
-- Up-to-date symlink: /home/kha/robot_ws/install/ired_bringup/share/ired_bringup/local_setup.dsv
-- Symlinking: /home/kha/robot_ws/install/ired_bringup/share/ired_bringup/package.dsv
-- Up-to-date symlink: /home/kha/robot_ws/install/ired_bringup/share/ament_index/resource_index/packages/ired_bringup
-- Up-to-date symlink: /home/kha/robot_ws/install/ired_bringup/share/ired_bringup/cmake/ament_cmake_export_include_directories-extras.cmake
-- Up-to-date symlink: /home/kha/robot_ws/install/ired_bringup/share/ired_bringup/cmake/ament_cmake_export_dependencies-extras.cmake
-- Up-to-date symlink: /home/kha/robot_ws/install/ired_bringup/share/ired_bringup/cmake/ired_bringupConfig.cmake
-- Up-to-date symlink: /home/kha/robot_ws/install/ired_bringup/share/ired_bringup/cmake/ired_bringupConfig-version.cmake
-- Up-to-date symlink: /home/kha/robot_ws/install/ired_bringup/share/ired_bringup/package.xml
