[0.029s] Invoking command in '/home/kha/robot_ws/src/build/csm': CMAKE_PREFIX_PATH=${CMAKE_PREFIX_PATH}:/opt/ros/jazzy DEBUGINFOD_URLS=https://debuginfod.ubuntu.com /usr/bin/cmake /home/kha/robot_ws/src/robot/cms -DAMENT_CMAKE_SYMLINK_INSTALL=1 -DCMAKE_INSTALL_PREFIX=/home/kha/robot_ws/src/install/csm
[0.278s] -- The C compiler identification is GNU 13.3.0
[0.338s] -- The CXX compiler identification is GNU 13.3.0
[0.363s] -- Detecting C compiler ABI info
[0.478s] -- Detecting C compiler ABI info - done
[0.489s] -- Check for working C compiler: /usr/bin/cc - skipped
[0.490s] -- Detecting C compile features
[0.490s] -- Detecting C compile features - done
[0.504s] -- Detecting CXX compiler ABI info
[0.627s] -- Detecting CXX compiler ABI info - done
[0.646s] -- Check for working CXX compiler: /usr/bin/c++ - skipped
[0.647s] -- Detecting CXX compile features
[0.648s] -- Detecting CXX compile features - done
[0.658s] -- Found ament_cmake: 2.5.4 (/opt/ros/jazzy/share/ament_cmake/cmake)
[0.853s] -- Found Python3: /usr/bin/python3 (found version "3.12.3") found components: Interpreter 
[0.959s] -- Override CMake install command with custom implementation using symlinks instead of copying resources
[1.031s] -- Found rclcpp: 28.1.13 (/opt/ros/jazzy/share/rclcpp/cmake)
[1.111s] -- Found rosidl_generator_c: 4.6.6 (/opt/ros/jazzy/share/rosidl_generator_c/cmake)
[1.141s] -- Found rosidl_generator_cpp: 4.6.6 (/opt/ros/jazzy/share/rosidl_generator_cpp/cmake)
[1.180s] -- Using all available rosidl_typesupport_c: rosidl_typesupport_fastrtps_c;rosidl_typesupport_introspection_c
[1.235s] -- Using all available rosidl_typesupport_cpp: rosidl_typesupport_fastrtps_cpp;rosidl_typesupport_introspection_cpp
[1.395s] -- Found rmw_implementation_cmake: 7.3.2 (/opt/ros/jazzy/share/rmw_implementation_cmake/cmake)
[1.402s] -- Found rmw_fastrtps_cpp: 8.4.3 (/opt/ros/jazzy/share/rmw_fastrtps_cpp/cmake)
[1.545s] -- Found OpenSSL: /usr/lib/x86_64-linux-gnu/libcrypto.so (found version "3.0.13")  
[1.570s] -- Found FastRTPS: /opt/ros/jazzy/include (Required is at least version "2.13") 
[1.597s] -- Using RMW implementation 'rmw_fastrtps_cpp' as default
[1.834s] -- Configuring done (1.8s)
[1.843s] -- Generating done (0.0s)
[1.846s] -- Build files have been written to: /home/kha/robot_ws/src/build/csm
[1.855s] Invoked command in '/home/kha/robot_ws/src/build/csm' returned '0': CMAKE_PREFIX_PATH=${CMAKE_PREFIX_PATH}:/opt/ros/jazzy DEBUGINFOD_URLS=https://debuginfod.ubuntu.com /usr/bin/cmake /home/kha/robot_ws/src/robot/cms -DAMENT_CMAKE_SYMLINK_INSTALL=1 -DCMAKE_INSTALL_PREFIX=/home/kha/robot_ws/src/install/csm
[1.856s] Invoking command in '/home/kha/robot_ws/src/build/csm': CMAKE_PREFIX_PATH=${CMAKE_PREFIX_PATH}:/opt/ros/jazzy DEBUGINFOD_URLS=https://debuginfod.ubuntu.com /usr/bin/cmake --build /home/kha/robot_ws/src/build/csm -- -j12 -l12
[1.922s] [  8%] [32mBuilding CXX object CMakeFiles/csm.dir/src/csm/laser_data.cpp.o[0m
[1.923s] [  8%] [32mBuilding CXX object CMakeFiles/csm.dir/src/csm/clustering.cpp.o[0m
[1.924s] [ 12%] [32mBuilding CXX object CMakeFiles/csm.dir/src/csm/utils.cpp.o[0m
[1.924s] [ 16%] [32mBuilding CXX object CMakeFiles/csm.dir/src/egsl/egsl.cpp.o[0m
[1.924s] [ 20%] [32mBuilding CXX object CMakeFiles/csm.dir/src/csm/sm_options.cpp.o[0m
[1.925s] [ 25%] [32mBuilding CXX object CMakeFiles/csm.dir/src/csm/logging.cpp.o[0m
[1.925s] [ 29%] [32mBuilding CXX object CMakeFiles/csm.dir/src/csm/math_utils.cpp.o[0m
[1.926s] [ 33%] [32mBuilding CXX object CMakeFiles/csm.dir/src/csm/orientation.cpp.o[0m
[1.930s] [ 37%] [32mBuilding CXX object CMakeFiles/csm.dir/src/csm/math_utils_gsl.cpp.o[0m
[1.930s] [ 41%] [32mBuilding CXX object CMakeFiles/csm.dir/src/egsl/egsl_misc.cpp.o[0m
[1.935s] [ 45%] [32mBuilding CXX object CMakeFiles/csm.dir/src/egsl/egsl_conversions.cpp.o[0m
[1.942s] [ 50%] [32mBuilding CXX object CMakeFiles/csm.dir/src/egsl/egsl_ops.cpp.o[0m
[5.417s] [ 54%] [32mBuilding CXX object CMakeFiles/csm.dir/src/gpc/gpc.cpp.o[0m
[6.106s] [ 58%] [32mBuilding CXX object CMakeFiles/csm.dir/src/gpc/gpc_utils.cpp.o[0m
[6.560s] [ 62%] [32mBuilding CXX object CMakeFiles/csm.dir/src/icp/icp.cpp.o[0m
[6.855s] [ 66%] [32mBuilding CXX object CMakeFiles/csm.dir/src/icp/icp_corr_dumb.cpp.o[0m
[6.911s] [ 70%] [32mBuilding CXX object CMakeFiles/csm.dir/src/icp/icp_corr_tricks.cpp.o[0m
[7.421s] [ 75%] [32mBuilding CXX object CMakeFiles/csm.dir/src/icp/icp_covariance.cpp.o[0m
[7.575s] [ 79%] [32mBuilding CXX object CMakeFiles/csm.dir/src/icp/icp_debug.cpp.o[0m
[7.619s] [ 83%] [32mBuilding CXX object CMakeFiles/csm.dir/src/icp/icp_loop.cpp.o[0m
[7.777s] [ 87%] [32mBuilding CXX object CMakeFiles/csm.dir/src/icp/icp_outliers.cpp.o[0m
[7.877s] [ 91%] [32mBuilding CXX object CMakeFiles/csm.dir/src/options/options.cpp.o[0m
[7.877s] [ 95%] [32mBuilding CXX object CMakeFiles/csm.dir/src/options/options_interface.cpp.o[0m
[24.199s] [100%] [32m[1mLinking CXX shared library libcsm.so[0m
[24.548s] [100%] Built target csm
[24.564s] Invoked command in '/home/kha/robot_ws/src/build/csm' returned '0': CMAKE_PREFIX_PATH=${CMAKE_PREFIX_PATH}:/opt/ros/jazzy DEBUGINFOD_URLS=https://debuginfod.ubuntu.com /usr/bin/cmake --build /home/kha/robot_ws/src/build/csm -- -j12 -l12
[24.566s] Invoking command in '/home/kha/robot_ws/src/build/csm': CMAKE_PREFIX_PATH=${CMAKE_PREFIX_PATH}:/opt/ros/jazzy DEBUGINFOD_URLS=https://debuginfod.ubuntu.com /usr/bin/cmake --install /home/kha/robot_ws/src/build/csm
[24.577s] -- Install configuration: ""
[24.577s] -- Execute custom install script
[24.578s] -- Symlinking: /home/kha/robot_ws/src/install/csm/lib/libcsm.so
[24.591s] -- Symlinking: /home/kha/robot_ws/src/install/csm/include/..//include/csm/algos.h
[24.603s] -- Symlinking: /home/kha/robot_ws/src/install/csm/include/..//include/csm/csm.h
[24.616s] -- Symlinking: /home/kha/robot_ws/src/install/csm/include/..//include/csm/laser_data.h
[24.629s] -- Symlinking: /home/kha/robot_ws/src/install/csm/include/..//include/csm/laser_data_inline.h
[24.642s] -- Symlinking: /home/kha/robot_ws/src/install/csm/include/..//include/csm/restrict.h
[24.655s] -- Symlinking: /home/kha/robot_ws/src/install/csm/include/..//include/gsl_eigen/gsl_eigen.h
[24.667s] -- Symlinking: /home/kha/robot_ws/src/install/csm/share/csm/resource/csm
[24.680s] -- Symlinking: /home/kha/robot_ws/src/install/csm/include/../gsl_eigen/gsl_eigen.h
[24.692s] -- Symlinking: /home/kha/robot_ws/src/install/csm/share/csm/environment/library_path.sh
[24.705s] -- Symlinking: /home/kha/robot_ws/src/install/csm/share/csm/environment/library_path.dsv
[24.717s] -- Symlinking: /home/kha/robot_ws/src/install/csm/share/ament_index/resource_index/package_run_dependencies/csm
[24.729s] -- Symlinking: /home/kha/robot_ws/src/install/csm/share/ament_index/resource_index/parent_prefix_path/csm
[24.743s] -- Symlinking: /home/kha/robot_ws/src/install/csm/share/csm/environment/ament_prefix_path.sh
[24.756s] -- Symlinking: /home/kha/robot_ws/src/install/csm/share/csm/environment/ament_prefix_path.dsv
[24.768s] -- Symlinking: /home/kha/robot_ws/src/install/csm/share/csm/environment/path.sh
[24.781s] -- Symlinking: /home/kha/robot_ws/src/install/csm/share/csm/environment/path.dsv
[24.793s] -- Symlinking: /home/kha/robot_ws/src/install/csm/share/csm/local_setup.bash
[24.806s] -- Symlinking: /home/kha/robot_ws/src/install/csm/share/csm/local_setup.sh
[24.818s] -- Symlinking: /home/kha/robot_ws/src/install/csm/share/csm/local_setup.zsh
[24.831s] -- Symlinking: /home/kha/robot_ws/src/install/csm/share/csm/local_setup.dsv
[24.844s] -- Symlinking: /home/kha/robot_ws/src/install/csm/share/csm/package.dsv
[24.857s] -- Symlinking: /home/kha/robot_ws/src/install/csm/share/ament_index/resource_index/packages/csm
[24.869s] -- Symlinking: /home/kha/robot_ws/src/install/csm/share/csm/cmake/ament_cmake_export_dependencies-extras.cmake
[24.881s] -- Symlinking: /home/kha/robot_ws/src/install/csm/share/csm/cmake/ament_cmake_export_include_directories-extras.cmake
[24.894s] -- Symlinking: /home/kha/robot_ws/src/install/csm/share/csm/cmake/ament_cmake_export_libraries-extras.cmake
[24.907s] -- Symlinking: /home/kha/robot_ws/src/install/csm/share/csm/cmake/csmConfig.cmake
[24.919s] -- Symlinking: /home/kha/robot_ws/src/install/csm/share/csm/cmake/csmConfig-version.cmake
[24.932s] -- Symlinking: /home/kha/robot_ws/src/install/csm/share/csm/package.xml
[24.947s] Invoked command in '/home/kha/robot_ws/src/build/csm' returned '0': CMAKE_PREFIX_PATH=${CMAKE_PREFIX_PATH}:/opt/ros/jazzy DEBUGINFOD_URLS=https://debuginfod.ubuntu.com /usr/bin/cmake --install /home/kha/robot_ws/src/build/csm
