[0.280s] Invoking command in '/home/kha/robot_ws/build/ired_navigation': CMAKE_PREFIX_PATH=${CMAKE_PREFIX_PATH}:/home/kha/robot_ws/install/ired_teleop:/home/kha/robot_ws/install/gantry_commander:/opt/ros/jazzy DEBUGINFOD_URLS=https://debuginfod.ubuntu.com /usr/bin/cmake --build /home/kha/robot_ws/build/ired_navigation -- -j12 -l12
[0.572s] Invoked command in '/home/kha/robot_ws/build/ired_navigation' returned '0': CMAKE_PREFIX_PATH=${CMAKE_PREFIX_PATH}:/home/kha/robot_ws/install/ired_teleop:/home/kha/robot_ws/install/gantry_commander:/opt/ros/jazzy DEBUGINFOD_URLS=https://debuginfod.ubuntu.com /usr/bin/cmake --build /home/kha/robot_ws/build/ired_navigation -- -j12 -l12
[0.573s] Invoking command in '/home/kha/robot_ws/build/ired_navigation': CMAKE_PREFIX_PATH=${CMAKE_PREFIX_PATH}:/home/kha/robot_ws/install/ired_teleop:/home/kha/robot_ws/install/gantry_commander:/opt/ros/jazzy DEBUGINFOD_URLS=https://debuginfod.ubuntu.com /usr/bin/cmake --install /home/kha/robot_ws/build/ired_navigation
[0.585s] -- Install configuration: ""
[0.586s] -- Execute custom install script
[0.587s] -- Up-to-date symlink: /home/kha/robot_ws/install/ired_navigation/share/ired_navigation/config/ired_rplidar_2d.lua
[0.587s] -- Up-to-date symlink: /home/kha/robot_ws/install/ired_navigation/share/ired_navigation/launch/navigation.launch.py
[0.588s] -- Up-to-date symlink: /home/kha/robot_ws/install/ired_navigation/share/ired_navigation/launch/occupancy_grid.launch.py
[0.588s] -- Up-to-date symlink: /home/kha/robot_ws/install/ired_navigation/share/ired_navigation/launch/save_map.launch.py
[0.588s] -- Up-to-date symlink: /home/kha/robot_ws/install/ired_navigation/share/ired_navigation/launch/slam.launch.py
[0.588s] -- Up-to-date symlink: /home/kha/robot_ws/install/ired_navigation/share/ired_navigation/maps/1
[0.589s] -- Up-to-date symlink: /home/kha/robot_ws/install/ired_navigation/share/ired_navigation/maps/map.pgm
[0.590s] -- Up-to-date symlink: /home/kha/robot_ws/install/ired_navigation/share/ired_navigation/maps/map.yaml
[0.590s] -- Up-to-date symlink: /home/kha/robot_ws/install/ired_navigation/share/ired_navigation/param/navigation.yaml
[0.590s] -- Up-to-date symlink: /home/kha/robot_ws/install/ired_navigation/share/ament_index/resource_index/package_run_dependencies/ired_navigation
[0.590s] -- Up-to-date symlink: /home/kha/robot_ws/install/ired_navigation/share/ament_index/resource_index/parent_prefix_path/ired_navigation
[0.591s] -- Up-to-date symlink: /home/kha/robot_ws/install/ired_navigation/share/ired_navigation/environment/ament_prefix_path.sh
[0.593s] -- Up-to-date symlink: /home/kha/robot_ws/install/ired_navigation/share/ired_navigation/environment/ament_prefix_path.dsv
[0.593s] -- Up-to-date symlink: /home/kha/robot_ws/install/ired_navigation/share/ired_navigation/environment/path.sh
[0.594s] -- Up-to-date symlink: /home/kha/robot_ws/install/ired_navigation/share/ired_navigation/environment/path.dsv
[0.595s] -- Up-to-date symlink: /home/kha/robot_ws/install/ired_navigation/share/ired_navigation/local_setup.bash
[0.595s] -- Up-to-date symlink: /home/kha/robot_ws/install/ired_navigation/share/ired_navigation/local_setup.sh
[0.596s] -- Up-to-date symlink: /home/kha/robot_ws/install/ired_navigation/share/ired_navigation/local_setup.zsh
[0.596s] -- Up-to-date symlink: /home/kha/robot_ws/install/ired_navigation/share/ired_navigation/local_setup.dsv
[0.597s] -- Symlinking: /home/kha/robot_ws/install/ired_navigation/share/ired_navigation/package.dsv
[0.609s] -- Up-to-date symlink: /home/kha/robot_ws/install/ired_navigation/share/ament_index/resource_index/packages/ired_navigation
[0.609s] -- Up-to-date symlink: /home/kha/robot_ws/install/ired_navigation/share/ired_navigation/cmake/ired_navigationConfig.cmake
[0.610s] -- Up-to-date symlink: /home/kha/robot_ws/install/ired_navigation/share/ired_navigation/cmake/ired_navigationConfig-version.cmake
[0.610s] -- Up-to-date symlink: /home/kha/robot_ws/install/ired_navigation/share/ired_navigation/package.xml
[0.612s] Invoked command in '/home/kha/robot_ws/build/ired_navigation' returned '0': CMAKE_PREFIX_PATH=${CMAKE_PREFIX_PATH}:/home/kha/robot_ws/install/ired_teleop:/home/kha/robot_ws/install/gantry_commander:/opt/ros/jazzy DEBUGINFOD_URLS=https://debuginfod.ubuntu.com /usr/bin/cmake --install /home/kha/robot_ws/build/ired_navigation
