[1.445s] Invoking command in '/home/kha/robot_ws/src/gantry_commander': DEBUGINFOD_URLS=https://debuginfod.ubuntu.com PYTHONPATH=/home/kha/robot_ws/build/gantry_commander/prefix_override:/usr/lib/python3/dist-packages/colcon_core/task/python/colcon_distutils_commands:/home/kha/robot_ws/install/gantry_commander/lib/python3.12/site-packages:${PYTHONPATH} /usr/bin/python3 -W ignore:setup.py install is deprecated -W ignore:easy_install command is deprecated setup.py egg_info --egg-base ../../build/gantry_commander build --build-base /home/kha/robot_ws/build/gantry_commander/build install --record /home/kha/robot_ws/build/gantry_commander/install.log --single-version-externally-managed install_data
[1.773s] running egg_info
[1.799s] writing ../../build/gantry_commander/gantry_commander.egg-info/PKG-INFO
[1.799s] writing dependency_links to ../../build/gantry_commander/gantry_commander.egg-info/dependency_links.txt
[1.800s] writing entry points to ../../build/gantry_commander/gantry_commander.egg-info/entry_points.txt
[1.800s] writing requirements to ../../build/gantry_commander/gantry_commander.egg-info/requires.txt
[1.800s] writing top-level names to ../../build/gantry_commander/gantry_commander.egg-info/top_level.txt
[1.853s] reading manifest file '../../build/gantry_commander/gantry_commander.egg-info/SOURCES.txt'
[1.854s] writing manifest file '../../build/gantry_commander/gantry_commander.egg-info/SOURCES.txt'
[1.854s] running build
[1.854s] running build_py
[1.854s] running install
[1.861s] running install_lib
[1.888s] running install_data
[1.889s] copying gantry.urdf.xml -> /home/kha/robot_ws/install/gantry_commander/share/gantry_commander
[1.889s] running install_egg_info
[1.917s] removing '/home/kha/robot_ws/install/gantry_commander/lib/python3.12/site-packages/gantry_commander-0.0.0-py3.12.egg-info' (and everything under it)
[1.917s] Copying ../../build/gantry_commander/gantry_commander.egg-info to /home/kha/robot_ws/install/gantry_commander/lib/python3.12/site-packages/gantry_commander-0.0.0-py3.12.egg-info
[1.918s] running install_scripts
[2.090s] Installing go_to_point script to /home/kha/robot_ws/install/gantry_commander/lib/gantry_commander
[2.091s] Installing serial_bridge script to /home/kha/robot_ws/install/gantry_commander/lib/gantry_commander
[2.091s] writing list of installed files to '/home/kha/robot_ws/build/gantry_commander/install.log'
[2.121s] Invoked command in '/home/kha/robot_ws/src/gantry_commander' returned '0': DEBUGINFOD_URLS=https://debuginfod.ubuntu.com PYTHONPATH=/home/kha/robot_ws/build/gantry_commander/prefix_override:/usr/lib/python3/dist-packages/colcon_core/task/python/colcon_distutils_commands:/home/kha/robot_ws/install/gantry_commander/lib/python3.12/site-packages:${PYTHONPATH} /usr/bin/python3 -W ignore:setup.py install is deprecated -W ignore:easy_install command is deprecated setup.py egg_info --egg-base ../../build/gantry_commander build --build-base /home/kha/robot_ws/build/gantry_commander/build install --record /home/kha/robot_ws/build/gantry_commander/install.log --single-version-externally-managed install_data
