[1.432s] Invoking command in '/home/kha/robot_ws/src/robot/ired_teleop': DEBUGINFOD_URLS=https://debuginfod.ubuntu.com PYTHONPATH=/home/kha/robot_ws/build/ired_teleop/prefix_override:/usr/lib/python3/dist-packages/colcon_core/task/python/colcon_distutils_commands:/home/kha/robot_ws/install/ired_teleop/lib/python3.12/site-packages:${PYTHONPATH} /usr/bin/python3 -W ignore:setup.py install is deprecated -W ignore:easy_install command is deprecated setup.py egg_info --egg-base ../../../build/ired_teleop build --build-base /home/kha/robot_ws/build/ired_teleop/build install --record /home/kha/robot_ws/build/ired_teleop/install.log --single-version-externally-managed install_data
[1.755s] running egg_info
[1.786s] writing ../../../build/ired_teleop/ired_teleop.egg-info/PKG-INFO
[1.786s] writing dependency_links to ../../../build/ired_teleop/ired_teleop.egg-info/dependency_links.txt
[1.787s] writing entry points to ../../../build/ired_teleop/ired_teleop.egg-info/entry_points.txt
[1.787s] writing requirements to ../../../build/ired_teleop/ired_teleop.egg-info/requires.txt
[1.787s] writing top-level names to ../../../build/ired_teleop/ired_teleop.egg-info/top_level.txt
[1.844s] reading manifest file '../../../build/ired_teleop/ired_teleop.egg-info/SOURCES.txt'
[1.845s] writing manifest file '../../../build/ired_teleop/ired_teleop.egg-info/SOURCES.txt'
[1.845s] running build
[1.845s] running build_py
[1.845s] running install
[1.852s] running install_lib
[1.881s] running install_data
[1.881s] running install_egg_info
[1.910s] removing '/home/kha/robot_ws/install/ired_teleop/lib/python3.12/site-packages/ired_teleop-2.0.1-py3.12.egg-info' (and everything under it)
[1.911s] Copying ../../../build/ired_teleop/ired_teleop.egg-info to /home/kha/robot_ws/install/ired_teleop/lib/python3.12/site-packages/ired_teleop-2.0.1-py3.12.egg-info
[1.911s] running install_scripts
[2.086s] Installing teleop_keyboard script to /home/kha/robot_ws/install/ired_teleop/lib/ired_teleop
[2.086s] writing list of installed files to '/home/kha/robot_ws/build/ired_teleop/install.log'
[2.117s] Invoked command in '/home/kha/robot_ws/src/robot/ired_teleop' returned '0': DEBUGINFOD_URLS=https://debuginfod.ubuntu.com PYTHONPATH=/home/kha/robot_ws/build/ired_teleop/prefix_override:/usr/lib/python3/dist-packages/colcon_core/task/python/colcon_distutils_commands:/home/kha/robot_ws/install/ired_teleop/lib/python3.12/site-packages:${PYTHONPATH} /usr/bin/python3 -W ignore:setup.py install is deprecated -W ignore:easy_install command is deprecated setup.py egg_info --egg-base ../../../build/ired_teleop build --build-base /home/kha/robot_ws/build/ired_teleop/build install --record /home/kha/robot_ws/build/ired_teleop/install.log --single-version-externally-managed install_data
