[0.286s] Invoking command in '/home/kha/robot_ws/build/ired_rviz': CMAKE_PREFIX_PATH=${CMAKE_PREFIX_PATH}:/home/kha/robot_ws/install/ired_teleop:/home/kha/robot_ws/install/gantry_commander:/opt/ros/jazzy DEBUGINFOD_URLS=https://debuginfod.ubuntu.com /usr/bin/cmake /home/kha/robot_ws/src/robot/ired_rviz -DCMAKE_INSTALL_PREFIX=/home/kha/robot_ws/install/ired_rviz
[0.588s] -- Found ament_cmake: 2.5.4 (/opt/ros/jazzy/share/ament_cmake/cmake)
[0.610s] -- Override CMake install command with custom implementation using symlinks instead of copying resources
[0.756s] -- Configuring done (0.5s)
[0.763s] -- Generating done (0.0s)
[0.766s] -- Build files have been written to: /home/kha/robot_ws/build/ired_rviz
[0.771s] Invoked command in '/home/kha/robot_ws/build/ired_rviz' returned '0': CMAKE_PREFIX_PATH=${CMAKE_PREFIX_PATH}:/home/kha/robot_ws/install/ired_teleop:/home/kha/robot_ws/install/gantry_commander:/opt/ros/jazzy DEBUGINFOD_URLS=https://debuginfod.ubuntu.com /usr/bin/cmake /home/kha/robot_ws/src/robot/ired_rviz -DCMAKE_INSTALL_PREFIX=/home/kha/robot_ws/install/ired_rviz
[0.773s] Invoking command in '/home/kha/robot_ws/build/ired_rviz': CMAKE_PREFIX_PATH=${CMAKE_PREFIX_PATH}:/home/kha/robot_ws/install/ired_teleop:/home/kha/robot_ws/install/gantry_commander:/opt/ros/jazzy DEBUGINFOD_URLS=https://debuginfod.ubuntu.com /usr/bin/cmake --build /home/kha/robot_ws/build/ired_rviz -- -j12 -l12
[0.860s] Invoked command in '/home/kha/robot_ws/build/ired_rviz' returned '0': CMAKE_PREFIX_PATH=${CMAKE_PREFIX_PATH}:/home/kha/robot_ws/install/ired_teleop:/home/kha/robot_ws/install/gantry_commander:/opt/ros/jazzy DEBUGINFOD_URLS=https://debuginfod.ubuntu.com /usr/bin/cmake --build /home/kha/robot_ws/build/ired_rviz -- -j12 -l12
[0.861s] Invoking command in '/home/kha/robot_ws/build/ired_rviz': CMAKE_PREFIX_PATH=${CMAKE_PREFIX_PATH}:/home/kha/robot_ws/install/ired_teleop:/home/kha/robot_ws/install/gantry_commander:/opt/ros/jazzy DEBUGINFOD_URLS=https://debuginfod.ubuntu.com /usr/bin/cmake --install /home/kha/robot_ws/build/ired_rviz
[0.873s] -- Install configuration: ""
[0.873s] -- Execute custom install script
[0.874s] -- Up-to-date symlink: /home/kha/robot_ws/install/ired_rviz/share/ired_rviz/launch/navigation.launch.py
[0.875s] -- Up-to-date symlink: /home/kha/robot_ws/install/ired_rviz/share/ired_rviz/launch/slam.launch.py
[0.875s] -- Up-to-date symlink: /home/kha/robot_ws/install/ired_rviz/share/ired_rviz/rviz/bringup.rviz
[0.875s] -- Up-to-date symlink: /home/kha/robot_ws/install/ired_rviz/share/ired_rviz/rviz/navi.rviz
[0.876s] -- Up-to-date symlink: /home/kha/robot_ws/install/ired_rviz/share/ired_rviz/rviz/robot_urdf.rviz
[0.876s] -- Up-to-date symlink: /home/kha/robot_ws/install/ired_rviz/share/ired_rviz/rviz/slam.rviz
[0.876s] -- Up-to-date symlink: /home/kha/robot_ws/install/ired_rviz/share/ament_index/resource_index/package_run_dependencies/ired_rviz
[0.877s] -- Up-to-date symlink: /home/kha/robot_ws/install/ired_rviz/share/ament_index/resource_index/parent_prefix_path/ired_rviz
[0.877s] -- Up-to-date symlink: /home/kha/robot_ws/install/ired_rviz/share/ired_rviz/environment/ament_prefix_path.sh
[0.878s] -- Up-to-date symlink: /home/kha/robot_ws/install/ired_rviz/share/ired_rviz/environment/ament_prefix_path.dsv
[0.878s] -- Up-to-date symlink: /home/kha/robot_ws/install/ired_rviz/share/ired_rviz/environment/path.sh
[0.878s] -- Up-to-date symlink: /home/kha/robot_ws/install/ired_rviz/share/ired_rviz/environment/path.dsv
[0.879s] -- Up-to-date symlink: /home/kha/robot_ws/install/ired_rviz/share/ired_rviz/local_setup.bash
[0.879s] -- Up-to-date symlink: /home/kha/robot_ws/install/ired_rviz/share/ired_rviz/local_setup.sh
[0.879s] -- Up-to-date symlink: /home/kha/robot_ws/install/ired_rviz/share/ired_rviz/local_setup.zsh
[0.880s] -- Up-to-date symlink: /home/kha/robot_ws/install/ired_rviz/share/ired_rviz/local_setup.dsv
[0.880s] -- Symlinking: /home/kha/robot_ws/install/ired_rviz/share/ired_rviz/package.dsv
[0.893s] -- Up-to-date symlink: /home/kha/robot_ws/install/ired_rviz/share/ament_index/resource_index/packages/ired_rviz
[0.894s] -- Up-to-date symlink: /home/kha/robot_ws/install/ired_rviz/share/ired_rviz/cmake/ired_rvizConfig.cmake
[0.894s] -- Up-to-date symlink: /home/kha/robot_ws/install/ired_rviz/share/ired_rviz/cmake/ired_rvizConfig-version.cmake
[0.894s] -- Up-to-date symlink: /home/kha/robot_ws/install/ired_rviz/share/ired_rviz/package.xml
[0.897s] Invoked command in '/home/kha/robot_ws/build/ired_rviz' returned '0': CMAKE_PREFIX_PATH=${CMAKE_PREFIX_PATH}:/home/kha/robot_ws/install/ired_teleop:/home/kha/robot_ws/install/gantry_commander:/opt/ros/jazzy DEBUGINFOD_URLS=https://debuginfod.ubuntu.com /usr/bin/cmake --install /home/kha/robot_ws/build/ired_rviz
