[0.014s] Invoking command in '/home/kha/robot_ws/build/gantry_moveit_config': AMENT_PREFIX_PATH=/home/kha/robot_ws/install/gantry_commander:/home/kha/robot_ws/install/rplidar_ros:/home/kha/robot_ws/install/ros2_laser_scan_matcher:/home/kha/robot_ws/install/ired_teleop:/home/kha/robot_ws/install/ired_rviz:/home/kha/robot_ws/install/ired_navigation:/home/kha/robot_ws/install/ired_bringup:/home/kha/robot_ws/install/ired_msgs:/home/kha/robot_ws/install/csm:/opt/ros/jazzy CMAKE_PREFIX_PATH=${CMAKE_PREFIX_PATH}:/home/kha/robot_ws/install/ired_teleop:/home/kha/robot_ws/install/gantry_commander:/opt/ros/jazzy DEBUGINFOD_URLS=https://debuginfod.ubuntu.com PYTHONPATH=/home/kha/robot_ws/build/gantry_commander:/home/kha/robot_ws/install/gantry_commander/lib/python3.12/site-packages:/home/kha/robot_ws/build/ired_teleop:/home/kha/robot_ws/install/ired_teleop/lib/python3.12/site-packages:/home/kha/robot_ws/install/ired_msgs/lib/python3.12/site-packages:/opt/ros/jazzy/lib/python3.12/site-packages /usr/bin/cmake /home/kha/robot_ws/src/gantry_moveit_config -DCMAKE_INSTALL_PREFIX=/home/kha/robot_ws/install/gantry_moveit_config
[0.315s] -- The C compiler identification is GNU 13.3.0
[0.524s] -- The CXX compiler identification is GNU 13.3.0
[0.545s] -- Detecting C compiler ABI info
[0.660s] -- Detecting C compiler ABI info - done
[0.673s] -- Check for working C compiler: /usr/bin/cc - skipped
[0.674s] -- Detecting C compile features
[0.675s] -- Detecting C compile features - done
[0.688s] -- Detecting CXX compiler ABI info
[0.827s] -- Detecting CXX compiler ABI info - done
[0.836s] -- Check for working CXX compiler: /usr/bin/c++ - skipped
[0.837s] -- Detecting CXX compile features
[0.837s] -- Detecting CXX compile features - done
[0.848s] -- Found ament_cmake: 2.5.4 (/opt/ros/jazzy/share/ament_cmake/cmake)
[1.015s] -- Found Python3: /usr/bin/python3 (found version "3.12.3") found components: Interpreter 
[1.250s] -- Configuring done (1.2s)
[1.253s] -- Generating done (0.0s)
[1.255s] -- Build files have been written to: /home/kha/robot_ws/build/gantry_moveit_config
[1.259s] Invoked command in '/home/kha/robot_ws/build/gantry_moveit_config' returned '0': AMENT_PREFIX_PATH=/home/kha/robot_ws/install/gantry_commander:/home/kha/robot_ws/install/rplidar_ros:/home/kha/robot_ws/install/ros2_laser_scan_matcher:/home/kha/robot_ws/install/ired_teleop:/home/kha/robot_ws/install/ired_rviz:/home/kha/robot_ws/install/ired_navigation:/home/kha/robot_ws/install/ired_bringup:/home/kha/robot_ws/install/ired_msgs:/home/kha/robot_ws/install/csm:/opt/ros/jazzy CMAKE_PREFIX_PATH=${CMAKE_PREFIX_PATH}:/home/kha/robot_ws/install/ired_teleop:/home/kha/robot_ws/install/gantry_commander:/opt/ros/jazzy DEBUGINFOD_URLS=https://debuginfod.ubuntu.com PYTHONPATH=/home/kha/robot_ws/build/gantry_commander:/home/kha/robot_ws/install/gantry_commander/lib/python3.12/site-packages:/home/kha/robot_ws/build/ired_teleop:/home/kha/robot_ws/install/ired_teleop/lib/python3.12/site-packages:/home/kha/robot_ws/install/ired_msgs/lib/python3.12/site-packages:/opt/ros/jazzy/lib/python3.12/site-packages /usr/bin/cmake /home/kha/robot_ws/src/gantry_moveit_config -DCMAKE_INSTALL_PREFIX=/home/kha/robot_ws/install/gantry_moveit_config
[1.260s] Invoking command in '/home/kha/robot_ws/build/gantry_moveit_config': AMENT_PREFIX_PATH=/home/kha/robot_ws/install/gantry_commander:/home/kha/robot_ws/install/rplidar_ros:/home/kha/robot_ws/install/ros2_laser_scan_matcher:/home/kha/robot_ws/install/ired_teleop:/home/kha/robot_ws/install/ired_rviz:/home/kha/robot_ws/install/ired_navigation:/home/kha/robot_ws/install/ired_bringup:/home/kha/robot_ws/install/ired_msgs:/home/kha/robot_ws/install/csm:/opt/ros/jazzy CMAKE_PREFIX_PATH=${CMAKE_PREFIX_PATH}:/home/kha/robot_ws/install/ired_teleop:/home/kha/robot_ws/install/gantry_commander:/opt/ros/jazzy DEBUGINFOD_URLS=https://debuginfod.ubuntu.com PYTHONPATH=/home/kha/robot_ws/build/gantry_commander:/home/kha/robot_ws/install/gantry_commander/lib/python3.12/site-packages:/home/kha/robot_ws/build/ired_teleop:/home/kha/robot_ws/install/ired_teleop/lib/python3.12/site-packages:/home/kha/robot_ws/install/ired_msgs/lib/python3.12/site-packages:/opt/ros/jazzy/lib/python3.12/site-packages /usr/bin/cmake --build /home/kha/robot_ws/build/gantry_moveit_config -- -j12 -l12
[1.301s] Invoked command in '/home/kha/robot_ws/build/gantry_moveit_config' returned '0': AMENT_PREFIX_PATH=/home/kha/robot_ws/install/gantry_commander:/home/kha/robot_ws/install/rplidar_ros:/home/kha/robot_ws/install/ros2_laser_scan_matcher:/home/kha/robot_ws/install/ired_teleop:/home/kha/robot_ws/install/ired_rviz:/home/kha/robot_ws/install/ired_navigation:/home/kha/robot_ws/install/ired_bringup:/home/kha/robot_ws/install/ired_msgs:/home/kha/robot_ws/install/csm:/opt/ros/jazzy CMAKE_PREFIX_PATH=${CMAKE_PREFIX_PATH}:/home/kha/robot_ws/install/ired_teleop:/home/kha/robot_ws/install/gantry_commander:/opt/ros/jazzy DEBUGINFOD_URLS=https://debuginfod.ubuntu.com PYTHONPATH=/home/kha/robot_ws/build/gantry_commander:/home/kha/robot_ws/install/gantry_commander/lib/python3.12/site-packages:/home/kha/robot_ws/build/ired_teleop:/home/kha/robot_ws/install/ired_teleop/lib/python3.12/site-packages:/home/kha/robot_ws/install/ired_msgs/lib/python3.12/site-packages:/opt/ros/jazzy/lib/python3.12/site-packages /usr/bin/cmake --build /home/kha/robot_ws/build/gantry_moveit_config -- -j12 -l12
[1.312s] Invoking command in '/home/kha/robot_ws/build/gantry_moveit_config': AMENT_PREFIX_PATH=/home/kha/robot_ws/install/gantry_commander:/home/kha/robot_ws/install/rplidar_ros:/home/kha/robot_ws/install/ros2_laser_scan_matcher:/home/kha/robot_ws/install/ired_teleop:/home/kha/robot_ws/install/ired_rviz:/home/kha/robot_ws/install/ired_navigation:/home/kha/robot_ws/install/ired_bringup:/home/kha/robot_ws/install/ired_msgs:/home/kha/robot_ws/install/csm:/opt/ros/jazzy CMAKE_PREFIX_PATH=${CMAKE_PREFIX_PATH}:/home/kha/robot_ws/install/ired_teleop:/home/kha/robot_ws/install/gantry_commander:/opt/ros/jazzy DEBUGINFOD_URLS=https://debuginfod.ubuntu.com PYTHONPATH=/home/kha/robot_ws/build/gantry_commander:/home/kha/robot_ws/install/gantry_commander/lib/python3.12/site-packages:/home/kha/robot_ws/build/ired_teleop:/home/kha/robot_ws/install/ired_teleop/lib/python3.12/site-packages:/home/kha/robot_ws/install/ired_msgs/lib/python3.12/site-packages:/opt/ros/jazzy/lib/python3.12/site-packages /usr/bin/cmake --install /home/kha/robot_ws/build/gantry_moveit_config
[1.321s] -- Install configuration: ""
[1.321s] -- Installing: /home/kha/robot_ws/install/gantry_moveit_config/share/ament_index/resource_index/package_run_dependencies/gantry_moveit_config
[1.322s] -- Installing: /home/kha/robot_ws/install/gantry_moveit_config/share/ament_index/resource_index/parent_prefix_path/gantry_moveit_config
[1.322s] -- Installing: /home/kha/robot_ws/install/gantry_moveit_config/share/gantry_moveit_config/environment/ament_prefix_path.sh
[1.322s] -- Installing: /home/kha/robot_ws/install/gantry_moveit_config/share/gantry_moveit_config/environment/ament_prefix_path.dsv
[1.322s] -- Installing: /home/kha/robot_ws/install/gantry_moveit_config/share/gantry_moveit_config/environment/path.sh
[1.322s] -- Installing: /home/kha/robot_ws/install/gantry_moveit_config/share/gantry_moveit_config/environment/path.dsv
[1.322s] -- Installing: /home/kha/robot_ws/install/gantry_moveit_config/share/gantry_moveit_config/local_setup.bash
[1.322s] -- Installing: /home/kha/robot_ws/install/gantry_moveit_config/share/gantry_moveit_config/local_setup.sh
[1.322s] -- Installing: /home/kha/robot_ws/install/gantry_moveit_config/share/gantry_moveit_config/local_setup.zsh
[1.323s] -- Installing: /home/kha/robot_ws/install/gantry_moveit_config/share/gantry_moveit_config/local_setup.dsv
[1.323s] -- Installing: /home/kha/robot_ws/install/gantry_moveit_config/share/gantry_moveit_config/package.dsv
[1.323s] -- Installing: /home/kha/robot_ws/install/gantry_moveit_config/share/ament_index/resource_index/packages/gantry_moveit_config
[1.323s] -- Installing: /home/kha/robot_ws/install/gantry_moveit_config/share/gantry_moveit_config/cmake/gantry_moveit_configConfig.cmake
[1.323s] -- Installing: /home/kha/robot_ws/install/gantry_moveit_config/share/gantry_moveit_config/cmake/gantry_moveit_configConfig-version.cmake
[1.323s] -- Installing: /home/kha/robot_ws/install/gantry_moveit_config/share/gantry_moveit_config/package.xml
[1.323s] -- Installing: /home/kha/robot_ws/install/gantry_moveit_config/share/gantry_moveit_config/launch
[1.323s] -- Installing: /home/kha/robot_ws/install/gantry_moveit_config/share/gantry_moveit_config/launch/warehouse_db.launch.py
[1.323s] -- Installing: /home/kha/robot_ws/install/gantry_moveit_config/share/gantry_moveit_config/launch/move_group.launch.py
[1.324s] -- Installing: /home/kha/robot_ws/install/gantry_moveit_config/share/gantry_moveit_config/launch/demo.launch.py
[1.324s] -- Installing: /home/kha/robot_ws/install/gantry_moveit_config/share/gantry_moveit_config/launch/moveit_rviz.launch.py
[1.324s] -- Installing: /home/kha/robot_ws/install/gantry_moveit_config/share/gantry_moveit_config/launch/rsp.launch.py
[1.324s] -- Installing: /home/kha/robot_ws/install/gantry_moveit_config/share/gantry_moveit_config/launch/setup_assistant.launch.py
[1.324s] -- Installing: /home/kha/robot_ws/install/gantry_moveit_config/share/gantry_moveit_config/launch/spawn_controllers.launch.py
[1.324s] -- Installing: /home/kha/robot_ws/install/gantry_moveit_config/share/gantry_moveit_config/launch/static_virtual_joint_tfs.launch.py
[1.324s] -- Installing: /home/kha/robot_ws/install/gantry_moveit_config/share/gantry_moveit_config/config
[1.324s] -- Installing: /home/kha/robot_ws/install/gantry_moveit_config/share/gantry_moveit_config/config/moveit.rviz
[1.324s] -- Installing: /home/kha/robot_ws/install/gantry_moveit_config/share/gantry_moveit_config/config/kinematics.yaml
[1.324s] -- Installing: /home/kha/robot_ws/install/gantry_moveit_config/share/gantry_moveit_config/config/gantry_robot.srdf
[1.324s] -- Installing: /home/kha/robot_ws/install/gantry_moveit_config/share/gantry_moveit_config/config/pilz_cartesian_limits.yaml
[1.325s] -- Installing: /home/kha/robot_ws/install/gantry_moveit_config/share/gantry_moveit_config/config/joint_limits.yaml
[1.325s] -- Installing: /home/kha/robot_ws/install/gantry_moveit_config/share/gantry_moveit_config/.setup_assistant
[1.326s] Invoked command in '/home/kha/robot_ws/build/gantry_moveit_config' returned '0': AMENT_PREFIX_PATH=/home/kha/robot_ws/install/gantry_commander:/home/kha/robot_ws/install/rplidar_ros:/home/kha/robot_ws/install/ros2_laser_scan_matcher:/home/kha/robot_ws/install/ired_teleop:/home/kha/robot_ws/install/ired_rviz:/home/kha/robot_ws/install/ired_navigation:/home/kha/robot_ws/install/ired_bringup:/home/kha/robot_ws/install/ired_msgs:/home/kha/robot_ws/install/csm:/opt/ros/jazzy CMAKE_PREFIX_PATH=${CMAKE_PREFIX_PATH}:/home/kha/robot_ws/install/ired_teleop:/home/kha/robot_ws/install/gantry_commander:/opt/ros/jazzy DEBUGINFOD_URLS=https://debuginfod.ubuntu.com PYTHONPATH=/home/kha/robot_ws/build/gantry_commander:/home/kha/robot_ws/install/gantry_commander/lib/python3.12/site-packages:/home/kha/robot_ws/build/ired_teleop:/home/kha/robot_ws/install/ired_teleop/lib/python3.12/site-packages:/home/kha/robot_ws/install/ired_msgs/lib/python3.12/site-packages:/opt/ros/jazzy/lib/python3.12/site-packages /usr/bin/cmake --install /home/kha/robot_ws/build/gantry_moveit_config
