[0.054s] Invoking command in '/home/kha/robot_ws/build/csm': CMAKE_PREFIX_PATH=${CMAKE_PREFIX_PATH}:/home/kha/robot_ws/install/ired_teleop:/home/kha/robot_ws/install/gantry_commander:/opt/ros/jazzy DEBUGINFOD_URLS=https://debuginfod.ubuntu.com /usr/bin/cmake --build /home/kha/robot_ws/build/csm -- -j12 -l12
[0.597s] [100%] Built target csm
[0.605s] Invoked command in '/home/kha/robot_ws/build/csm' returned '0': CMAKE_PREFIX_PATH=${CMAKE_PREFIX_PATH}:/home/kha/robot_ws/install/ired_teleop:/home/kha/robot_ws/install/gantry_commander:/opt/ros/jazzy DEBUGINFOD_URLS=https://debuginfod.ubuntu.com /usr/bin/cmake --build /home/kha/robot_ws/build/csm -- -j12 -l12
[0.617s] Invoking command in '/home/kha/robot_ws/build/csm': CMAKE_PREFIX_PATH=${CMAKE_PREFIX_PATH}:/home/kha/robot_ws/install/ired_teleop:/home/kha/robot_ws/install/gantry_commander:/opt/ros/jazzy DEBUGINFOD_URLS=https://debuginfod.ubuntu.com /usr/bin/cmake --install /home/kha/robot_ws/build/csm
[0.629s] -- Install configuration: ""
[0.629s] -- Execute custom install script
[0.630s] -- Up-to-date symlink: /home/kha/robot_ws/install/csm/lib/libcsm.so
[0.630s] -- Up-to-date symlink: /home/kha/robot_ws/install/csm/include/..//include/csm/algos.h
[0.630s] -- Up-to-date symlink: /home/kha/robot_ws/install/csm/include/..//include/csm/csm.h
[0.631s] -- Up-to-date symlink: /home/kha/robot_ws/install/csm/include/..//include/csm/laser_data.h
[0.632s] -- Up-to-date symlink: /home/kha/robot_ws/install/csm/include/..//include/csm/laser_data_inline.h
[0.632s] -- Up-to-date symlink: /home/kha/robot_ws/install/csm/include/..//include/csm/restrict.h
[0.632s] -- Up-to-date symlink: /home/kha/robot_ws/install/csm/include/..//include/gsl_eigen/gsl_eigen.h
[0.632s] -- Up-to-date symlink: /home/kha/robot_ws/install/csm/share/csm/resource/csm
[0.633s] -- Up-to-date symlink: /home/kha/robot_ws/install/csm/include/../gsl_eigen/gsl_eigen.h
[0.634s] -- Up-to-date symlink: /home/kha/robot_ws/install/csm/share/csm/environment/library_path.sh
[0.634s] -- Up-to-date symlink: /home/kha/robot_ws/install/csm/share/csm/environment/library_path.dsv
[0.635s] -- Up-to-date symlink: /home/kha/robot_ws/install/csm/share/ament_index/resource_index/package_run_dependencies/csm
[0.635s] -- Up-to-date symlink: /home/kha/robot_ws/install/csm/share/ament_index/resource_index/parent_prefix_path/csm
[0.636s] -- Up-to-date symlink: /home/kha/robot_ws/install/csm/share/csm/environment/ament_prefix_path.sh
[0.637s] -- Up-to-date symlink: /home/kha/robot_ws/install/csm/share/csm/environment/ament_prefix_path.dsv
[0.637s] -- Up-to-date symlink: /home/kha/robot_ws/install/csm/share/csm/environment/path.sh
[0.638s] -- Up-to-date symlink: /home/kha/robot_ws/install/csm/share/csm/environment/path.dsv
[0.638s] -- Up-to-date symlink: /home/kha/robot_ws/install/csm/share/csm/local_setup.bash
[0.638s] -- Up-to-date symlink: /home/kha/robot_ws/install/csm/share/csm/local_setup.sh
[0.639s] -- Up-to-date symlink: /home/kha/robot_ws/install/csm/share/csm/local_setup.zsh
[0.640s] -- Up-to-date symlink: /home/kha/robot_ws/install/csm/share/csm/local_setup.dsv
[0.640s] -- Symlinking: /home/kha/robot_ws/install/csm/share/csm/package.dsv
[0.650s] -- Up-to-date symlink: /home/kha/robot_ws/install/csm/share/ament_index/resource_index/packages/csm
[0.651s] -- Up-to-date symlink: /home/kha/robot_ws/install/csm/share/csm/cmake/ament_cmake_export_dependencies-extras.cmake
[0.651s] -- Up-to-date symlink: /home/kha/robot_ws/install/csm/share/csm/cmake/ament_cmake_export_include_directories-extras.cmake
[0.651s] -- Up-to-date symlink: /home/kha/robot_ws/install/csm/share/csm/cmake/ament_cmake_export_libraries-extras.cmake
[0.652s] -- Up-to-date symlink: /home/kha/robot_ws/install/csm/share/csm/cmake/csmConfig.cmake
[0.652s] -- Up-to-date symlink: /home/kha/robot_ws/install/csm/share/csm/cmake/csmConfig-version.cmake
[0.653s] -- Up-to-date symlink: /home/kha/robot_ws/install/csm/share/csm/package.xml
[0.656s] Invoked command in '/home/kha/robot_ws/build/csm' returned '0': CMAKE_PREFIX_PATH=${CMAKE_PREFIX_PATH}:/home/kha/robot_ws/install/ired_teleop:/home/kha/robot_ws/install/gantry_commander:/opt/ros/jazzy DEBUGINFOD_URLS=https://debuginfod.ubuntu.com /usr/bin/cmake --install /home/kha/robot_ws/build/csm
