[0.578s] Invoking command in '/home/kha/robot_ws/build/rplidar_ros': CMAKE_PREFIX_PATH=${CMAKE_PREFIX_PATH}:/home/kha/robot_ws/install/ired_teleop:/home/kha/robot_ws/install/gantry_commander:/opt/ros/jazzy DEBUGINFOD_URLS=https://debuginfod.ubuntu.com /usr/bin/cmake /home/kha/robot_ws/src/robot/rplidar_ros -DCMAKE_INSTALL_PREFIX=/home/kha/robot_ws/install/rplidar_ros
[0.601s] -- Found ament_cmake: 2.5.4 (/opt/ros/jazzy/share/ament_cmake/cmake)
[0.938s] -- Override CMake install command with custom implementation using symlinks instead of copying resources
[0.949s] -- Found rclcpp: 28.1.13 (/opt/ros/jazzy/share/rclcpp/cmake)
[0.990s] -- Found rosidl_generator_c: 4.6.6 (/opt/ros/jazzy/share/rosidl_generator_c/cmake)
[1.006s] -- Found rosidl_generator_cpp: 4.6.6 (/opt/ros/jazzy/share/rosidl_generator_cpp/cmake)
[1.022s] -- Using all available rosidl_typesupport_c: rosidl_typesupport_fastrtps_c;rosidl_typesupport_introspection_c
[1.045s] -- Using all available rosidl_typesupport_cpp: rosidl_typesupport_fastrtps_cpp;rosidl_typesupport_introspection_cpp
[1.137s] -- Found rmw_implementation_cmake: 7.3.2 (/opt/ros/jazzy/share/rmw_implementation_cmake/cmake)
[1.139s] -- Found rmw_fastrtps_cpp: 8.4.3 (/opt/ros/jazzy/share/rmw_fastrtps_cpp/cmake)
[1.244s] -- Using RMW implementation 'rmw_fastrtps_cpp' as default
[1.338s] -- Found sensor_msgs: 5.3.6 (/opt/ros/jazzy/share/sensor_msgs/cmake)
[1.418s] -- Found std_srvs: 5.3.6 (/opt/ros/jazzy/share/std_srvs/cmake)
[1.571s] -- Configuring done (1.0s)
[1.608s] -- Generating done (0.0s)
[1.617s] -- Build files have been written to: /home/kha/robot_ws/build/rplidar_ros
[1.628s] Invoked command in '/home/kha/robot_ws/build/rplidar_ros' returned '0': CMAKE_PREFIX_PATH=${CMAKE_PREFIX_PATH}:/home/kha/robot_ws/install/ired_teleop:/home/kha/robot_ws/install/gantry_commander:/opt/ros/jazzy DEBUGINFOD_URLS=https://debuginfod.ubuntu.com /usr/bin/cmake /home/kha/robot_ws/src/robot/rplidar_ros -DCMAKE_INSTALL_PREFIX=/home/kha/robot_ws/install/rplidar_ros
[1.630s] Invoking command in '/home/kha/robot_ws/build/rplidar_ros': CMAKE_PREFIX_PATH=${CMAKE_PREFIX_PATH}:/home/kha/robot_ws/install/ired_teleop:/home/kha/robot_ws/install/gantry_commander:/opt/ros/jazzy DEBUGINFOD_URLS=https://debuginfod.ubuntu.com /usr/bin/cmake --build /home/kha/robot_ws/build/rplidar_ros -- -j12 -l12
[1.714s] [  5%] Built target rplidar_client
[1.738s] [ 52%] Built target rplidar_node
[1.739s] [100%] Built target rplidar_composition
[1.755s] Invoked command in '/home/kha/robot_ws/build/rplidar_ros' returned '0': CMAKE_PREFIX_PATH=${CMAKE_PREFIX_PATH}:/home/kha/robot_ws/install/ired_teleop:/home/kha/robot_ws/install/gantry_commander:/opt/ros/jazzy DEBUGINFOD_URLS=https://debuginfod.ubuntu.com /usr/bin/cmake --build /home/kha/robot_ws/build/rplidar_ros -- -j12 -l12
[1.756s] Invoking command in '/home/kha/robot_ws/build/rplidar_ros': CMAKE_PREFIX_PATH=${CMAKE_PREFIX_PATH}:/home/kha/robot_ws/install/ired_teleop:/home/kha/robot_ws/install/gantry_commander:/opt/ros/jazzy DEBUGINFOD_URLS=https://debuginfod.ubuntu.com /usr/bin/cmake --install /home/kha/robot_ws/build/rplidar_ros
[1.769s] -- Install configuration: ""
[1.769s] -- Execute custom install script
[1.770s] -- Up-to-date symlink: /home/kha/robot_ws/install/rplidar_ros/share/rplidar_ros/launch/rplidar_a1_launch.py
[1.770s] -- Up-to-date symlink: /home/kha/robot_ws/install/rplidar_ros/share/rplidar_ros/launch/view_rplidar_a1_launch.py
[1.771s] -- Up-to-date symlink: /home/kha/robot_ws/install/rplidar_ros/share/rplidar_ros/rviz/rplidar_ros.rviz
[1.772s] -- Up-to-date symlink: /home/kha/robot_ws/install/rplidar_ros/lib/rplidar_ros/rplidar_node
[1.772s] -- Up-to-date symlink: /home/kha/robot_ws/install/rplidar_ros/lib/rplidar_ros/rplidar_composition
[1.772s] -- Up-to-date symlink: /home/kha/robot_ws/install/rplidar_ros/lib/rplidar_ros/rplidar_client
[1.772s] -- Up-to-date symlink: /home/kha/robot_ws/install/rplidar_ros/share/ament_index/resource_index/package_run_dependencies/rplidar_ros
[1.773s] -- Up-to-date symlink: /home/kha/robot_ws/install/rplidar_ros/share/ament_index/resource_index/parent_prefix_path/rplidar_ros
[1.773s] -- Up-to-date symlink: /home/kha/robot_ws/install/rplidar_ros/share/rplidar_ros/environment/ament_prefix_path.sh
[1.773s] -- Up-to-date symlink: /home/kha/robot_ws/install/rplidar_ros/share/rplidar_ros/environment/ament_prefix_path.dsv
[1.774s] -- Up-to-date symlink: /home/kha/robot_ws/install/rplidar_ros/share/rplidar_ros/environment/path.sh
[1.774s] -- Up-to-date symlink: /home/kha/robot_ws/install/rplidar_ros/share/rplidar_ros/environment/path.dsv
[1.774s] -- Up-to-date symlink: /home/kha/robot_ws/install/rplidar_ros/share/rplidar_ros/local_setup.bash
[1.774s] -- Up-to-date symlink: /home/kha/robot_ws/install/rplidar_ros/share/rplidar_ros/local_setup.sh
[1.775s] -- Up-to-date symlink: /home/kha/robot_ws/install/rplidar_ros/share/rplidar_ros/local_setup.zsh
[1.776s] -- Up-to-date symlink: /home/kha/robot_ws/install/rplidar_ros/share/rplidar_ros/local_setup.dsv
[1.776s] -- Symlinking: /home/kha/robot_ws/install/rplidar_ros/share/rplidar_ros/package.dsv
[1.788s] -- Up-to-date symlink: /home/kha/robot_ws/install/rplidar_ros/share/ament_index/resource_index/packages/rplidar_ros
[1.789s] -- Up-to-date symlink: /home/kha/robot_ws/install/rplidar_ros/share/rplidar_ros/cmake/ament_cmake_export_dependencies-extras.cmake
[1.790s] -- Up-to-date symlink: /home/kha/robot_ws/install/rplidar_ros/share/rplidar_ros/cmake/ament_cmake_export_include_directories-extras.cmake
[1.790s] -- Up-to-date symlink: /home/kha/robot_ws/install/rplidar_ros/share/rplidar_ros/cmake/rplidar_rosConfig.cmake
[1.790s] -- Up-to-date symlink: /home/kha/robot_ws/install/rplidar_ros/share/rplidar_ros/cmake/rplidar_rosConfig-version.cmake
[1.790s] -- Up-to-date symlink: /home/kha/robot_ws/install/rplidar_ros/share/rplidar_ros/package.xml
[1.793s] Invoked command in '/home/kha/robot_ws/build/rplidar_ros' returned '0': CMAKE_PREFIX_PATH=${CMAKE_PREFIX_PATH}:/home/kha/robot_ws/install/ired_teleop:/home/kha/robot_ws/install/gantry_commander:/opt/ros/jazzy DEBUGINFOD_URLS=https://debuginfod.ubuntu.com /usr/bin/cmake --install /home/kha/robot_ws/build/rplidar_ros
