[0.289s] Invoking command in '/home/kha/robot_ws/build/ired_msgs': CMAKE_PREFIX_PATH=${CMAKE_PREFIX_PATH}:/home/kha/robot_ws/install/ired_teleop:/home/kha/robot_ws/install/gantry_commander:/opt/ros/jazzy DEBUGINFOD_URLS=https://debuginfod.ubuntu.com /usr/bin/cmake /home/kha/robot_ws/src/robot/ired_msgs -DCMAKE_INSTALL_PREFIX=/home/kha/robot_ws/install/ired_msgs
[0.596s] -- Found ament_cmake: 2.5.4 (/opt/ros/jazzy/share/ament_cmake/cmake)
[0.596s] -- Found Python3: /usr/bin/python3 (found version "3.12.3") found components: Interpreter 
[0.596s] -- Override CMake install command with custom implementation using symlinks instead of copying resources
[0.596s] -- Found std_msgs: 5.3.6 (/opt/ros/jazzy/share/std_msgs/cmake)
[0.596s] -- Found rosidl_generator_c: 4.6.6 (/opt/ros/jazzy/share/rosidl_generator_c/cmake)
[0.597s] -- Found rosidl_generator_cpp: 4.6.6 (/opt/ros/jazzy/share/rosidl_generator_cpp/cmake)
[0.597s] -- Using all available rosidl_typesupport_c: rosidl_typesupport_fastrtps_c;rosidl_typesupport_introspection_c
[0.597s] -- Using all available rosidl_typesupport_cpp: rosidl_typesupport_fastrtps_cpp;rosidl_typesupport_introspection_cpp
[0.597s] -- Found rosidl_default_generators: 1.6.0 (/opt/ros/jazzy/share/rosidl_default_generators/cmake)
[0.597s] -- Found rosidl_adapter: 4.6.6 (/opt/ros/jazzy/share/rosidl_adapter/cmake)
[1.029s] -- Found ament_cmake_ros: 0.12.0 (/opt/ros/jazzy/share/ament_cmake_ros/cmake)
[1.365s] -- Using all available rosidl_typesupport_c: rosidl_typesupport_fastrtps_c;rosidl_typesupport_introspection_c
[1.478s] -- Using all available rosidl_typesupport_cpp: rosidl_typesupport_fastrtps_cpp;rosidl_typesupport_introspection_cpp
[1.480s] -- Found python_cmake_module: 0.11.1 (/opt/ros/jazzy/share/python_cmake_module/cmake)
[1.868s] -- Found Python3: /usr/bin/python3 (found version "3.12.3") found components: Interpreter Development NumPy Development.Module Development.Embed 
[1.923s] -- Found ament_lint_auto: 0.17.3 (/opt/ros/jazzy/share/ament_lint_auto/cmake)
[1.938s] -- Added test 'lint_cmake' to check CMake code style
[1.939s] -- Added test 'xmllint' to check XML markup files
[1.943s] -- Configuring done (1.6s)
[2.026s] -- Generating done (0.1s)
[2.043s] -- Build files have been written to: /home/kha/robot_ws/build/ired_msgs
[2.054s] Invoked command in '/home/kha/robot_ws/build/ired_msgs' returned '0': CMAKE_PREFIX_PATH=${CMAKE_PREFIX_PATH}:/home/kha/robot_ws/install/ired_teleop:/home/kha/robot_ws/install/gantry_commander:/opt/ros/jazzy DEBUGINFOD_URLS=https://debuginfod.ubuntu.com /usr/bin/cmake /home/kha/robot_ws/src/robot/ired_msgs -DCMAKE_INSTALL_PREFIX=/home/kha/robot_ws/install/ired_msgs
[2.055s] Invoking command in '/home/kha/robot_ws/build/ired_msgs': CMAKE_PREFIX_PATH=${CMAKE_PREFIX_PATH}:/home/kha/robot_ws/install/ired_teleop:/home/kha/robot_ws/install/gantry_commander:/opt/ros/jazzy DEBUGINFOD_URLS=https://debuginfod.ubuntu.com /usr/bin/cmake --build /home/kha/robot_ws/build/ired_msgs -- -j12 -l12
[2.123s] [  1%] Built target ired_msgs__rosidl_generator_type_description
[2.135s] [  1%] Built target ament_cmake_python_symlink_ired_msgs
[2.155s] [  2%] Built target ired_msgs__cpp
[2.167s] [ 25%] Built target ired_msgs__rosidl_generator_c
[2.218s] [ 44%] Built target ired_msgs__rosidl_typesupport_c
[2.218s] [ 44%] Built target ired_msgs__rosidl_typesupport_introspection_c
[2.225s] [ 54%] Built target ired_msgs__rosidl_typesupport_fastrtps_c
[2.225s] [ 67%] Built target ired_msgs__rosidl_typesupport_cpp
[2.226s] [ 72%] Built target ired_msgs__rosidl_typesupport_fastrtps_cpp
[2.228s] [ 82%] Built target ired_msgs__rosidl_typesupport_introspection_cpp
[2.257s] [ 82%] Built target ired_msgs
[2.285s] [ 83%] Built target ired_msgs__py
[2.325s] [ 91%] Built target ired_msgs__rosidl_generator_py
[2.359s] [ 94%] Built target ired_msgs_s__rosidl_typesupport_introspection_c
[2.360s] [ 97%] Built target ired_msgs_s__rosidl_typesupport_c
[2.367s] [100%] Built target ired_msgs_s__rosidl_typesupport_fastrtps_c
[2.466s] running egg_info
[2.494s] writing ired_msgs.egg-info/PKG-INFO
[2.494s] writing dependency_links to ired_msgs.egg-info/dependency_links.txt
[2.494s] writing top-level names to ired_msgs.egg-info/top_level.txt
[2.580s] reading manifest file 'ired_msgs.egg-info/SOURCES.txt'
[2.580s] writing manifest file 'ired_msgs.egg-info/SOURCES.txt'
[2.617s] [100%] Built target ament_cmake_python_build_ired_msgs_egg
[2.632s] Invoked command in '/home/kha/robot_ws/build/ired_msgs' returned '0': CMAKE_PREFIX_PATH=${CMAKE_PREFIX_PATH}:/home/kha/robot_ws/install/ired_teleop:/home/kha/robot_ws/install/gantry_commander:/opt/ros/jazzy DEBUGINFOD_URLS=https://debuginfod.ubuntu.com /usr/bin/cmake --build /home/kha/robot_ws/build/ired_msgs -- -j12 -l12
[2.633s] Invoking command in '/home/kha/robot_ws/build/ired_msgs': CMAKE_PREFIX_PATH=${CMAKE_PREFIX_PATH}:/home/kha/robot_ws/install/ired_teleop:/home/kha/robot_ws/install/gantry_commander:/opt/ros/jazzy DEBUGINFOD_URLS=https://debuginfod.ubuntu.com /usr/bin/cmake --install /home/kha/robot_ws/build/ired_msgs
[2.644s] -- Install configuration: ""
[2.644s] -- Execute custom install script
[2.645s] -- Up-to-date symlink: /home/kha/robot_ws/install/ired_msgs/share/ament_index/resource_index/rosidl_interfaces/ired_msgs
[2.646s] -- Up-to-date symlink: /home/kha/robot_ws/install/ired_msgs/share/ired_msgs/msg/IMUData.json
[2.646s] -- Up-to-date symlink: /home/kha/robot_ws/install/ired_msgs/share/ired_msgs/msg/MotorControl.json
[2.646s] -- Up-to-date symlink: /home/kha/robot_ws/install/ired_msgs/share/ired_msgs/msg/MotorData.json
[2.647s] -- Up-to-date symlink: /home/kha/robot_ws/install/ired_msgs/share/ired_msgs/msg/MotorSpeed.json
[2.647s] -- Up-to-date symlink: /home/kha/robot_ws/install/ired_msgs/share/ired_msgs/srv/PIDTuning.json
[2.649s] -- Up-to-date symlink: /home/kha/robot_ws/install/ired_msgs/include/ired_msgs/ired_msgs/msg/detail/imu_data__functions.h
[2.649s] -- Up-to-date symlink: /home/kha/robot_ws/install/ired_msgs/include/ired_msgs/ired_msgs/msg/detail/imu_data__struct.h
[2.649s] -- Up-to-date symlink: /home/kha/robot_ws/install/ired_msgs/include/ired_msgs/ired_msgs/msg/detail/imu_data__type_support.h
[2.650s] -- Up-to-date symlink: /home/kha/robot_ws/install/ired_msgs/include/ired_msgs/ired_msgs/msg/detail/motor_control__functions.h
[2.650s] -- Up-to-date symlink: /home/kha/robot_ws/install/ired_msgs/include/ired_msgs/ired_msgs/msg/detail/motor_control__struct.h
[2.650s] -- Up-to-date symlink: /home/kha/robot_ws/install/ired_msgs/include/ired_msgs/ired_msgs/msg/detail/motor_control__type_support.h
[2.651s] -- Up-to-date symlink: /home/kha/robot_ws/install/ired_msgs/include/ired_msgs/ired_msgs/msg/detail/motor_data__functions.h
[2.651s] -- Up-to-date symlink: /home/kha/robot_ws/install/ired_msgs/include/ired_msgs/ired_msgs/msg/detail/motor_data__struct.h
[2.651s] -- Up-to-date symlink: /home/kha/robot_ws/install/ired_msgs/include/ired_msgs/ired_msgs/msg/detail/motor_data__type_support.h
[2.652s] -- Up-to-date symlink: /home/kha/robot_ws/install/ired_msgs/include/ired_msgs/ired_msgs/msg/detail/motor_speed__functions.h
[2.652s] -- Up-to-date symlink: /home/kha/robot_ws/install/ired_msgs/include/ired_msgs/ired_msgs/msg/detail/motor_speed__struct.h
[2.652s] -- Up-to-date symlink: /home/kha/robot_ws/install/ired_msgs/include/ired_msgs/ired_msgs/msg/detail/motor_speed__type_support.h
[2.653s] -- Up-to-date symlink: /home/kha/robot_ws/install/ired_msgs/include/ired_msgs/ired_msgs/msg/imu_data.h
[2.653s] -- Up-to-date symlink: /home/kha/robot_ws/install/ired_msgs/include/ired_msgs/ired_msgs/msg/motor_control.h
[2.654s] -- Up-to-date symlink: /home/kha/robot_ws/install/ired_msgs/include/ired_msgs/ired_msgs/msg/motor_data.h
[2.654s] -- Up-to-date symlink: /home/kha/robot_ws/install/ired_msgs/include/ired_msgs/ired_msgs/msg/motor_speed.h
[2.654s] -- Up-to-date symlink: /home/kha/robot_ws/install/ired_msgs/include/ired_msgs/ired_msgs/msg/rosidl_generator_c__visibility_control.h
[2.655s] -- Up-to-date symlink: /home/kha/robot_ws/install/ired_msgs/include/ired_msgs/ired_msgs/srv/detail/pid_tuning__functions.h
[2.655s] -- Up-to-date symlink: /home/kha/robot_ws/install/ired_msgs/include/ired_msgs/ired_msgs/srv/detail/pid_tuning__struct.h
[2.656s] -- Up-to-date symlink: /home/kha/robot_ws/install/ired_msgs/include/ired_msgs/ired_msgs/srv/detail/pid_tuning__type_support.h
[2.656s] -- Up-to-date symlink: /home/kha/robot_ws/install/ired_msgs/include/ired_msgs/ired_msgs/srv/pid_tuning.h
[2.656s] -- Up-to-date symlink: /home/kha/robot_ws/install/ired_msgs/share/ired_msgs/environment/library_path.sh
[2.656s] -- Up-to-date symlink: /home/kha/robot_ws/install/ired_msgs/share/ired_msgs/environment/library_path.dsv
[2.657s] -- Up-to-date symlink: /home/kha/robot_ws/install/ired_msgs/include/ired_msgs/ired_msgs/msg/detail/imu_data__rosidl_typesupport_fastrtps_c.h
[2.657s] -- Up-to-date symlink: /home/kha/robot_ws/install/ired_msgs/include/ired_msgs/ired_msgs/msg/detail/motor_control__rosidl_typesupport_fastrtps_c.h
[2.658s] -- Up-to-date symlink: /home/kha/robot_ws/install/ired_msgs/include/ired_msgs/ired_msgs/msg/detail/motor_data__rosidl_typesupport_fastrtps_c.h
[2.658s] -- Up-to-date symlink: /home/kha/robot_ws/install/ired_msgs/include/ired_msgs/ired_msgs/msg/detail/motor_speed__rosidl_typesupport_fastrtps_c.h
[2.658s] -- Up-to-date symlink: /home/kha/robot_ws/install/ired_msgs/include/ired_msgs/ired_msgs/msg/rosidl_typesupport_fastrtps_c__visibility_control.h
[2.659s] -- Up-to-date symlink: /home/kha/robot_ws/install/ired_msgs/include/ired_msgs/ired_msgs/srv/detail/pid_tuning__rosidl_typesupport_fastrtps_c.h
[2.659s] -- Up-to-date symlink: /home/kha/robot_ws/install/ired_msgs/include/ired_msgs/ired_msgs/msg/detail/imu_data__builder.hpp
[2.660s] -- Up-to-date symlink: /home/kha/robot_ws/install/ired_msgs/include/ired_msgs/ired_msgs/msg/detail/imu_data__struct.hpp
[2.660s] -- Up-to-date symlink: /home/kha/robot_ws/install/ired_msgs/include/ired_msgs/ired_msgs/msg/detail/imu_data__traits.hpp
[2.661s] -- Up-to-date symlink: /home/kha/robot_ws/install/ired_msgs/include/ired_msgs/ired_msgs/msg/detail/imu_data__type_support.hpp
[2.661s] -- Up-to-date symlink: /home/kha/robot_ws/install/ired_msgs/include/ired_msgs/ired_msgs/msg/detail/motor_control__builder.hpp
[2.661s] -- Up-to-date symlink: /home/kha/robot_ws/install/ired_msgs/include/ired_msgs/ired_msgs/msg/detail/motor_control__struct.hpp
[2.662s] -- Up-to-date symlink: /home/kha/robot_ws/install/ired_msgs/include/ired_msgs/ired_msgs/msg/detail/motor_control__traits.hpp
[2.662s] -- Up-to-date symlink: /home/kha/robot_ws/install/ired_msgs/include/ired_msgs/ired_msgs/msg/detail/motor_control__type_support.hpp
[2.663s] -- Up-to-date symlink: /home/kha/robot_ws/install/ired_msgs/include/ired_msgs/ired_msgs/msg/detail/motor_data__builder.hpp
[2.663s] -- Up-to-date symlink: /home/kha/robot_ws/install/ired_msgs/include/ired_msgs/ired_msgs/msg/detail/motor_data__struct.hpp
[2.663s] -- Up-to-date symlink: /home/kha/robot_ws/install/ired_msgs/include/ired_msgs/ired_msgs/msg/detail/motor_data__traits.hpp
[2.664s] -- Up-to-date symlink: /home/kha/robot_ws/install/ired_msgs/include/ired_msgs/ired_msgs/msg/detail/motor_data__type_support.hpp
[2.664s] -- Up-to-date symlink: /home/kha/robot_ws/install/ired_msgs/include/ired_msgs/ired_msgs/msg/detail/motor_speed__builder.hpp
[2.664s] -- Up-to-date symlink: /home/kha/robot_ws/install/ired_msgs/include/ired_msgs/ired_msgs/msg/detail/motor_speed__struct.hpp
[2.665s] -- Up-to-date symlink: /home/kha/robot_ws/install/ired_msgs/include/ired_msgs/ired_msgs/msg/detail/motor_speed__traits.hpp
[2.665s] -- Up-to-date symlink: /home/kha/robot_ws/install/ired_msgs/include/ired_msgs/ired_msgs/msg/detail/motor_speed__type_support.hpp
[2.665s] -- Up-to-date symlink: /home/kha/robot_ws/install/ired_msgs/include/ired_msgs/ired_msgs/msg/imu_data.hpp
[2.665s] -- Up-to-date symlink: /home/kha/robot_ws/install/ired_msgs/include/ired_msgs/ired_msgs/msg/motor_control.hpp
[2.666s] -- Up-to-date symlink: /home/kha/robot_ws/install/ired_msgs/include/ired_msgs/ired_msgs/msg/motor_data.hpp
[2.666s] -- Up-to-date symlink: /home/kha/robot_ws/install/ired_msgs/include/ired_msgs/ired_msgs/msg/motor_speed.hpp
[2.666s] -- Up-to-date symlink: /home/kha/robot_ws/install/ired_msgs/include/ired_msgs/ired_msgs/msg/rosidl_generator_cpp__visibility_control.hpp
[2.667s] -- Up-to-date symlink: /home/kha/robot_ws/install/ired_msgs/include/ired_msgs/ired_msgs/srv/detail/pid_tuning__builder.hpp
[2.667s] -- Up-to-date symlink: /home/kha/robot_ws/install/ired_msgs/include/ired_msgs/ired_msgs/srv/detail/pid_tuning__struct.hpp
[2.667s] -- Up-to-date symlink: /home/kha/robot_ws/install/ired_msgs/include/ired_msgs/ired_msgs/srv/detail/pid_tuning__traits.hpp
[2.668s] -- Up-to-date symlink: /home/kha/robot_ws/install/ired_msgs/include/ired_msgs/ired_msgs/srv/detail/pid_tuning__type_support.hpp
[2.668s] -- Up-to-date symlink: /home/kha/robot_ws/install/ired_msgs/include/ired_msgs/ired_msgs/srv/pid_tuning.hpp
[2.669s] -- Up-to-date symlink: /home/kha/robot_ws/install/ired_msgs/include/ired_msgs/ired_msgs/msg/detail/imu_data__rosidl_typesupport_fastrtps_cpp.hpp
[2.669s] -- Up-to-date symlink: /home/kha/robot_ws/install/ired_msgs/include/ired_msgs/ired_msgs/msg/detail/motor_control__rosidl_typesupport_fastrtps_cpp.hpp
[2.669s] -- Up-to-date symlink: /home/kha/robot_ws/install/ired_msgs/include/ired_msgs/ired_msgs/msg/detail/motor_data__rosidl_typesupport_fastrtps_cpp.hpp
[2.670s] -- Up-to-date symlink: /home/kha/robot_ws/install/ired_msgs/include/ired_msgs/ired_msgs/msg/detail/motor_speed__rosidl_typesupport_fastrtps_cpp.hpp
[2.670s] -- Up-to-date symlink: /home/kha/robot_ws/install/ired_msgs/include/ired_msgs/ired_msgs/msg/rosidl_typesupport_fastrtps_cpp__visibility_control.h
[2.670s] -- Up-to-date symlink: /home/kha/robot_ws/install/ired_msgs/include/ired_msgs/ired_msgs/srv/detail/pid_tuning__rosidl_typesupport_fastrtps_cpp.hpp
[2.671s] -- Up-to-date symlink: /home/kha/robot_ws/install/ired_msgs/include/ired_msgs/ired_msgs/msg/detail/imu_data__rosidl_typesupport_introspection_c.h
[2.671s] -- Up-to-date symlink: /home/kha/robot_ws/install/ired_msgs/include/ired_msgs/ired_msgs/msg/detail/motor_control__rosidl_typesupport_introspection_c.h
[2.672s] -- Up-to-date symlink: /home/kha/robot_ws/install/ired_msgs/include/ired_msgs/ired_msgs/msg/detail/motor_data__rosidl_typesupport_introspection_c.h
[2.672s] -- Up-to-date symlink: /home/kha/robot_ws/install/ired_msgs/include/ired_msgs/ired_msgs/msg/detail/motor_speed__rosidl_typesupport_introspection_c.h
[2.672s] -- Up-to-date symlink: /home/kha/robot_ws/install/ired_msgs/include/ired_msgs/ired_msgs/msg/rosidl_typesupport_introspection_c__visibility_control.h
[2.673s] -- Up-to-date symlink: /home/kha/robot_ws/install/ired_msgs/include/ired_msgs/ired_msgs/srv/detail/pid_tuning__rosidl_typesupport_introspection_c.h
[2.673s] -- Up-to-date symlink: /home/kha/robot_ws/install/ired_msgs/include/ired_msgs/ired_msgs/msg/detail/imu_data__rosidl_typesupport_introspection_cpp.hpp
[2.674s] -- Up-to-date symlink: /home/kha/robot_ws/install/ired_msgs/include/ired_msgs/ired_msgs/msg/detail/motor_control__rosidl_typesupport_introspection_cpp.hpp
[2.674s] -- Up-to-date symlink: /home/kha/robot_ws/install/ired_msgs/include/ired_msgs/ired_msgs/msg/detail/motor_data__rosidl_typesupport_introspection_cpp.hpp
[2.674s] -- Up-to-date symlink: /home/kha/robot_ws/install/ired_msgs/include/ired_msgs/ired_msgs/msg/detail/motor_speed__rosidl_typesupport_introspection_cpp.hpp
[2.674s] -- Up-to-date symlink: /home/kha/robot_ws/install/ired_msgs/include/ired_msgs/ired_msgs/srv/detail/pid_tuning__rosidl_typesupport_introspection_cpp.hpp
[2.675s] -- Up-to-date symlink: /home/kha/robot_ws/install/ired_msgs/share/ired_msgs/environment/pythonpath.sh
[2.675s] -- Up-to-date symlink: /home/kha/robot_ws/install/ired_msgs/share/ired_msgs/environment/pythonpath.dsv
[2.675s] -- Up-to-date symlink: /home/kha/robot_ws/install/ired_msgs/lib/python3.12/site-packages/ired_msgs-2.0.1-py3.12.egg-info/PKG-INFO
[2.676s] -- Up-to-date symlink: /home/kha/robot_ws/install/ired_msgs/lib/python3.12/site-packages/ired_msgs-2.0.1-py3.12.egg-info/SOURCES.txt
[2.676s] -- Up-to-date symlink: /home/kha/robot_ws/install/ired_msgs/lib/python3.12/site-packages/ired_msgs-2.0.1-py3.12.egg-info/dependency_links.txt
[2.676s] -- Up-to-date symlink: /home/kha/robot_ws/install/ired_msgs/lib/python3.12/site-packages/ired_msgs-2.0.1-py3.12.egg-info/top_level.txt
[2.677s] -- Up-to-date symlink: /home/kha/robot_ws/install/ired_msgs/lib/python3.12/site-packages/ired_msgs/__init__.py
[2.678s] -- Up-to-date symlink: /home/kha/robot_ws/install/ired_msgs/lib/python3.12/site-packages/ired_msgs/_ired_msgs_s.ep.rosidl_typesupport_c.c
[2.678s] -- Up-to-date symlink: /home/kha/robot_ws/install/ired_msgs/lib/python3.12/site-packages/ired_msgs/_ired_msgs_s.ep.rosidl_typesupport_fastrtps_c.c
[2.678s] -- Up-to-date symlink: /home/kha/robot_ws/install/ired_msgs/lib/python3.12/site-packages/ired_msgs/_ired_msgs_s.ep.rosidl_typesupport_introspection_c.c
[2.679s] -- Up-to-date symlink: /home/kha/robot_ws/install/ired_msgs/lib/python3.12/site-packages/ired_msgs/ired_msgs_s__rosidl_typesupport_c.so
[2.679s] -- Up-to-date symlink: /home/kha/robot_ws/install/ired_msgs/lib/python3.12/site-packages/ired_msgs/ired_msgs_s__rosidl_typesupport_fastrtps_c.so
[2.679s] -- Up-to-date symlink: /home/kha/robot_ws/install/ired_msgs/lib/python3.12/site-packages/ired_msgs/ired_msgs_s__rosidl_typesupport_introspection_c.so
[2.680s] -- Up-to-date symlink: /home/kha/robot_ws/install/ired_msgs/lib/python3.12/site-packages/ired_msgs/msg/__init__.py
[2.680s] -- Up-to-date symlink: /home/kha/robot_ws/install/ired_msgs/lib/python3.12/site-packages/ired_msgs/msg/_imu_data.py
[2.680s] -- Up-to-date symlink: /home/kha/robot_ws/install/ired_msgs/lib/python3.12/site-packages/ired_msgs/msg/_imu_data_s.c
[2.680s] -- Up-to-date symlink: /home/kha/robot_ws/install/ired_msgs/lib/python3.12/site-packages/ired_msgs/msg/_motor_control.py
[2.681s] -- Up-to-date symlink: /home/kha/robot_ws/install/ired_msgs/lib/python3.12/site-packages/ired_msgs/msg/_motor_control_s.c
[2.681s] -- Up-to-date symlink: /home/kha/robot_ws/install/ired_msgs/lib/python3.12/site-packages/ired_msgs/msg/_motor_data.py
[2.681s] -- Up-to-date symlink: /home/kha/robot_ws/install/ired_msgs/lib/python3.12/site-packages/ired_msgs/msg/_motor_data_s.c
[2.682s] -- Up-to-date symlink: /home/kha/robot_ws/install/ired_msgs/lib/python3.12/site-packages/ired_msgs/msg/_motor_speed.py
[2.682s] -- Up-to-date symlink: /home/kha/robot_ws/install/ired_msgs/lib/python3.12/site-packages/ired_msgs/msg/_motor_speed_s.c
[2.682s] -- Up-to-date symlink: /home/kha/robot_ws/install/ired_msgs/lib/python3.12/site-packages/ired_msgs/srv/__init__.py
[2.683s] -- Up-to-date symlink: /home/kha/robot_ws/install/ired_msgs/lib/python3.12/site-packages/ired_msgs/srv/_pid_tuning.py
[2.683s] -- Up-to-date symlink: /home/kha/robot_ws/install/ired_msgs/lib/python3.12/site-packages/ired_msgs/srv/_pid_tuning_s.c
[2.683s] -- Up-to-date symlink: /home/kha/robot_ws/install/ired_msgs/lib/python3.12/site-packages/ired_msgs/ired_msgs_s__rosidl_typesupport_fastrtps_c.so
[2.684s] -- Up-to-date symlink: /home/kha/robot_ws/install/ired_msgs/lib/python3.12/site-packages/ired_msgs/ired_msgs_s__rosidl_typesupport_introspection_c.so
[2.684s] -- Up-to-date symlink: /home/kha/robot_ws/install/ired_msgs/lib/python3.12/site-packages/ired_msgs/ired_msgs_s__rosidl_typesupport_c.so
[2.684s] -- Up-to-date symlink: /home/kha/robot_ws/install/ired_msgs/share/ired_msgs/msg/IMUData.idl
[2.684s] -- Up-to-date symlink: /home/kha/robot_ws/install/ired_msgs/share/ired_msgs/msg/MotorControl.idl
[2.685s] -- Up-to-date symlink: /home/kha/robot_ws/install/ired_msgs/share/ired_msgs/msg/MotorData.idl
[2.685s] -- Up-to-date symlink: /home/kha/robot_ws/install/ired_msgs/share/ired_msgs/msg/MotorSpeed.idl
[2.685s] -- Up-to-date symlink: /home/kha/robot_ws/install/ired_msgs/share/ired_msgs/srv/PIDTuning.idl
[2.686s] -- Up-to-date symlink: /home/kha/robot_ws/install/ired_msgs/share/ired_msgs/msg/IMUData.msg
[2.686s] -- Up-to-date symlink: /home/kha/robot_ws/install/ired_msgs/share/ired_msgs/msg/MotorControl.msg
[2.686s] -- Up-to-date symlink: /home/kha/robot_ws/install/ired_msgs/share/ired_msgs/msg/MotorData.msg
[2.686s] -- Up-to-date symlink: /home/kha/robot_ws/install/ired_msgs/share/ired_msgs/msg/MotorSpeed.msg
[2.687s] -- Up-to-date symlink: /home/kha/robot_ws/install/ired_msgs/share/ired_msgs/srv/PIDTuning.srv
[2.687s] -- Up-to-date symlink: /home/kha/robot_ws/install/ired_msgs/share/ament_index/resource_index/package_run_dependencies/ired_msgs
[2.687s] -- Up-to-date symlink: /home/kha/robot_ws/install/ired_msgs/share/ament_index/resource_index/parent_prefix_path/ired_msgs
[2.688s] -- Up-to-date symlink: /home/kha/robot_ws/install/ired_msgs/share/ired_msgs/environment/ament_prefix_path.sh
[2.688s] -- Up-to-date symlink: /home/kha/robot_ws/install/ired_msgs/share/ired_msgs/environment/ament_prefix_path.dsv
[2.688s] -- Up-to-date symlink: /home/kha/robot_ws/install/ired_msgs/share/ired_msgs/environment/path.sh
[2.688s] -- Up-to-date symlink: /home/kha/robot_ws/install/ired_msgs/share/ired_msgs/environment/path.dsv
[2.689s] -- Up-to-date symlink: /home/kha/robot_ws/install/ired_msgs/share/ired_msgs/local_setup.bash
[2.689s] -- Up-to-date symlink: /home/kha/robot_ws/install/ired_msgs/share/ired_msgs/local_setup.sh
[2.689s] -- Up-to-date symlink: /home/kha/robot_ws/install/ired_msgs/share/ired_msgs/local_setup.zsh
[2.690s] -- Up-to-date symlink: /home/kha/robot_ws/install/ired_msgs/share/ired_msgs/local_setup.dsv
[2.690s] -- Symlinking: /home/kha/robot_ws/install/ired_msgs/share/ired_msgs/package.dsv
[2.702s] -- Up-to-date symlink: /home/kha/robot_ws/install/ired_msgs/share/ament_index/resource_index/packages/ired_msgs
[2.702s] -- Up-to-date symlink: /home/kha/robot_ws/install/ired_msgs/share/ired_msgs/cmake/rosidl_cmake-extras.cmake
[2.703s] -- Up-to-date symlink: /home/kha/robot_ws/install/ired_msgs/share/ired_msgs/cmake/ament_cmake_export_dependencies-extras.cmake
[2.703s] -- Up-to-date symlink: /home/kha/robot_ws/install/ired_msgs/share/ired_msgs/cmake/ament_cmake_export_include_directories-extras.cmake
[2.703s] -- Up-to-date symlink: /home/kha/robot_ws/install/ired_msgs/share/ired_msgs/cmake/ament_cmake_export_libraries-extras.cmake
[2.704s] -- Up-to-date symlink: /home/kha/robot_ws/install/ired_msgs/share/ired_msgs/cmake/ament_cmake_export_targets-extras.cmake
[2.704s] -- Up-to-date symlink: /home/kha/robot_ws/install/ired_msgs/share/ired_msgs/cmake/rosidl_cmake_export_typesupport_targets-extras.cmake
[2.705s] -- Up-to-date symlink: /home/kha/robot_ws/install/ired_msgs/share/ired_msgs/cmake/rosidl_cmake_export_typesupport_libraries-extras.cmake
[2.705s] -- Up-to-date symlink: /home/kha/robot_ws/install/ired_msgs/share/ired_msgs/cmake/ired_msgsConfig.cmake
[2.705s] -- Up-to-date symlink: /home/kha/robot_ws/install/ired_msgs/share/ired_msgs/cmake/ired_msgsConfig-version.cmake
[2.705s] -- Up-to-date symlink: /home/kha/robot_ws/install/ired_msgs/share/ired_msgs/package.xml
[2.706s] -- Up-to-date: /home/kha/robot_ws/install/ired_msgs/lib/libired_msgs__rosidl_generator_c.so
[2.707s] -- Up-to-date: /home/kha/robot_ws/install/ired_msgs/lib/libired_msgs__rosidl_typesupport_fastrtps_c.so
[2.708s] -- Up-to-date: /home/kha/robot_ws/install/ired_msgs/lib/libired_msgs__rosidl_typesupport_fastrtps_cpp.so
[2.710s] -- Up-to-date: /home/kha/robot_ws/install/ired_msgs/lib/libired_msgs__rosidl_typesupport_introspection_c.so
[2.711s] -- Up-to-date: /home/kha/robot_ws/install/ired_msgs/lib/libired_msgs__rosidl_typesupport_c.so
[2.712s] -- Up-to-date: /home/kha/robot_ws/install/ired_msgs/lib/libired_msgs__rosidl_typesupport_introspection_cpp.so
[2.713s] -- Up-to-date: /home/kha/robot_ws/install/ired_msgs/lib/libired_msgs__rosidl_typesupport_cpp.so
[2.758s] Listing '/home/kha/robot_ws/install/ired_msgs/lib/python3.12/site-packages/ired_msgs'...
[2.758s] Compiling '/home/kha/robot_ws/install/ired_msgs/lib/python3.12/site-packages/ired_msgs/__init__.py'...
[2.758s] Listing '/home/kha/robot_ws/install/ired_msgs/lib/python3.12/site-packages/ired_msgs/msg'...
[2.758s] Listing '/home/kha/robot_ws/install/ired_msgs/lib/python3.12/site-packages/ired_msgs/srv'...
[2.764s] -- Up-to-date: /home/kha/robot_ws/install/ired_msgs/lib/libired_msgs__rosidl_generator_py.so
[2.765s] -- Up-to-date: /home/kha/robot_ws/install/ired_msgs/share/ired_msgs/cmake/export_ired_msgs__rosidl_generator_cExport.cmake
[2.765s] -- Up-to-date: /home/kha/robot_ws/install/ired_msgs/share/ired_msgs/cmake/export_ired_msgs__rosidl_generator_cExport-noconfig.cmake
[2.766s] -- Up-to-date: /home/kha/robot_ws/install/ired_msgs/share/ired_msgs/cmake/export_ired_msgs__rosidl_typesupport_fastrtps_cExport.cmake
[2.766s] -- Up-to-date: /home/kha/robot_ws/install/ired_msgs/share/ired_msgs/cmake/export_ired_msgs__rosidl_typesupport_fastrtps_cExport-noconfig.cmake
[2.766s] -- Up-to-date: /home/kha/robot_ws/install/ired_msgs/share/ired_msgs/cmake/export_ired_msgs__rosidl_generator_cppExport.cmake
[2.766s] -- Up-to-date: /home/kha/robot_ws/install/ired_msgs/share/ired_msgs/cmake/export_ired_msgs__rosidl_typesupport_fastrtps_cppExport.cmake
[2.766s] -- Up-to-date: /home/kha/robot_ws/install/ired_msgs/share/ired_msgs/cmake/export_ired_msgs__rosidl_typesupport_fastrtps_cppExport-noconfig.cmake
[2.766s] -- Up-to-date: /home/kha/robot_ws/install/ired_msgs/share/ired_msgs/cmake/ired_msgs__rosidl_typesupport_introspection_cExport.cmake
[2.766s] -- Up-to-date: /home/kha/robot_ws/install/ired_msgs/share/ired_msgs/cmake/ired_msgs__rosidl_typesupport_introspection_cExport-noconfig.cmake
[2.767s] -- Up-to-date: /home/kha/robot_ws/install/ired_msgs/share/ired_msgs/cmake/ired_msgs__rosidl_typesupport_cExport.cmake
[2.767s] -- Up-to-date: /home/kha/robot_ws/install/ired_msgs/share/ired_msgs/cmake/ired_msgs__rosidl_typesupport_cExport-noconfig.cmake
[2.767s] -- Up-to-date: /home/kha/robot_ws/install/ired_msgs/share/ired_msgs/cmake/ired_msgs__rosidl_typesupport_introspection_cppExport.cmake
[2.767s] -- Up-to-date: /home/kha/robot_ws/install/ired_msgs/share/ired_msgs/cmake/ired_msgs__rosidl_typesupport_introspection_cppExport-noconfig.cmake
[2.767s] -- Up-to-date: /home/kha/robot_ws/install/ired_msgs/share/ired_msgs/cmake/ired_msgs__rosidl_typesupport_cppExport.cmake
[2.767s] -- Up-to-date: /home/kha/robot_ws/install/ired_msgs/share/ired_msgs/cmake/ired_msgs__rosidl_typesupport_cppExport-noconfig.cmake
[2.768s] -- Up-to-date: /home/kha/robot_ws/install/ired_msgs/share/ired_msgs/cmake/export_ired_msgs__rosidl_generator_pyExport.cmake
[2.768s] -- Up-to-date: /home/kha/robot_ws/install/ired_msgs/share/ired_msgs/cmake/export_ired_msgs__rosidl_generator_pyExport-noconfig.cmake
[2.770s] Invoked command in '/home/kha/robot_ws/build/ired_msgs' returned '0': CMAKE_PREFIX_PATH=${CMAKE_PREFIX_PATH}:/home/kha/robot_ws/install/ired_teleop:/home/kha/robot_ws/install/gantry_commander:/opt/ros/jazzy DEBUGINFOD_URLS=https://debuginfod.ubuntu.com /usr/bin/cmake --install /home/kha/robot_ws/build/ired_msgs
