[1.444s] Invoking command in '/home/kha/robot_ws/src/gantry_commander': DEBUGINFOD_URLS=https://debuginfod.ubuntu.com PYTHONPATH=/home/kha/robot_ws/build/gantry_commander/prefix_override:/usr/lib/python3/dist-packages/colcon_core/task/python/colcon_distutils_commands:/home/kha/robot_ws/install/gantry_commander/lib/python3.12/site-packages:${PYTHONPATH} /usr/bin/python3 -W ignore:setup.py install is deprecated -W ignore:easy_install command is deprecated setup.py egg_info --egg-base ../../build/gantry_commander build --build-base /home/kha/robot_ws/build/gantry_commander/build install --record /home/kha/robot_ws/build/gantry_commander/install.log --single-version-externally-managed install_data
[1.761s] running egg_info
[1.786s] writing ../../build/gantry_commander/gantry_commander.egg-info/PKG-INFO
[1.786s] writing dependency_links to ../../build/gantry_commander/gantry_commander.egg-info/dependency_links.txt
[1.786s] writing entry points to ../../build/gantry_commander/gantry_commander.egg-info/entry_points.txt
[1.786s] writing requirements to ../../build/gantry_commander/gantry_commander.egg-info/requires.txt
[1.786s] writing top-level names to ../../build/gantry_commander/gantry_commander.egg-info/top_level.txt
[1.838s] reading manifest file '../../build/gantry_commander/gantry_commander.egg-info/SOURCES.txt'
[1.839s] writing manifest file '../../build/gantry_commander/gantry_commander.egg-info/SOURCES.txt'
[1.839s] running build
[1.839s] running build_py
[1.839s] copying gantry_commander/serial_bridge.py -> /home/kha/robot_ws/build/gantry_commander/build/lib/gantry_commander
[1.839s] running install
[1.846s] running install_lib
[1.871s] copying /home/kha/robot_ws/build/gantry_commander/build/lib/gantry_commander/serial_bridge.py -> /home/kha/robot_ws/install/gantry_commander/lib/python3.12/site-packages/gantry_commander
[1.872s] byte-compiling /home/kha/robot_ws/install/gantry_commander/lib/python3.12/site-packages/gantry_commander/serial_bridge.py to serial_bridge.cpython-312.pyc
[1.873s] running install_data
[1.873s] running install_egg_info
[1.901s] removing '/home/kha/robot_ws/install/gantry_commander/lib/python3.12/site-packages/gantry_commander-0.0.0-py3.12.egg-info' (and everything under it)
[1.901s] Copying ../../build/gantry_commander/gantry_commander.egg-info to /home/kha/robot_ws/install/gantry_commander/lib/python3.12/site-packages/gantry_commander-0.0.0-py3.12.egg-info
[1.902s] running install_scripts
[2.067s] Installing go_to_point script to /home/kha/robot_ws/install/gantry_commander/lib/gantry_commander
[2.067s] Installing serial_bridge script to /home/kha/robot_ws/install/gantry_commander/lib/gantry_commander
[2.067s] writing list of installed files to '/home/kha/robot_ws/build/gantry_commander/install.log'
[2.094s] Invoked command in '/home/kha/robot_ws/src/gantry_commander' returned '0': DEBUGINFOD_URLS=https://debuginfod.ubuntu.com PYTHONPATH=/home/kha/robot_ws/build/gantry_commander/prefix_override:/usr/lib/python3/dist-packages/colcon_core/task/python/colcon_distutils_commands:/home/kha/robot_ws/install/gantry_commander/lib/python3.12/site-packages:${PYTHONPATH} /usr/bin/python3 -W ignore:setup.py install is deprecated -W ignore:easy_install command is deprecated setup.py egg_info --egg-base ../../build/gantry_commander build --build-base /home/kha/robot_ws/build/gantry_commander/build install --record /home/kha/robot_ws/build/gantry_commander/install.log --single-version-externally-managed install_data
